<?xml version="1.0" encoding="utf-8"?>
<TestRun id="3a42c545-575a-4f30-ae15-742c1c94a060" name="@Williams-MacBook-Pro 2026-01-14 09:15:26" xmlns="http://microsoft.com/schemas/VisualStudio/TeamTest/2010">
  <Times creation="2026-01-14T09:15:26.7220720+01:00" queuing="2026-01-14T09:15:26.7220720+01:00" start="2026-01-14T09:15:26.3052520+01:00" finish="2026-01-14T09:15:27.2114090+01:00" />
  <TestSettings name="default" id="fc5417fb-b6a3-4dd9-8537-a2c39ec0e100">
    <Deployment runDeploymentRoot="_Williams-MacBook-Pro_2026-01-14_09_15_26" />
  </TestSettings>
  <Results>
    <UnitTestResult executionId="957c91d8-1e78-4a05-be5c-76d4ef05f12f" testId="3d7093be-9fe0-8cc1-8e99-4a2f45f15451" testName="Api.Tests.Features.Booking.Services.PaymentPolicyServiceTests.Should_ReturnPaymentWindowMinutes" computerName="Williams-MacBook-Pro" duration="00:00:00.0002364" startTime="2026-01-14T09:15:26.7254760+01:00" endTime="2026-01-14T09:15:26.7255080+01:00" testType="13cdc9d9-ddb5-4fa4-a97d-d965ccfc6d4b" outcome="Passed" testListId="8c84fa94-04c1-424b-9868-57a2d4851a1d" relativeResultsDirectory="957c91d8-1e78-4a05-be5c-76d4ef05f12f" />
    <UnitTestResult executionId="97fd76a7-4113-41a0-9ec4-95f1460f2379" testId="be316d65-2d27-2f8b-618d-41a6e7ce35e0" testName="Api.Tests.Features.PaymentPolicy.Commands.CreatePaymentPolicyCommandTests.Should_SetDefaultValues_ForBooleans" computerName="Williams-MacBook-Pro" duration="00:00:00.0006014" startTime="2026-01-14T09:15:27.0778170+01:00" endTime="2026-01-14T09:15:27.0783770+01:00" testType="13cdc9d9-ddb5-4fa4-a97d-d965ccfc6d4b" outcome="Passed" testListId="8c84fa94-04c1-424b-9868-57a2d4851a1d" relativeResultsDirectory="97fd76a7-4113-41a0-9ec4-95f1460f2379" />
    <UnitTestResult executionId="3d08016d-3a49-49b4-b8e4-f5561250d1b4" testId="1853ecb3-ce69-e14d-46aa-348069538039" testName="Api.Tests.Features.Booking.Services.BookingPolicyServiceTests.Should_NotSetRequiresApproval_WhenPolicyDoesNotRequireIt" computerName="Williams-MacBook-Pro" duration="00:00:00.0004548" startTime="2026-01-14T09:15:26.7068120+01:00" endTime="2026-01-14T09:15:26.7069740+01:00" testType="13cdc9d9-ddb5-4fa4-a97d-d965ccfc6d4b" outcome="Passed" testListId="8c84fa94-04c1-424b-9868-57a2d4851a1d" relativeResultsDirectory="3d08016d-3a49-49b4-b8e4-f5561250d1b4" />
    <UnitTestResult executionId="83568c30-7d87-44c5-8515-8059a54381da" testId="c12250c8-4a7f-ead0-8d6b-67b2137ab4ba" testName="Api.Tests.Features.Booking.Services.PaymentPolicyServiceTests.Should_ReturnPaymentOptions_AllowPayLater" computerName="Williams-MacBook-Pro" duration="00:00:00.0002349" startTime="2026-01-14T09:15:26.7290600+01:00" endTime="2026-01-14T09:15:26.7290830+01:00" testType="13cdc9d9-ddb5-4fa4-a97d-d965ccfc6d4b" outcome="Passed" testListId="8c84fa94-04c1-424b-9868-57a2d4851a1d" relativeResultsDirectory="83568c30-7d87-44c5-8515-8059a54381da" />
    <UnitTestResult executionId="65c616d9-95c1-4656-a062-6d5541004b94" testId="671db62a-0b55-4379-fb8b-7ce91828c5c1" testName="Api.Tests.Features.BookingPolicy.Commands.CreateBookingPolicyCommandTests.Should_ValidateMaxBookingsPerPeriodDays_GreaterThanZero" computerName="Williams-MacBook-Pro" duration="00:00:00.0010139" startTime="2026-01-14T09:15:27.0704060+01:00" endTime="2026-01-14T09:15:27.0713960+01:00" testType="13cdc9d9-ddb5-4fa4-a97d-d965ccfc6d4b" outcome="Passed" testListId="8c84fa94-04c1-424b-9868-57a2d4851a1d" relativeResultsDirectory="65c616d9-95c1-4656-a062-6d5541004b94" />
    <UnitTestResult executionId="90e32870-0017-4e71-b249-5fdab4816f36" testId="13475220-9cf0-1a0b-e30b-893e4a080da1" testName="Api.Tests.Features.Booking.Services.PaymentPolicyServiceTests.Should_ReturnNullDeposit_WhenDepositPercentIsZero" computerName="Williams-MacBook-Pro" duration="00:00:00.0003101" startTime="2026-01-14T09:15:26.7299670+01:00" endTime="2026-01-14T09:15:26.7301020+01:00" testType="13cdc9d9-ddb5-4fa4-a97d-d965ccfc6d4b" outcome="Passed" testListId="8c84fa94-04c1-424b-9868-57a2d4851a1d" relativeResultsDirectory="90e32870-0017-4e71-b249-5fdab4816f36" />
    <UnitTestResult executionId="41dafd51-faf4-4aa0-a2ec-aa0d3214fd5c" testId="6176d34b-eed2-1d38-f4f8-1a9242712306" testName="Api.Tests.Features.Booking.Services.BookingPolicyServiceTests.Should_OfferWaitlist_WhenMaxActiveBookingsExceeded_AndWaitlistAllowed" computerName="Williams-MacBook-Pro" duration="00:00:00.0003164" startTime="2026-01-14T09:15:26.7044690+01:00" endTime="2026-01-14T09:15:26.7047090+01:00" testType="13cdc9d9-ddb5-4fa4-a97d-d965ccfc6d4b" outcome="Passed" testListId="8c84fa94-04c1-424b-9868-57a2d4851a1d" relativeResultsDirectory="41dafd51-faf4-4aa0-a2ec-aa0d3214fd5c" />
    <UnitTestResult executionId="e3075435-7d68-411c-968c-21aa77a032e0" testId="c20c0ff7-2c7e-f100-d424-9aa847383ef5" testName="Api.Tests.Features.Booking.Services.BookingPolicyServiceTests.Should_CheckMaxActiveBookingsFirst_BeforeOtherConstraints" computerName="Williams-MacBook-Pro" duration="00:00:00.0063525" startTime="2026-01-14T09:15:26.6676850+01:00" endTime="2026-01-14T09:15:26.6792790+01:00" testType="13cdc9d9-ddb5-4fa4-a97d-d965ccfc6d4b" outcome="Passed" testListId="8c84fa94-04c1-424b-9868-57a2d4851a1d" relativeResultsDirectory="e3075435-7d68-411c-968c-21aa77a032e0" />
    <UnitTestResult executionId="56908060-79a4-4c79-8152-6e84dcbcd419" testId="c7fd2aef-3272-2e5c-0208-245798d2e9c6" testName="Api.Tests.Features.Booking.Services.CancellationPolicyServiceTests.Should_ReturnCorrectRefundMethod_NoRefund" computerName="Williams-MacBook-Pro" duration="00:00:00.0002328" startTime="2026-01-14T09:15:26.7011060+01:00" endTime="2026-01-14T09:15:26.7045040+01:00" testType="13cdc9d9-ddb5-4fa4-a97d-d965ccfc6d4b" outcome="Passed" testListId="8c84fa94-04c1-424b-9868-57a2d4851a1d" relativeResultsDirectory="56908060-79a4-4c79-8152-6e84dcbcd419" />
    <UnitTestResult executionId="6f447abd-b61f-470f-8c3f-f35809a55e68" testId="1aa88d2b-bdee-8ce7-70b3-acba1fcef3af" testName="Api.Tests.Features.PaymentPolicy.Queries.GetAllPaymentPoliciesQueryTests.Should_NotReturnOtherTenantsPolicies_WhenFilteredByTenant" computerName="Williams-MacBook-Pro" duration="00:00:00.0008893" startTime="2026-01-14T09:15:27.1832080+01:00" endTime="2026-01-14T09:15:27.1838150+01:00" testType="13cdc9d9-ddb5-4fa4-a97d-d965ccfc6d4b" outcome="Passed" testListId="8c84fa94-04c1-424b-9868-57a2d4851a1d" relativeResultsDirectory="6f447abd-b61f-470f-8c3f-f35809a55e68" />
    <UnitTestResult executionId="f7a9eb70-b011-4df3-962c-0b1e45e880be" testId="f8b3af9f-db86-1255-00cb-9f2c0e0c9c2d" testName="Api.Tests.Features.Booking.Services.BookingPolicyServiceTests.Should_BlockBooking_WhenWithinMinAdvanceBookingMinutes" computerName="Williams-MacBook-Pro" duration="00:00:00.0002961" startTime="2026-01-14T09:15:26.7072730+01:00" endTime="2026-01-14T09:15:26.7073680+01:00" testType="13cdc9d9-ddb5-4fa4-a97d-d965ccfc6d4b" outcome="Passed" testListId="8c84fa94-04c1-424b-9868-57a2d4851a1d" relativeResultsDirectory="f7a9eb70-b011-4df3-962c-0b1e45e880be" />
    <UnitTestResult executionId="6f71694e-3af5-4437-b926-78b5c788da29" testId="6f1a66f2-184e-3014-a6da-7da47fed5e90" testName="Api.Tests.Features.CancellationPolicy.Queries.GetAllCancellationPoliciesQueryTests.Should_IncludeTenantDisplayFromNavigation" computerName="Williams-MacBook-Pro" duration="00:00:00.0024132" startTime="2026-01-14T09:15:27.1551770+01:00" endTime="2026-01-14T09:15:27.1574410+01:00" testType="13cdc9d9-ddb5-4fa4-a97d-d965ccfc6d4b" outcome="Passed" testListId="8c84fa94-04c1-424b-9868-57a2d4851a1d" relativeResultsDirectory="6f71694e-3af5-4437-b926-78b5c788da29" />
    <UnitTestResult executionId="ce81cb41-ae7c-4eea-9e94-e8f796ac45e7" testId="0daaf44c-1222-c269-2502-fb67108c9431" testName="Api.Tests.Features.Booking.Services.CancellationPolicyServiceTests.Should_ReturnFreeCancellation_When24HourPolicy_AndBooking2DaysAway" computerName="Williams-MacBook-Pro" duration="00:00:00.0003360" startTime="2026-01-14T09:15:26.7073470+01:00" endTime="2026-01-14T09:15:26.7074400+01:00" testType="13cdc9d9-ddb5-4fa4-a97d-d965ccfc6d4b" outcome="Passed" testListId="8c84fa94-04c1-424b-9868-57a2d4851a1d" relativeResultsDirectory="ce81cb41-ae7c-4eea-9e94-e8f796ac45e7" />
    <UnitTestResult executionId="2981f0b4-3a8c-4857-9f45-f7a0d5ba3ade" testId="016137b8-eb12-ff4e-466e-e19cd39af313" testName="Api.Tests.Features.BookingPolicy.Queries.GetAllBookingPoliciesQueryTests.Should_ReturnPoliciesForSpecificTenant" computerName="Williams-MacBook-Pro" duration="00:00:00.4865379" startTime="2026-01-14T09:15:26.6676360+01:00" endTime="2026-01-14T09:15:27.1550340+01:00" testType="13cdc9d9-ddb5-4fa4-a97d-d965ccfc6d4b" outcome="Passed" testListId="8c84fa94-04c1-424b-9868-57a2d4851a1d" relativeResultsDirectory="2981f0b4-3a8c-4857-9f45-f7a0d5ba3ade" />
    <UnitTestResult executionId="202e36d8-3018-4e05-9ef8-6953120646d4" testId="7071acc6-5284-289d-880d-df4a0b805ce9" testName="Api.Tests.Features.BookingPolicy.Commands.CreateBookingPolicyCommandTests.Should_TrimWhitespace_FromName" computerName="Williams-MacBook-Pro" duration="00:00:00.0005530" startTime="2026-01-14T09:15:27.0757370+01:00" endTime="2026-01-14T09:15:27.0764360+01:00" testType="13cdc9d9-ddb5-4fa4-a97d-d965ccfc6d4b" outcome="Passed" testListId="8c84fa94-04c1-424b-9868-57a2d4851a1d" relativeResultsDirectory="202e36d8-3018-4e05-9ef8-6953120646d4" />
    <UnitTestResult executionId="e8459f2e-1034-4d42-9195-d83ae0ece14a" testId="75e607ad-ff97-3907-cd1c-5e661c413c8e" testName="Api.Tests.Features.PaymentPolicy.Commands.CreatePaymentPolicyCommandTests.Should_FailIfCurrencyIsWhitespaceOnly" computerName="Williams-MacBook-Pro" duration="00:00:00.0006332" startTime="2026-01-14T09:15:27.0624260+01:00" endTime="2026-01-14T09:15:27.0630250+01:00" testType="13cdc9d9-ddb5-4fa4-a97d-d965ccfc6d4b" outcome="Passed" testListId="8c84fa94-04c1-424b-9868-57a2d4851a1d" relativeResultsDirectory="e8459f2e-1034-4d42-9195-d83ae0ece14a" />
    <UnitTestResult executionId="6d1863bc-0bf4-45b7-a2f5-e3021ead50d7" testId="78b4ddaa-d9c2-c62e-ed26-affa6396890a" testName="Api.Tests.Features.Booking.Services.PaymentPolicyServiceTests.Should_ReturnCorrectCurrency" computerName="Williams-MacBook-Pro" duration="00:00:00.0002550" startTime="2026-01-14T09:15:26.7253850+01:00" endTime="2026-01-14T09:15:26.7254150+01:00" testType="13cdc9d9-ddb5-4fa4-a97d-d965ccfc6d4b" outcome="Passed" testListId="8c84fa94-04c1-424b-9868-57a2d4851a1d" relativeResultsDirectory="6d1863bc-0bf4-45b7-a2f5-e3021ead50d7" />
    <UnitTestResult executionId="acd7b5d5-497e-4324-a2fa-e30710b9d295" testId="b06411ea-95c5-6d8e-d46f-6717efbe6a94" testName="Api.Tests.Features.Booking.Services.BookingPolicyServiceTests.Should_AllowBooking_WhenUserBelowMaxActiveBookings" computerName="Williams-MacBook-Pro" duration="00:00:00.0002948" startTime="2026-01-14T09:15:26.7000100+01:00" endTime="2026-01-14T09:15:26.7006040+01:00" testType="13cdc9d9-ddb5-4fa4-a97d-d965ccfc6d4b" outcome="Passed" testListId="8c84fa94-04c1-424b-9868-57a2d4851a1d" relativeResultsDirectory="acd7b5d5-497e-4324-a2fa-e30710b9d295" />
    <UnitTestResult executionId="222136eb-d41f-4208-b716-2f436c488314" testId="ae5ba221-fed3-2f4a-1538-bb024117e32c" testName="Api.Tests.Features.CancellationPolicy.Commands.CreateCancellationPolicyCommandTests.Should_ValidateLateCancellationFeePercent_Between0And100" computerName="Williams-MacBook-Pro" duration="00:00:00.3903066" startTime="2026-01-14T09:15:26.6676960+01:00" endTime="2026-01-14T09:15:27.0586450+01:00" testType="13cdc9d9-ddb5-4fa4-a97d-d965ccfc6d4b" outcome="Passed" testListId="8c84fa94-04c1-424b-9868-57a2d4851a1d" relativeResultsDirectory="222136eb-d41f-4208-b716-2f436c488314" />
    <UnitTestResult executionId="8ed757d4-9784-4583-af4d-02a00b34e739" testId="44a05e9a-5641-966a-daff-15ee2bdb84de" testName="Api.Tests.Features.Booking.Services.PaymentPolicyServiceTests.Should_SupportMultipleCurrencies(currency: &quot;GBP&quot;)" computerName="Williams-MacBook-Pro" duration="00:00:00.0011974" startTime="2026-01-14T09:15:26.7013070+01:00" endTime="2026-01-14T09:15:26.7051350+01:00" testType="13cdc9d9-ddb5-4fa4-a97d-d965ccfc6d4b" outcome="Passed" testListId="8c84fa94-04c1-424b-9868-57a2d4851a1d" relativeResultsDirectory="8ed757d4-9784-4583-af4d-02a00b34e739" />
    <UnitTestResult executionId="d9cad4aa-6e5b-46a1-8a88-160a48bfac7b" testId="0dffe44e-ea52-ff04-deca-ec3a763d6434" testName="Api.Tests.Features.PaymentPolicy.Commands.CreatePaymentPolicyCommandTests.Should_ValidatePaymentWindowMinutes_GreaterThanZero" computerName="Williams-MacBook-Pro" duration="00:00:00.0005992" startTime="2026-01-14T09:15:27.0749330+01:00" endTime="2026-01-14T09:15:27.0754330+01:00" testType="13cdc9d9-ddb5-4fa4-a97d-d965ccfc6d4b" outcome="Passed" testListId="8c84fa94-04c1-424b-9868-57a2d4851a1d" relativeResultsDirectory="d9cad4aa-6e5b-46a1-8a88-160a48bfac7b" />
    <UnitTestResult executionId="0c369d6d-f19b-4b1b-a21c-9163a8e0ced2" testId="d082dd30-9de6-c794-b693-38b4cd73331a" testName="Api.Tests.Features.Booking.Services.CancellationPolicyServiceTests.Should_ReturnFreeCancellation_WhenWithinFreeCancellationWindow" computerName="Williams-MacBook-Pro" duration="00:00:00.0003108" startTime="2026-01-14T09:15:26.7067410+01:00" endTime="2026-01-14T09:15:26.7068330+01:00" testType="13cdc9d9-ddb5-4fa4-a97d-d965ccfc6d4b" outcome="Passed" testListId="8c84fa94-04c1-424b-9868-57a2d4851a1d" relativeResultsDirectory="0c369d6d-f19b-4b1b-a21c-9163a8e0ced2" />
    <UnitTestResult executionId="4922a9d8-e3c7-42b8-adcd-70c812582c1e" testId="0269b121-4068-4649-4b4f-d470237a959f" testName="Api.Tests.Features.CancellationPolicy.Commands.CreateCancellationPolicyCommandTests.Should_CreateCancellationPolicy_WithValidData" computerName="Williams-MacBook-Pro" duration="00:00:00.0007577" startTime="2026-01-14T09:15:27.0712390+01:00" endTime="2026-01-14T09:15:27.0715810+01:00" testType="13cdc9d9-ddb5-4fa4-a97d-d965ccfc6d4b" outcome="Passed" testListId="8c84fa94-04c1-424b-9868-57a2d4851a1d" relativeResultsDirectory="4922a9d8-e3c7-42b8-adcd-70c812582c1e" />
    <UnitTestResult executionId="95d8f51b-9259-4835-afa4-78f0ea0db32e" testId="37c68ea7-c48e-0227-899e-6bd1215f42a0" testName="Api.Tests.Features.PaymentPolicy.Commands.CreatePaymentPolicyCommandTests.Should_CreatePolicy_WithAllFieldsSet" computerName="Williams-MacBook-Pro" duration="00:00:00.0017689" startTime="2026-01-14T09:15:27.0606030+01:00" endTime="2026-01-14T09:15:27.0623460+01:00" testType="13cdc9d9-ddb5-4fa4-a97d-d965ccfc6d4b" outcome="Passed" testListId="8c84fa94-04c1-424b-9868-57a2d4851a1d" relativeResultsDirectory="95d8f51b-9259-4835-afa4-78f0ea0db32e" />
    <UnitTestResult executionId="ecc3a7c1-b5f5-4b55-ba21-34134a843872" testId="12f159a4-08be-a188-4142-ee2a6486d871" testName="Api.Tests.Features.CancellationPolicy.Commands.CreateCancellationPolicyCommandTests.Should_PersistPolicyToDatabase" computerName="Williams-MacBook-Pro" duration="00:00:00.0009707" startTime="2026-01-14T09:15:27.0716370+01:00" endTime="2026-01-14T09:15:27.0725690+01:00" testType="13cdc9d9-ddb5-4fa4-a97d-d965ccfc6d4b" outcome="Passed" testListId="8c84fa94-04c1-424b-9868-57a2d4851a1d" relativeResultsDirectory="ecc3a7c1-b5f5-4b55-ba21-34134a843872" />
    <UnitTestResult executionId="f9592595-071d-4bb8-b95d-8318e79ef968" testId="880b483e-cda1-c41e-899e-0b6abcda4277" testName="Api.Tests.Features.CancellationPolicy.Commands.CreateCancellationPolicyCommandTests.Should_ValidateLateCancellationFeePercent_NegativeValue" computerName="Williams-MacBook-Pro" duration="00:00:00.0005429" startTime="2026-01-14T09:15:27.0737520+01:00" endTime="2026-01-14T09:15:27.0743170+01:00" testType="13cdc9d9-ddb5-4fa4-a97d-d965ccfc6d4b" outcome="Passed" testListId="8c84fa94-04c1-424b-9868-57a2d4851a1d" relativeResultsDirectory="f9592595-071d-4bb8-b95d-8318e79ef968" />
    <UnitTestResult executionId="142262a9-df68-4738-80ec-54a5f370791e" testId="5bc5e50b-a326-e1d8-34c4-cfaf5572766d" testName="Api.Tests.Features.Booking.Services.PaymentPolicyServiceTests.Should_HandleZeroGuests" computerName="Williams-MacBook-Pro" duration="00:00:00.0003420" startTime="2026-01-14T09:15:26.7059980+01:00" endTime="2026-01-14T09:15:26.7065280+01:00" testType="13cdc9d9-ddb5-4fa4-a97d-d965ccfc6d4b" outcome="Passed" testListId="8c84fa94-04c1-424b-9868-57a2d4851a1d" relativeResultsDirectory="142262a9-df68-4738-80ec-54a5f370791e" />
    <UnitTestResult executionId="cd7d9ad8-8de2-43fc-b618-777eb585ac72" testId="5620bae9-9b2b-b8cb-3b17-ac1edad720b8" testName="Api.Tests.Features.BookingPolicy.Commands.CreateBookingPolicyCommandTests.Should_FailIfTenantDoesNotExist" computerName="Williams-MacBook-Pro" duration="00:00:00.0050251" startTime="2026-01-14T09:15:27.0699130+01:00" endTime="2026-01-14T09:15:27.0703490+01:00" testType="13cdc9d9-ddb5-4fa4-a97d-d965ccfc6d4b" outcome="Passed" testListId="8c84fa94-04c1-424b-9868-57a2d4851a1d" relativeResultsDirectory="cd7d9ad8-8de2-43fc-b618-777eb585ac72" />
    <UnitTestResult executionId="86f6e68d-c92a-4023-82b3-cc1c2ac781f4" testId="49d456cc-ced9-12f5-e709-a6da5f3adcef" testName="Api.Tests.Features.Booking.Services.BookingPolicyServiceTests.Should_AllowBooking_WhenAllConstraintsPass" computerName="Williams-MacBook-Pro" duration="00:00:00.0003104" startTime="2026-01-14T09:15:26.7060750+01:00" endTime="2026-01-14T09:15:26.7066130+01:00" testType="13cdc9d9-ddb5-4fa4-a97d-d965ccfc6d4b" outcome="Passed" testListId="8c84fa94-04c1-424b-9868-57a2d4851a1d" relativeResultsDirectory="86f6e68d-c92a-4023-82b3-cc1c2ac781f4" />
    <UnitTestResult executionId="674be702-2738-4188-8d39-e8924119859b" testId="5dfbb6e8-9120-b067-7cd2-77fb816665db" testName="Api.Tests.Features.BookingPolicy.Queries.GetAllBookingPoliciesQueryTests.Should_HandleLastPageWithFewerItems" computerName="Williams-MacBook-Pro" duration="00:00:00.0017250" startTime="2026-01-14T09:15:27.1767210+01:00" endTime="2026-01-14T09:15:27.1784420+01:00" testType="13cdc9d9-ddb5-4fa4-a97d-d965ccfc6d4b" outcome="Passed" testListId="8c84fa94-04c1-424b-9868-57a2d4851a1d" relativeResultsDirectory="674be702-2738-4188-8d39-e8924119859b" />
    <UnitTestResult executionId="affcb22c-13d7-4722-8482-bbe5b1ccbe5c" testId="87b698d9-7e1e-7516-40bf-9c384c34b53f" testName="Api.Tests.Features.PaymentPolicy.Commands.CreatePaymentPolicyCommandTests.Should_TrimWhitespace_FromInputFields" computerName="Williams-MacBook-Pro" duration="00:00:00.0006017" startTime="2026-01-14T09:15:27.0641860+01:00" endTime="2026-01-14T09:15:27.0648080+01:00" testType="13cdc9d9-ddb5-4fa4-a97d-d965ccfc6d4b" outcome="Passed" testListId="8c84fa94-04c1-424b-9868-57a2d4851a1d" relativeResultsDirectory="affcb22c-13d7-4722-8482-bbe5b1ccbe5c" />
    <UnitTestResult executionId="86c58fe6-775e-473f-9d7a-337781bf6b94" testId="e97c35b8-a562-4c49-c868-e6b8f1777ff8" testName="Api.Tests.Features.PaymentPolicy.Commands.CreatePaymentPolicyCommandTests.Should_FailIfNameIsEmpty" computerName="Williams-MacBook-Pro" duration="00:00:00.0004790" startTime="2026-01-14T09:15:27.0732630+01:00" endTime="2026-01-14T09:15:27.0734690+01:00" testType="13cdc9d9-ddb5-4fa4-a97d-d965ccfc6d4b" outcome="Passed" testListId="8c84fa94-04c1-424b-9868-57a2d4851a1d" relativeResultsDirectory="86c58fe6-775e-473f-9d7a-337781bf6b94" />
    <UnitTestResult executionId="fea5cfa3-8c09-4384-bba0-8d3c43517cec" testId="e2c219e5-a6da-21f1-4f2f-76153cbbd66a" testName="Api.Tests.Features.CancellationPolicy.Queries.GetAllCancellationPoliciesQueryTests.Should_ReturnPoliciesForSpecificTenant" computerName="Williams-MacBook-Pro" duration="00:00:00.4865341" startTime="2026-01-14T09:15:26.6676660+01:00" endTime="2026-01-14T09:15:27.1549890+01:00" testType="13cdc9d9-ddb5-4fa4-a97d-d965ccfc6d4b" outcome="Passed" testListId="8c84fa94-04c1-424b-9868-57a2d4851a1d" relativeResultsDirectory="fea5cfa3-8c09-4384-bba0-8d3c43517cec" />
    <UnitTestResult executionId="e9a07159-27d8-47f8-86b3-241363748f0f" testId="077bd792-41de-5813-a978-c32c0cc6b84a" testName="Api.Tests.Features.Booking.Services.PaymentPolicyServiceTests.Should_ReturnNullDeposit_WhenDepositPercentIsNull" computerName="Williams-MacBook-Pro" duration="00:00:00.0002400" startTime="2026-01-14T09:15:26.7292850+01:00" endTime="2026-01-14T09:15:26.7293070+01:00" testType="13cdc9d9-ddb5-4fa4-a97d-d965ccfc6d4b" outcome="Passed" testListId="8c84fa94-04c1-424b-9868-57a2d4851a1d" relativeResultsDirectory="e9a07159-27d8-47f8-86b3-241363748f0f" />
    <UnitTestResult executionId="0b29093e-a40a-4bbf-a850-3784eeef1f32" testId="1638612c-e667-3274-a2ae-773d225a80a4" testName="Api.Tests.Features.CancellationPolicy.Commands.CreateCancellationPolicyCommandTests.Should_SetCreatedAtTimestamp" computerName="Williams-MacBook-Pro" duration="00:00:00.0011370" startTime="2026-01-14T09:15:27.0607810+01:00" endTime="2026-01-14T09:15:27.0619620+01:00" testType="13cdc9d9-ddb5-4fa4-a97d-d965ccfc6d4b" outcome="Passed" testListId="8c84fa94-04c1-424b-9868-57a2d4851a1d" relativeResultsDirectory="0b29093e-a40a-4bbf-a850-3784eeef1f32" />
    <UnitTestResult executionId="ed5ca2c9-adda-4a9b-86c0-4f56f703d561" testId="0fbcc648-95e5-bb52-5a5c-ae25482a34a2" testName="Api.Tests.Features.BookingPolicy.Commands.CreateBookingPolicyCommandTests.Should_ValidateMaxActiveBookingsPerUser_GreaterThanZero_IfProvided" computerName="Williams-MacBook-Pro" duration="00:00:00.0005815" startTime="2026-01-14T09:15:27.0647720+01:00" endTime="2026-01-14T09:15:27.0652940+01:00" testType="13cdc9d9-ddb5-4fa4-a97d-d965ccfc6d4b" outcome="Passed" testListId="8c84fa94-04c1-424b-9868-57a2d4851a1d" relativeResultsDirectory="ed5ca2c9-adda-4a9b-86c0-4f56f703d561" />
    <UnitTestResult executionId="664adcdb-12ec-47db-b437-2add10dc06d1" testId="abb28863-b657-b993-4e67-957e1ca4e3f6" testName="Api.Tests.Features.Booking.Services.PaymentPolicyServiceTests.Should_ReturnBasePriceAmount" computerName="Williams-MacBook-Pro" duration="00:00:00.0002753" startTime="2026-01-14T09:15:26.7301990+01:00" endTime="2026-01-14T09:15:26.7304010+01:00" testType="13cdc9d9-ddb5-4fa4-a97d-d965ccfc6d4b" outcome="Passed" testListId="8c84fa94-04c1-424b-9868-57a2d4851a1d" relativeResultsDirectory="664adcdb-12ec-47db-b437-2add10dc06d1" />
    <UnitTestResult executionId="4dadcd81-65ff-48be-9a34-e18e42b85e37" testId="d9b7ab3a-ddb8-d3c8-1565-dd5d49de096c" testName="Api.Tests.Features.Booking.Services.PaymentPolicyServiceTests.Should_AddGuestFeePerGuest" computerName="Williams-MacBook-Pro" duration="00:00:00.0003215" startTime="2026-01-14T09:15:26.7294340+01:00" endTime="2026-01-14T09:15:26.7294550+01:00" testType="13cdc9d9-ddb5-4fa4-a97d-d965ccfc6d4b" outcome="Passed" testListId="8c84fa94-04c1-424b-9868-57a2d4851a1d" relativeResultsDirectory="4dadcd81-65ff-48be-9a34-e18e42b85e37" />
    <UnitTestResult executionId="027015ba-0ca4-4d24-aa82-d986495285d6" testId="98650031-177d-2aff-7a82-b2aec4b492f8" testName="Api.Tests.Features.Booking.Services.PaymentPolicyServiceTests.Should_ReturnPaymentOptions_RequireUpfront" computerName="Williams-MacBook-Pro" duration="00:00:00.0003111" startTime="2026-01-14T09:15:26.7291380+01:00" endTime="2026-01-14T09:15:26.7291600+01:00" testType="13cdc9d9-ddb5-4fa4-a97d-d965ccfc6d4b" outcome="Passed" testListId="8c84fa94-04c1-424b-9868-57a2d4851a1d" relativeResultsDirectory="027015ba-0ca4-4d24-aa82-d986495285d6" />
    <UnitTestResult executionId="e5fb9a07-4de9-48ac-9dde-e82f7035b452" testId="8a443351-b761-a893-09c4-d465fcd0c206" testName="Api.Tests.Features.Booking.Services.PaymentPolicyServiceTests.Should_ReturnZeroPrice_WhenNoPolicyAssigned" computerName="Williams-MacBook-Pro" duration="00:00:00.0006879" startTime="2026-01-14T09:15:26.6965780+01:00" endTime="2026-01-14T09:15:26.7002770+01:00" testType="13cdc9d9-ddb5-4fa4-a97d-d965ccfc6d4b" outcome="Passed" testListId="8c84fa94-04c1-424b-9868-57a2d4851a1d" relativeResultsDirectory="e5fb9a07-4de9-48ac-9dde-e82f7035b452" />
    <UnitTestResult executionId="ba4cb8ae-1fd0-4fb5-abe2-0648639a1464" testId="09f45634-26d7-c008-4827-01e91d18d765" testName="Api.Tests.Features.CancellationPolicy.Commands.CreateCancellationPolicyCommandTests.Should_FailIfNameIsEmpty" computerName="Williams-MacBook-Pro" duration="00:00:00.0005160" startTime="2026-01-14T09:15:27.0734290+01:00" endTime="2026-01-14T09:15:27.0737040+01:00" testType="13cdc9d9-ddb5-4fa4-a97d-d965ccfc6d4b" outcome="Passed" testListId="8c84fa94-04c1-424b-9868-57a2d4851a1d" relativeResultsDirectory="ba4cb8ae-1fd0-4fb5-abe2-0648639a1464" />
    <UnitTestResult executionId="7725e4b5-c88e-4ca5-bd52-0095da3c92f8" testId="32d78fd4-d151-9eaa-ca86-ee1b6b13859e" testName="Api.Tests.Features.CancellationPolicy.Queries.GetAllCancellationPoliciesQueryTests.Should_ReturnCorrectListItemProperties" computerName="Williams-MacBook-Pro" duration="00:00:00.0012343" startTime="2026-01-14T09:15:27.1585280+01:00" endTime="2026-01-14T09:15:27.1597470+01:00" testType="13cdc9d9-ddb5-4fa4-a97d-d965ccfc6d4b" outcome="Passed" testListId="8c84fa94-04c1-424b-9868-57a2d4851a1d" relativeResultsDirectory="7725e4b5-c88e-4ca5-bd52-0095da3c92f8" />
    <UnitTestResult executionId="567f0ddb-ea9e-4b1c-a56e-598f73624605" testId="313bf884-c316-e212-6aa8-93e86e74cefc" testName="Api.Tests.Features.PaymentPolicy.Commands.CreatePaymentPolicyCommandTests.Should_ValidateDepositPercent_Between0And100" computerName="Williams-MacBook-Pro" duration="00:00:00.0005334" startTime="2026-01-14T09:15:27.0764000+01:00" endTime="2026-01-14T09:15:27.0766170+01:00" testType="13cdc9d9-ddb5-4fa4-a97d-d965ccfc6d4b" outcome="Passed" testListId="8c84fa94-04c1-424b-9868-57a2d4851a1d" relativeResultsDirectory="567f0ddb-ea9e-4b1c-a56e-598f73624605" />
    <UnitTestResult executionId="2057074b-b889-4757-b6d0-bd5ab0760717" testId="c09d8f2d-4301-747a-fa74-d88d3add7f15" testName="Api.Tests.Features.CancellationPolicy.Commands.CreateCancellationPolicyCommandTests.Should_ValidateRefundMethod_IsValidEnum" computerName="Williams-MacBook-Pro" duration="00:00:00.0020006" startTime="2026-01-14T09:15:27.0588370+01:00" endTime="2026-01-14T09:15:27.0607120+01:00" testType="13cdc9d9-ddb5-4fa4-a97d-d965ccfc6d4b" outcome="Passed" testListId="8c84fa94-04c1-424b-9868-57a2d4851a1d" relativeResultsDirectory="2057074b-b889-4757-b6d0-bd5ab0760717" />
    <UnitTestResult executionId="cafe1e2b-cd71-4592-ad8c-baac9026fadd" testId="6478cb10-0c3a-d83a-0972-8ef8bd52447e" testName="Api.Tests.Features.BookingPolicy.Queries.GetAllBookingPoliciesQueryTests.Should_NotReturnOtherTenantsPolicies_WhenFilteredByTenant" computerName="Williams-MacBook-Pro" duration="00:00:00.0009286" startTime="2026-01-14T09:15:27.1801220+01:00" endTime="2026-01-14T09:15:27.1809440+01:00" testType="13cdc9d9-ddb5-4fa4-a97d-d965ccfc6d4b" outcome="Passed" testListId="8c84fa94-04c1-424b-9868-57a2d4851a1d" relativeResultsDirectory="cafe1e2b-cd71-4592-ad8c-baac9026fadd" />
    <UnitTestResult executionId="51584b76-e80d-49d1-a052-7886c7baba4c" testId="7310b5c7-820c-e1f1-845d-e2e45e22d346" testName="Api.Tests.Features.BookingPolicy.Commands.CreateBookingPolicyCommandTests.Should_AllowNullOptionalFields" computerName="Williams-MacBook-Pro" duration="00:00:00.0007972" startTime="2026-01-14T09:15:27.0640730+01:00" endTime="2026-01-14T09:15:27.0647020+01:00" testType="13cdc9d9-ddb5-4fa4-a97d-d965ccfc6d4b" outcome="Passed" testListId="8c84fa94-04c1-424b-9868-57a2d4851a1d" relativeResultsDirectory="51584b76-e80d-49d1-a052-7886c7baba4c" />
    <UnitTestResult executionId="e81147d3-1bfc-4a80-a74b-a61e95139b1a" testId="b8e11805-310a-f550-9227-6ae502999eff" testName="Api.Tests.Features.PaymentPolicy.Commands.CreatePaymentPolicyCommandTests.Should_SupportDecimalPriceAmounts" computerName="Williams-MacBook-Pro" duration="00:00:00.0016950" startTime="2026-01-14T09:15:27.0593310+01:00" endTime="2026-01-14T09:15:27.0605270+01:00" testType="13cdc9d9-ddb5-4fa4-a97d-d965ccfc6d4b" outcome="Passed" testListId="8c84fa94-04c1-424b-9868-57a2d4851a1d" relativeResultsDirectory="e81147d3-1bfc-4a80-a74b-a61e95139b1a" />
    <UnitTestResult executionId="880334b6-539b-4bf5-85ca-1d53f710d308" testId="1979c418-117a-2057-9824-8bf1fa994239" testName="Api.Tests.Features.Booking.Services.CancellationPolicyServiceTests.Should_ReturnCorrectRefundMethod_FullRefund" computerName="Williams-MacBook-Pro" duration="00:00:00.0003002" startTime="2026-01-14T09:15:26.7046490+01:00" endTime="2026-01-14T09:15:26.7046740+01:00" testType="13cdc9d9-ddb5-4fa4-a97d-d965ccfc6d4b" outcome="Passed" testListId="8c84fa94-04c1-424b-9868-57a2d4851a1d" relativeResultsDirectory="880334b6-539b-4bf5-85ca-1d53f710d308" />
    <UnitTestResult executionId="d256f6c5-621b-42e4-a119-b40132de1dc1" testId="3794dbe4-881c-1f8e-7c11-77edbd940339" testName="Api.Tests.Features.Booking.Services.BookingPolicyServiceTests.Should_AllowBooking_WhenMinAdvanceIsZero" computerName="Williams-MacBook-Pro" duration="00:00:00.0002861" startTime="2026-01-14T09:15:26.7074160+01:00" endTime="2026-01-14T09:15:26.7074760+01:00" testType="13cdc9d9-ddb5-4fa4-a97d-d965ccfc6d4b" outcome="Passed" testListId="8c84fa94-04c1-424b-9868-57a2d4851a1d" relativeResultsDirectory="d256f6c5-621b-42e4-a119-b40132de1dc1" />
    <UnitTestResult executionId="245eb397-74b5-40ee-a278-dbf1c3032ba6" testId="76f0ebef-9b27-4962-811b-9e221922a4d3" testName="Api.Tests.Features.Booking.Services.CancellationPolicyServiceTests.Should_HandleComplexPolicy_FreeThenFeeeThenBlocked" computerName="Williams-MacBook-Pro" duration="00:00:00.0004792" startTime="2026-01-14T09:15:26.7065000+01:00" endTime="2026-01-14T09:15:26.7066890+01:00" testType="13cdc9d9-ddb5-4fa4-a97d-d965ccfc6d4b" outcome="Passed" testListId="8c84fa94-04c1-424b-9868-57a2d4851a1d" relativeResultsDirectory="245eb397-74b5-40ee-a278-dbf1c3032ba6" />
    <UnitTestResult executionId="f4c14353-ede9-4276-b18d-c2d06ed3e2ec" testId="6c947757-c966-9458-2704-fa2cd5954218" testName="Api.Tests.Features.Booking.Services.PaymentPolicyServiceTests.Should_Calculate100PercentDeposit" computerName="Williams-MacBook-Pro" duration="00:00:00.0002650" startTime="2026-01-14T09:15:26.7292100+01:00" endTime="2026-01-14T09:15:26.7292330+01:00" testType="13cdc9d9-ddb5-4fa4-a97d-d965ccfc6d4b" outcome="Passed" testListId="8c84fa94-04c1-424b-9868-57a2d4851a1d" relativeResultsDirectory="f4c14353-ede9-4276-b18d-c2d06ed3e2ec" />
    <UnitTestResult executionId="cce6f764-0d89-430b-9a2b-d09781afaf03" testId="c523e922-f299-93e0-a82e-cef9e1c65034" testName="Api.Tests.Features.CancellationPolicy.Queries.GetAllCancellationPoliciesQueryTests.Should_NotReturnOtherTenantsPolicies_WhenFilteredByTenant" computerName="Williams-MacBook-Pro" duration="00:00:00.0010515" startTime="2026-01-14T09:15:27.1575590+01:00" endTime="2026-01-14T09:15:27.1584750+01:00" testType="13cdc9d9-ddb5-4fa4-a97d-d965ccfc6d4b" outcome="Passed" testListId="8c84fa94-04c1-424b-9868-57a2d4851a1d" relativeResultsDirectory="cce6f764-0d89-430b-9a2b-d09781afaf03" />
    <UnitTestResult executionId="c601e18f-65c3-46b6-bbd2-9b7a49e208c5" testId="5c8a57d9-3c12-699a-2304-875ce23facdd" testName="Api.Tests.Features.BookingPolicy.Queries.GetAllBookingPoliciesQueryTests.Should_ReturnEmptyList_WhenNoPolicies" computerName="Williams-MacBook-Pro" duration="00:00:00.0006416" startTime="2026-01-14T09:15:27.1760780+01:00" endTime="2026-01-14T09:15:27.1766660+01:00" testType="13cdc9d9-ddb5-4fa4-a97d-d965ccfc6d4b" outcome="Passed" testListId="8c84fa94-04c1-424b-9868-57a2d4851a1d" relativeResultsDirectory="c601e18f-65c3-46b6-bbd2-9b7a49e208c5" />
    <UnitTestResult executionId="412bf272-61b4-42bc-b1b5-dbd7a82e1233" testId="f2f0af04-11b5-5d2b-b273-4df99649395b" testName="Api.Tests.Features.PaymentPolicy.Queries.GetAllPaymentPoliciesQueryTests.Should_IncludeTenantDisplayFromNavigation" computerName="Williams-MacBook-Pro" duration="00:00:00.0007761" startTime="2026-01-14T09:15:27.1797020+01:00" endTime="2026-01-14T09:15:27.1801550+01:00" testType="13cdc9d9-ddb5-4fa4-a97d-d965ccfc6d4b" outcome="Passed" testListId="8c84fa94-04c1-424b-9868-57a2d4851a1d" relativeResultsDirectory="412bf272-61b4-42bc-b1b5-dbd7a82e1233" />
    <UnitTestResult executionId="4e6566fe-d746-4694-8295-b58c83f4e5e0" testId="82dc4275-5d55-9a15-7088-8709d8a937b9" testName="Api.Tests.Features.Booking.Services.CancellationPolicyServiceTests.Should_AllowCancellation_WhenJustOutsideNoCancellationWindow" computerName="Williams-MacBook-Pro" duration="00:00:00.0002809" startTime="2026-01-14T09:15:26.7048920+01:00" endTime="2026-01-14T09:15:26.7049880+01:00" testType="13cdc9d9-ddb5-4fa4-a97d-d965ccfc6d4b" outcome="Passed" testListId="8c84fa94-04c1-424b-9868-57a2d4851a1d" relativeResultsDirectory="4e6566fe-d746-4694-8295-b58c83f4e5e0" />
    <UnitTestResult executionId="67ab26eb-eac4-43af-b069-5dc50e7e260a" testId="d40dccbd-b339-9881-0812-5da2d1a3a74a" testName="Api.Tests.Features.PaymentPolicy.Commands.CreatePaymentPolicyCommandTests.Should_SupportDifferentCurrencies" computerName="Williams-MacBook-Pro" duration="00:00:00.0009128" startTime="2026-01-14T09:15:27.0708320+01:00" endTime="2026-01-14T09:15:27.0716850+01:00" testType="13cdc9d9-ddb5-4fa4-a97d-d965ccfc6d4b" outcome="Passed" testListId="8c84fa94-04c1-424b-9868-57a2d4851a1d" relativeResultsDirectory="67ab26eb-eac4-43af-b069-5dc50e7e260a" />
    <UnitTestResult executionId="0feb76c7-0a7d-4717-a521-6326f4114d1c" testId="3dd5df18-e5a2-b71f-4610-d93df5c2bef2" testName="Api.Tests.Features.PaymentPolicy.Queries.GetAllPaymentPoliciesQueryTests.Should_ReturnCorrectListItemProperties" computerName="Williams-MacBook-Pro" duration="00:00:00.0008676" startTime="2026-01-14T09:15:27.1802120+01:00" endTime="2026-01-14T09:15:27.1810320+01:00" testType="13cdc9d9-ddb5-4fa4-a97d-d965ccfc6d4b" outcome="Passed" testListId="8c84fa94-04c1-424b-9868-57a2d4851a1d" relativeResultsDirectory="0feb76c7-0a7d-4717-a521-6326f4114d1c" />
    <UnitTestResult executionId="0b27d44d-f197-42da-af9a-cdc919a54359" testId="2cba670b-1024-8ca3-2bfe-cc579086b647" testName="Api.Tests.Features.PaymentPolicy.Commands.CreatePaymentPolicyCommandTests.Should_ValidateDepositPercent_NegativeValue" computerName="Williams-MacBook-Pro" duration="00:00:00.0005826" startTime="2026-01-14T09:15:27.0754920+01:00" endTime="2026-01-14T09:15:27.0760490+01:00" testType="13cdc9d9-ddb5-4fa4-a97d-d965ccfc6d4b" outcome="Passed" testListId="8c84fa94-04c1-424b-9868-57a2d4851a1d" relativeResultsDirectory="0b27d44d-f197-42da-af9a-cdc919a54359" />
    <UnitTestResult executionId="d8f6405d-4e52-434e-ae7f-041501255207" testId="76076ecb-4622-0ed6-dc37-d2f216496f88" testName="Api.Tests.Features.CancellationPolicy.Queries.GetAllCancellationPoliciesQueryTests.Should_OrderByCreatedAtDescending" computerName="Williams-MacBook-Pro" duration="00:00:00.0010800" startTime="2026-01-14T09:15:27.1705960+01:00" endTime="2026-01-14T09:15:27.1712810+01:00" testType="13cdc9d9-ddb5-4fa4-a97d-d965ccfc6d4b" outcome="Passed" testListId="8c84fa94-04c1-424b-9868-57a2d4851a1d" relativeResultsDirectory="d8f6405d-4e52-434e-ae7f-041501255207" />
    <UnitTestResult executionId="5513719c-a825-44bc-8094-1f18d524c874" testId="fd239626-65b0-8ac7-1345-fc9ab27c6b98" testName="Api.Tests.Features.BookingPolicy.Commands.CreateBookingPolicyCommandTests.Should_ValidateMaxActiveBookingsPerUser_NegativeValue" computerName="Williams-MacBook-Pro" duration="00:00:00.0006355" startTime="2026-01-14T09:15:27.0638270+01:00" endTime="2026-01-14T09:15:27.0640090+01:00" testType="13cdc9d9-ddb5-4fa4-a97d-d965ccfc6d4b" outcome="Passed" testListId="8c84fa94-04c1-424b-9868-57a2d4851a1d" relativeResultsDirectory="5513719c-a825-44bc-8094-1f18d524c874" />
    <UnitTestResult executionId="66e5562e-f91c-4a34-80af-c9891bc0e4c3" testId="62fd4599-a89a-831f-0224-d1184cb70a16" testName="Api.Tests.Features.Booking.Services.PaymentPolicyServiceTests.Should_HandleLargeGuestCount" computerName="Williams-MacBook-Pro" duration="00:00:00.0003583" startTime="2026-01-14T09:15:26.7249390+01:00" endTime="2026-01-14T09:15:26.7249650+01:00" testType="13cdc9d9-ddb5-4fa4-a97d-d965ccfc6d4b" outcome="Passed" testListId="8c84fa94-04c1-424b-9868-57a2d4851a1d" relativeResultsDirectory="66e5562e-f91c-4a34-80af-c9891bc0e4c3" />
    <UnitTestResult executionId="21a46db7-7b86-413e-8ca0-83e6d805e0b9" testId="9d5f5f1b-6cba-257a-eee3-f5b28a82238e" testName="Api.Tests.Features.Booking.Services.BookingPolicyServiceTests.Should_BlockBooking_WhenUserExceedsMaxActiveBookings" computerName="Williams-MacBook-Pro" duration="00:00:00.0003132" startTime="2026-01-14T09:15:26.7051130+01:00" endTime="2026-01-14T09:15:26.7060210+01:00" testType="13cdc9d9-ddb5-4fa4-a97d-d965ccfc6d4b" outcome="Passed" testListId="8c84fa94-04c1-424b-9868-57a2d4851a1d" relativeResultsDirectory="21a46db7-7b86-413e-8ca0-83e6d805e0b9" />
    <UnitTestResult executionId="49f063b3-2245-48a1-8784-65bf7f9d07c9" testId="1428f1e0-36e4-7eb6-9ff7-00737458696a" testName="Api.Tests.Features.PaymentPolicy.Queries.GetAllPaymentPoliciesQueryTests.Should_ReturnPoliciesForSpecificTenant" computerName="Williams-MacBook-Pro" duration="00:00:00.0009665" startTime="2026-01-14T09:15:27.1820420+01:00" endTime="2026-01-14T09:15:27.1828850+01:00" testType="13cdc9d9-ddb5-4fa4-a97d-d965ccfc6d4b" outcome="Passed" testListId="8c84fa94-04c1-424b-9868-57a2d4851a1d" relativeResultsDirectory="49f063b3-2245-48a1-8784-65bf7f9d07c9" />
    <UnitTestResult executionId="0b613795-baef-48d9-b6b0-e10a6f61d708" testId="6e853e72-6f9d-9879-f1ab-4abc9389f6d5" testName="Api.Tests.Features.Booking.Services.PaymentPolicyServiceTests.Should_HandleZeroPriceAmount" computerName="Williams-MacBook-Pro" duration="00:00:00.0063546" startTime="2026-01-14T09:15:26.6676570+01:00" endTime="2026-01-14T09:15:26.6793210+01:00" testType="13cdc9d9-ddb5-4fa4-a97d-d965ccfc6d4b" outcome="Passed" testListId="8c84fa94-04c1-424b-9868-57a2d4851a1d" relativeResultsDirectory="0b613795-baef-48d9-b6b0-e10a6f61d708" />
    <UnitTestResult executionId="78cacae9-803b-4769-a728-1b5190d64404" testId="61e3d99f-cf0e-ef05-ff44-1eafa196a2d2" testName="Api.Tests.Features.CancellationPolicy.Commands.CreateCancellationPolicyCommandTests.Should_ValidateNoCancellationMinutes_GreaterThanOrEqualToZero" computerName="Williams-MacBook-Pro" duration="00:00:00.0053556" startTime="2026-01-14T09:15:27.0652370+01:00" endTime="2026-01-14T09:15:27.0701740+01:00" testType="13cdc9d9-ddb5-4fa4-a97d-d965ccfc6d4b" outcome="Passed" testListId="8c84fa94-04c1-424b-9868-57a2d4851a1d" relativeResultsDirectory="78cacae9-803b-4769-a728-1b5190d64404" />
    <UnitTestResult executionId="3c405d1e-7702-40b5-9b85-30bf668ede8d" testId="dcf62426-7c78-390c-9f8f-a335ca7d61dc" testName="Api.Tests.Features.BookingPolicy.Queries.GetAllBookingPoliciesQueryTests.Should_IncludeTenantDisplayFromNavigation" computerName="Williams-MacBook-Pro" duration="00:00:00.0024091" startTime="2026-01-14T09:15:27.1551910+01:00" endTime="2026-01-14T09:15:27.1574220+01:00" testType="13cdc9d9-ddb5-4fa4-a97d-d965ccfc6d4b" outcome="Passed" testListId="8c84fa94-04c1-424b-9868-57a2d4851a1d" relativeResultsDirectory="3c405d1e-7702-40b5-9b85-30bf668ede8d" />
    <UnitTestResult executionId="3710e3a1-834a-4fff-980c-9ea145453aa0" testId="9f497862-6471-3936-9074-c145207cbcc9" testName="Api.Tests.Features.CancellationPolicy.Commands.CreateCancellationPolicyCommandTests.Should_FailIfNameIsWhitespaceOnly" computerName="Williams-MacBook-Pro" duration="00:00:00.0005233" startTime="2026-01-14T09:15:27.0639740+01:00" endTime="2026-01-14T09:15:27.0643310+01:00" testType="13cdc9d9-ddb5-4fa4-a97d-d965ccfc6d4b" outcome="Passed" testListId="8c84fa94-04c1-424b-9868-57a2d4851a1d" relativeResultsDirectory="3710e3a1-834a-4fff-980c-9ea145453aa0" />
    <UnitTestResult executionId="5572cf11-c646-4759-a583-af264f70bad4" testId="b406a12d-4626-3a27-2241-e48a77cec5e6" testName="Api.Tests.Features.PaymentPolicy.Commands.CreatePaymentPolicyCommandTests.Should_FailIfNameIsWhitespaceOnly" computerName="Williams-MacBook-Pro" duration="00:00:00.3726071" startTime="2026-01-14T09:15:26.6676480+01:00" endTime="2026-01-14T09:15:27.0411000+01:00" testType="13cdc9d9-ddb5-4fa4-a97d-d965ccfc6d4b" outcome="Passed" testListId="8c84fa94-04c1-424b-9868-57a2d4851a1d" relativeResultsDirectory="5572cf11-c646-4759-a583-af264f70bad4" />
    <UnitTestResult executionId="744c6181-bff5-493f-8901-9cae249e3fe6" testId="241b23f8-8c69-932e-7359-7bde97f36d0a" testName="Api.Tests.Features.Booking.Services.PaymentPolicyServiceTests.Should_HandleNullGuestFeeAmount" computerName="Williams-MacBook-Pro" duration="00:00:00.0003327" startTime="2026-01-14T09:15:26.7005470+01:00" endTime="2026-01-14T09:15:26.7011640+01:00" testType="13cdc9d9-ddb5-4fa4-a97d-d965ccfc6d4b" outcome="Passed" testListId="8c84fa94-04c1-424b-9868-57a2d4851a1d" relativeResultsDirectory="744c6181-bff5-493f-8901-9cae249e3fe6" />
    <UnitTestResult executionId="c06529e6-a867-4545-bf31-5196479274d8" testId="d7b44ad9-2f45-d962-c822-03cef5f949d1" testName="Api.Tests.Features.PaymentPolicy.Queries.GetAllPaymentPoliciesQueryTests.Should_HandleLastPageWithFewerItems" computerName="Williams-MacBook-Pro" duration="00:00:00.0179199" startTime="2026-01-14T09:15:27.1583800+01:00" endTime="2026-01-14T09:15:27.1762580+01:00" testType="13cdc9d9-ddb5-4fa4-a97d-d965ccfc6d4b" outcome="Passed" testListId="8c84fa94-04c1-424b-9868-57a2d4851a1d" relativeResultsDirectory="c06529e6-a867-4545-bf31-5196479274d8" />
    <UnitTestResult executionId="9e32b7b7-d838-42a4-b7d4-4cfdc4e3477f" testId="059cff1d-33b4-2cb0-8a2d-a29d625cc179" testName="Api.Tests.Features.BookingPolicy.Commands.CreateBookingPolicyCommandTests.Should_CreateBookingPolicy_WithValidData" computerName="Williams-MacBook-Pro" duration="00:00:00.0007304" startTime="2026-01-14T09:15:27.0733850+01:00" endTime="2026-01-14T09:15:27.0739100+01:00" testType="13cdc9d9-ddb5-4fa4-a97d-d965ccfc6d4b" outcome="Passed" testListId="8c84fa94-04c1-424b-9868-57a2d4851a1d" relativeResultsDirectory="9e32b7b7-d838-42a4-b7d4-4cfdc4e3477f" />
    <UnitTestResult executionId="f6e741b1-a5c8-48ff-b8a5-9f5185877c3c" testId="a9b1d138-dde0-641b-98ab-455df68f4bc7" testName="Api.Tests.Features.Booking.Services.PaymentPolicyServiceTests.Should_SupportMultipleCurrencies(currency: &quot;EUR&quot;)" computerName="Williams-MacBook-Pro" duration="00:00:00.0000047" startTime="2026-01-14T09:15:26.7057990+01:00" endTime="2026-01-14T09:15:26.7058220+01:00" testType="13cdc9d9-ddb5-4fa4-a97d-d965ccfc6d4b" outcome="Passed" testListId="8c84fa94-04c1-424b-9868-57a2d4851a1d" relativeResultsDirectory="f6e741b1-a5c8-48ff-b8a5-9f5185877c3c" />
    <UnitTestResult executionId="a4ae84b2-aac8-40c4-8ecd-5bada16388d4" testId="2c082ad0-4415-0a54-4d66-23a35769d349" testName="Api.Tests.Features.Booking.Services.PaymentPolicyServiceTests.Should_RoundDepositToTwoDecimalPlaces" computerName="Williams-MacBook-Pro" duration="00:00:00.0398446" startTime="2026-01-14T09:15:26.7069540+01:00" endTime="2026-01-14T09:15:26.7224630+01:00" testType="13cdc9d9-ddb5-4fa4-a97d-d965ccfc6d4b" outcome="Failed" testListId="8c84fa94-04c1-424b-9868-57a2d4851a1d" relativeResultsDirectory="a4ae84b2-aac8-40c4-8ecd-5bada16388d4">
      <Output>
        <ErrorInfo>
          <Message>Expected result.Value.DepositAmount to be 33.17M, but found 33.16M (difference of -0.01).</Message>
          <StackTrace>   at FluentAssertions.Execution.LateBoundTestFramework.Throw(String message)
   at FluentAssertions.Execution.TestFrameworkProvider.Throw(String message)
   at FluentAssertions.Execution.DefaultAssertionStrategy.HandleFailure(String message)
   at FluentAssertions.Execution.AssertionScope.FailWith(Func`1 failReasonFunc)
   at FluentAssertions.Execution.AssertionScope.FailWith(Func`1 failReasonFunc)
   at FluentAssertions.Execution.AssertionScope.FailWith(String message, Object[] args)
   at FluentAssertions.Numeric.NumericAssertions`2.Be(T expected, String because, Object[] becauseArgs)
   at Api.Tests.Features.Booking.Services.PaymentPolicyServiceTests.Should_RoundDepositToTwoDecimalPlaces() in /Users/williamholmberg/Documents/Programming/Work/agent-template/packages/dotnet-api/Tests/Features/Booking/Services/PaymentPolicyServiceTests.cs:line 281
--- End of stack trace from previous location ---</StackTrace>
        </ErrorInfo>
      </Output>
    </UnitTestResult>
    <UnitTestResult executionId="0fceb93e-87d0-4e38-a2bb-41b981c66b96" testId="b4638ee5-8f6e-1a71-0d21-cd86c194861c" testName="Api.Tests.Features.Booking.Services.CancellationPolicyServiceTests.Should_ReturnZeroFee_ForLateCancellation_WhenNoFeePercentSet" computerName="Williams-MacBook-Pro" duration="00:00:00.0003201" startTime="2026-01-14T09:15:26.7002190+01:00" endTime="2026-01-14T09:15:26.7007960+01:00" testType="13cdc9d9-ddb5-4fa4-a97d-d965ccfc6d4b" outcome="Passed" testListId="8c84fa94-04c1-424b-9868-57a2d4851a1d" relativeResultsDirectory="0fceb93e-87d0-4e38-a2bb-41b981c66b96" />
    <UnitTestResult executionId="6d51a7f8-4f5c-45e5-956f-78e2ccb34385" testId="b0a64724-5ded-062b-dcad-8830b2426b0e" testName="Api.Tests.Features.PaymentPolicy.Commands.CreatePaymentPolicyCommandTests.Should_ValidatePaymentWindowMinutes_NegativeValue" computerName="Williams-MacBook-Pro" duration="00:00:00.0005645" startTime="2026-01-14T09:15:27.0766880+01:00" endTime="2026-01-14T09:15:27.0772020+01:00" testType="13cdc9d9-ddb5-4fa4-a97d-d965ccfc6d4b" outcome="Passed" testListId="8c84fa94-04c1-424b-9868-57a2d4851a1d" relativeResultsDirectory="6d51a7f8-4f5c-45e5-956f-78e2ccb34385" />
    <UnitTestResult executionId="c4c0afb5-bc5a-4675-9d88-938b8cc62b90" testId="dbf0e54d-c2da-ccb8-88db-c61ee9dd52d8" testName="Api.Tests.Features.BookingPolicy.Queries.GetAllBookingPoliciesQueryTests.Should_OrderByCreatedAtDescending" computerName="Williams-MacBook-Pro" duration="00:00:00.0009191" startTime="2026-01-14T09:15:27.1810030+01:00" endTime="2026-01-14T09:15:27.1818950+01:00" testType="13cdc9d9-ddb5-4fa4-a97d-d965ccfc6d4b" outcome="Passed" testListId="8c84fa94-04c1-424b-9868-57a2d4851a1d" relativeResultsDirectory="c4c0afb5-bc5a-4675-9d88-938b8cc62b90" />
    <UnitTestResult executionId="609d6a26-e6db-47f1-a80f-9738abb370ed" testId="88c9ef67-2a8b-f647-d92f-b2a6b913f993" testName="Api.Tests.Features.Booking.Services.BookingPolicyServiceTests.Should_AllowBooking_WhenNoPolicyAssigned" computerName="Williams-MacBook-Pro" duration="00:00:00.0003839" startTime="2026-01-14T09:15:26.7048150+01:00" endTime="2026-01-14T09:15:26.7049140+01:00" testType="13cdc9d9-ddb5-4fa4-a97d-d965ccfc6d4b" outcome="Passed" testListId="8c84fa94-04c1-424b-9868-57a2d4851a1d" relativeResultsDirectory="609d6a26-e6db-47f1-a80f-9738abb370ed" />
    <UnitTestResult executionId="0a599f5c-1aa1-4893-8272-b88857f1e3b3" testId="0ff01895-d130-06d9-1760-fecb035a3f7e" testName="Api.Tests.Features.Booking.Services.PaymentPolicyServiceTests.Should_CalculateDeposit_BasedOnTotalPrice" computerName="Williams-MacBook-Pro" duration="00:00:00.0004228" startTime="2026-01-14T09:15:26.7298770+01:00" endTime="2026-01-14T09:15:26.7299030+01:00" testType="13cdc9d9-ddb5-4fa4-a97d-d965ccfc6d4b" outcome="Passed" testListId="8c84fa94-04c1-424b-9868-57a2d4851a1d" relativeResultsDirectory="0a599f5c-1aa1-4893-8272-b88857f1e3b3" />
    <UnitTestResult executionId="68db508d-9832-478e-89e2-d89fff367bbf" testId="7fd81b51-edb1-5a6f-2693-bd1711dd18d8" testName="Api.Tests.Features.BookingPolicy.Queries.GetAllBookingPoliciesQueryTests.Should_ReturnCorrectListItemProperties" computerName="Williams-MacBook-Pro" duration="00:00:00.0007940" startTime="2026-01-14T09:15:27.1819600+01:00" endTime="2026-01-14T09:15:27.1826960+01:00" testType="13cdc9d9-ddb5-4fa4-a97d-d965ccfc6d4b" outcome="Passed" testListId="8c84fa94-04c1-424b-9868-57a2d4851a1d" relativeResultsDirectory="68db508d-9832-478e-89e2-d89fff367bbf" />
    <UnitTestResult executionId="dfe95e5e-d4e6-4dbc-805a-02c8fd311fc9" testId="a578fc0f-d76d-0048-5f0d-e123d743a5ce" testName="Api.Tests.Features.CancellationPolicy.Commands.CreateCancellationPolicyCommandTests.Should_ValidateFreeCancellationMinutes_GreaterThanOrEqualToZero" computerName="Williams-MacBook-Pro" duration="00:00:00.0006279" startTime="2026-01-14T09:15:27.0702340+01:00" endTime="2026-01-14T09:15:27.0708660+01:00" testType="13cdc9d9-ddb5-4fa4-a97d-d965ccfc6d4b" outcome="Passed" testListId="8c84fa94-04c1-424b-9868-57a2d4851a1d" relativeResultsDirectory="dfe95e5e-d4e6-4dbc-805a-02c8fd311fc9" />
    <UnitTestResult executionId="dc1dabdd-168f-4707-8341-62fbb63ac317" testId="c0a78f20-5305-438d-bc10-1ae4a2b15d9a" testName="Api.Tests.Features.PaymentPolicy.Commands.CreatePaymentPolicyCommandTests.Should_CreatePaymentPolicy_WithValidData" computerName="Williams-MacBook-Pro" duration="00:00:00.0010742" startTime="2026-01-14T09:15:27.0631420+01:00" endTime="2026-01-14T09:15:27.0641230+01:00" testType="13cdc9d9-ddb5-4fa4-a97d-d965ccfc6d4b" outcome="Passed" testListId="8c84fa94-04c1-424b-9868-57a2d4851a1d" relativeResultsDirectory="dc1dabdd-168f-4707-8341-62fbb63ac317" />
    <UnitTestResult executionId="73f9ca55-f9ec-4077-b860-89d116de15ed" testId="0dc84f30-3225-c859-0135-3b849a2b0119" testName="Api.Tests.Features.Booking.Services.PaymentPolicyServiceTests.Should_CalculateDeposit_WhenDepositPercentSet" computerName="Williams-MacBook-Pro" duration="00:00:00.0002947" startTime="2026-01-14T09:15:26.7248490+01:00" endTime="2026-01-14T09:15:26.7248760+01:00" testType="13cdc9d9-ddb5-4fa4-a97d-d965ccfc6d4b" outcome="Passed" testListId="8c84fa94-04c1-424b-9868-57a2d4851a1d" relativeResultsDirectory="73f9ca55-f9ec-4077-b860-89d116de15ed" />
    <UnitTestResult executionId="33bd5aa2-7e1b-4b7f-9ceb-3dbf14a30ee0" testId="d807f629-aa15-d5d7-583b-e7eea0de42b6" testName="Api.Tests.Features.Booking.Services.CancellationPolicyServiceTests.Should_CalculateFee_ForLateCancellation" computerName="Williams-MacBook-Pro" duration="00:00:00.0004922" startTime="2026-01-14T09:15:26.6996530+01:00" endTime="2026-01-14T09:15:26.7000700+01:00" testType="13cdc9d9-ddb5-4fa4-a97d-d965ccfc6d4b" outcome="Passed" testListId="8c84fa94-04c1-424b-9868-57a2d4851a1d" relativeResultsDirectory="33bd5aa2-7e1b-4b7f-9ceb-3dbf14a30ee0" />
    <UnitTestResult executionId="abf1ecda-896d-422d-a5af-98d4f808a3f9" testId="c459fc9c-33c6-b8d6-70de-9ce25130d642" testName="Api.Tests.Features.CancellationPolicy.Commands.CreateCancellationPolicyCommandTests.Should_SetDefaultRefundMethod_ToFullRefund" computerName="Williams-MacBook-Pro" duration="00:00:00.0005118" startTime="2026-01-14T09:15:27.0748950+01:00" endTime="2026-01-14T09:15:27.0753500+01:00" testType="13cdc9d9-ddb5-4fa4-a97d-d965ccfc6d4b" outcome="Passed" testListId="8c84fa94-04c1-424b-9868-57a2d4851a1d" relativeResultsDirectory="abf1ecda-896d-422d-a5af-98d4f808a3f9" />
    <UnitTestResult executionId="d31bf100-0110-4eaf-b58a-327bb44f34ca" testId="ed86930a-410c-749d-61c3-162fd409e700" testName="Api.Tests.Features.BookingPolicy.Commands.CreateBookingPolicyCommandTests.Should_ValidateMinAdvanceBookingMinutes_GreaterThanOrEqualToZero" computerName="Williams-MacBook-Pro" duration="00:00:00.0005724" startTime="2026-01-14T09:15:27.0751280+01:00" endTime="2026-01-14T09:15:27.0756750+01:00" testType="13cdc9d9-ddb5-4fa4-a97d-d965ccfc6d4b" outcome="Passed" testListId="8c84fa94-04c1-424b-9868-57a2d4851a1d" relativeResultsDirectory="d31bf100-0110-4eaf-b58a-327bb44f34ca" />
    <UnitTestResult executionId="a92aa607-c3db-4522-9f18-4fdde03528e0" testId="5028d9f0-7aa3-3653-9298-0115ea21208c" testName="Api.Tests.Features.CancellationPolicy.Commands.CreateCancellationPolicyCommandTests.Should_AllowZeroFreeCancellationMinutes" computerName="Williams-MacBook-Pro" duration="00:00:00.0005737" startTime="2026-01-14T09:15:27.0726590+01:00" endTime="2026-01-14T09:15:27.0733640+01:00" testType="13cdc9d9-ddb5-4fa4-a97d-d965ccfc6d4b" outcome="Passed" testListId="8c84fa94-04c1-424b-9868-57a2d4851a1d" relativeResultsDirectory="a92aa607-c3db-4522-9f18-4fdde03528e0" />
    <UnitTestResult executionId="d234d3ef-d2fd-4e34-b23f-3ec03decb553" testId="88e11010-8eca-3dd8-cf1e-0369a45c8dea" testName="Api.Tests.Features.Booking.Services.PaymentPolicyServiceTests.Should_SupportMultipleCurrencies(currency: &quot;SEK&quot;)" computerName="Williams-MacBook-Pro" duration="00:00:00.0000840" startTime="2026-01-14T09:15:26.7055190+01:00" endTime="2026-01-14T09:15:26.7057520+01:00" testType="13cdc9d9-ddb5-4fa4-a97d-d965ccfc6d4b" outcome="Passed" testListId="8c84fa94-04c1-424b-9868-57a2d4851a1d" relativeResultsDirectory="d234d3ef-d2fd-4e34-b23f-3ec03decb553" />
    <UnitTestResult executionId="7e5c5576-7c6d-49ac-bd87-203ce998fb9e" testId="2facf88d-fbfe-cd8d-e33d-715285b26b3d" testName="Api.Tests.Features.CancellationPolicy.Commands.CreateCancellationPolicyCommandTests.Should_AllowNullOptionalFields" computerName="Williams-MacBook-Pro" duration="00:00:00.0007364" startTime="2026-01-14T09:15:27.0636850+01:00" endTime="2026-01-14T09:15:27.0638940+01:00" testType="13cdc9d9-ddb5-4fa4-a97d-d965ccfc6d4b" outcome="Passed" testListId="8c84fa94-04c1-424b-9868-57a2d4851a1d" relativeResultsDirectory="7e5c5576-7c6d-49ac-bd87-203ce998fb9e" />
    <UnitTestResult executionId="d6ab999e-8ecc-4f21-9860-03e17435c7cf" testId="1e6985b5-fd03-2663-f04b-da909f2a5df8" testName="Api.Tests.Features.BookingPolicy.Commands.CreateBookingPolicyCommandTests.Should_SetCreatedAtTimestamp" computerName="Williams-MacBook-Pro" duration="00:00:00.0005991" startTime="2026-01-14T09:15:27.0747200+01:00" endTime="2026-01-14T09:15:27.0750610+01:00" testType="13cdc9d9-ddb5-4fa4-a97d-d965ccfc6d4b" outcome="Passed" testListId="8c84fa94-04c1-424b-9868-57a2d4851a1d" relativeResultsDirectory="d6ab999e-8ecc-4f21-9860-03e17435c7cf" />
    <UnitTestResult executionId="5ed3c8de-c39c-46ef-a3a5-c7499d298d1c" testId="08287586-a853-bd9c-7f54-7a373385e91c" testName="Api.Tests.Features.CancellationPolicy.Queries.GetAllCancellationPoliciesQueryTests.Should_ReturnEmptyList_WhenNoPolicies" computerName="Williams-MacBook-Pro" duration="00:00:00.0086705" startTime="2026-01-14T09:15:27.1598220+01:00" endTime="2026-01-14T09:15:27.1684640+01:00" testType="13cdc9d9-ddb5-4fa4-a97d-d965ccfc6d4b" outcome="Passed" testListId="8c84fa94-04c1-424b-9868-57a2d4851a1d" relativeResultsDirectory="5ed3c8de-c39c-46ef-a3a5-c7499d298d1c" />
    <UnitTestResult executionId="f62eb544-a1d1-49ab-ac0e-cff27489221d" testId="dec2c6e5-2ba6-8fcd-1e26-69caf8b908a5" testName="Api.Tests.Features.BookingPolicy.Commands.CreateBookingPolicyCommandTests.Should_CreatePolicy_WithAllFieldsSet" computerName="Williams-MacBook-Pro" duration="00:00:00.0011861" startTime="2026-01-14T09:15:27.0714570+01:00" endTime="2026-01-14T09:15:27.0726930+01:00" testType="13cdc9d9-ddb5-4fa4-a97d-d965ccfc6d4b" outcome="Passed" testListId="8c84fa94-04c1-424b-9868-57a2d4851a1d" relativeResultsDirectory="f62eb544-a1d1-49ab-ac0e-cff27489221d" />
    <UnitTestResult executionId="1963a3cd-0ceb-4e81-a89f-2e0ba7037e81" testId="5a9dfe78-b911-565d-3e04-e14a3032f884" testName="Api.Tests.Features.BookingPolicy.Queries.GetAllBookingPoliciesQueryTests.Should_SupportPagination" computerName="Williams-MacBook-Pro" duration="00:00:00.0185732" startTime="2026-01-14T09:15:27.1575490+01:00" endTime="2026-01-14T09:15:27.1760040+01:00" testType="13cdc9d9-ddb5-4fa4-a97d-d965ccfc6d4b" outcome="Passed" testListId="8c84fa94-04c1-424b-9868-57a2d4851a1d" relativeResultsDirectory="1963a3cd-0ceb-4e81-a89f-2e0ba7037e81" />
    <UnitTestResult executionId="8d649c95-69a3-4d28-b945-719a08168d75" testId="f5919b28-ce2f-ff8d-6c17-7a50a1b2f5d9" testName="Api.Tests.Features.Booking.Services.PaymentPolicyServiceTests.Should_HandleRealisticTennisCourtPricing" computerName="Williams-MacBook-Pro" duration="00:00:00.0036289" startTime="2026-01-14T09:15:26.7293590+01:00" endTime="2026-01-14T09:15:26.7293800+01:00" testType="13cdc9d9-ddb5-4fa4-a97d-d965ccfc6d4b" outcome="Passed" testListId="8c84fa94-04c1-424b-9868-57a2d4851a1d" relativeResultsDirectory="8d649c95-69a3-4d28-b945-719a08168d75" />
    <UnitTestResult executionId="1d13afb0-16b8-41be-b49e-71a41324b985" testId="316bde80-aada-2f4a-7c3f-4a432fd2bbaf" testName="Api.Tests.Features.PaymentPolicy.Queries.GetAllPaymentPoliciesQueryTests.Should_SupportPagination" computerName="Williams-MacBook-Pro" duration="00:00:00.0030279" startTime="2026-01-14T09:15:27.1763130+01:00" endTime="2026-01-14T09:15:27.1793240+01:00" testType="13cdc9d9-ddb5-4fa4-a97d-d965ccfc6d4b" outcome="Passed" testListId="8c84fa94-04c1-424b-9868-57a2d4851a1d" relativeResultsDirectory="1d13afb0-16b8-41be-b49e-71a41324b985" />
    <UnitTestResult executionId="5473223b-06f4-46ce-8abc-acee6c3f5216" testId="0bd60233-1a1a-e66e-e473-92f201ccea27" testName="Api.Tests.Features.Booking.Services.BookingPolicyServiceTests.Should_BlockBooking_WhenBeyondMaxAdvanceBookingDays" computerName="Williams-MacBook-Pro" duration="00:00:00.0003075" startTime="2026-01-14T09:15:26.7075270+01:00" endTime="2026-01-14T09:15:26.7075490+01:00" testType="13cdc9d9-ddb5-4fa4-a97d-d965ccfc6d4b" outcome="Passed" testListId="8c84fa94-04c1-424b-9868-57a2d4851a1d" relativeResultsDirectory="5473223b-06f4-46ce-8abc-acee6c3f5216" />
    <UnitTestResult executionId="c7bd929c-bc1e-4ea1-9b2a-1f2f43324431" testId="4f1a448e-9a0f-b935-1033-3b655b917a01" testName="Api.Tests.Features.CancellationPolicy.Queries.GetAllCancellationPoliciesQueryTests.Should_HandleLastPageWithFewerItems" computerName="Williams-MacBook-Pro" duration="00:00:00.0074886" startTime="2026-01-14T09:15:27.1713440+01:00" endTime="2026-01-14T09:15:27.1788260+01:00" testType="13cdc9d9-ddb5-4fa4-a97d-d965ccfc6d4b" outcome="Passed" testListId="8c84fa94-04c1-424b-9868-57a2d4851a1d" relativeResultsDirectory="c7bd929c-bc1e-4ea1-9b2a-1f2f43324431" />
    <UnitTestResult executionId="877c6b72-30b5-4a25-b96e-92ea63080336" testId="edca175c-71b2-86b0-bb1e-8a37add478e3" testName="Api.Tests.Features.PaymentPolicy.Commands.CreatePaymentPolicyCommandTests.Should_AllowNullOptionalFields" computerName="Williams-MacBook-Pro" duration="00:00:00.0052315" startTime="2026-01-14T09:15:27.0651450+01:00" endTime="2026-01-14T09:15:27.0700580+01:00" testType="13cdc9d9-ddb5-4fa4-a97d-d965ccfc6d4b" outcome="Passed" testListId="8c84fa94-04c1-424b-9868-57a2d4851a1d" relativeResultsDirectory="877c6b72-30b5-4a25-b96e-92ea63080336" />
    <UnitTestResult executionId="5a849610-35bf-4c15-aaa4-e353ad93e89a" testId="6f1875d4-e7ae-d979-5f91-3990cfc3bbf5" testName="Api.Tests.Features.BookingPolicy.Commands.CreateBookingPolicyCommandTests.Should_FailIfNameIsWhitespaceOnly" computerName="Williams-MacBook-Pro" duration="00:00:00.0005344" startTime="2026-01-14T09:15:27.0727570+01:00" endTime="2026-01-14T09:15:27.0733000+01:00" testType="13cdc9d9-ddb5-4fa4-a97d-d965ccfc6d4b" outcome="Passed" testListId="8c84fa94-04c1-424b-9868-57a2d4851a1d" relativeResultsDirectory="5a849610-35bf-4c15-aaa4-e353ad93e89a" />
    <UnitTestResult executionId="a92bac01-5f95-4819-b6ad-b929ebad45ac" testId="cd3f39ed-fda3-f58e-e28c-147238bf4ece" testName="Api.Tests.Features.PaymentPolicy.Commands.CreatePaymentPolicyCommandTests.Should_FailIfCurrencyIsEmpty" computerName="Williams-MacBook-Pro" duration="00:00:00.0005400" startTime="2026-01-14T09:15:27.0746150+01:00" endTime="2026-01-14T09:15:27.0748690+01:00" testType="13cdc9d9-ddb5-4fa4-a97d-d965ccfc6d4b" outcome="Passed" testListId="8c84fa94-04c1-424b-9868-57a2d4851a1d" relativeResultsDirectory="a92bac01-5f95-4819-b6ad-b929ebad45ac" />
    <UnitTestResult executionId="5282d710-44e7-4ec7-a771-f86583b727f7" testId="f524311d-4be5-e608-0da0-da93cebb151e" testName="Api.Tests.Features.Booking.Services.CancellationPolicyServiceTests.Should_ReturnCorrectRefundMethod_PartialRefund" computerName="Williams-MacBook-Pro" duration="00:00:00.0002789" startTime="2026-01-14T09:15:26.7068840+01:00" endTime="2026-01-14T09:15:26.7072950+01:00" testType="13cdc9d9-ddb5-4fa4-a97d-d965ccfc6d4b" outcome="Passed" testListId="8c84fa94-04c1-424b-9868-57a2d4851a1d" relativeResultsDirectory="5282d710-44e7-4ec7-a771-f86583b727f7" />
    <UnitTestResult executionId="fde29fa6-317c-42b5-a25d-d9586823b94a" testId="b273f31e-dc4c-99e7-eede-13b88519f852" testName="Api.Tests.Features.Booking.Services.CancellationPolicyServiceTests.Should_ReturnCorrectRefundMethod_Credit" computerName="Williams-MacBook-Pro" duration="00:00:00.0002214" startTime="2026-01-14T09:15:26.7057230+01:00" endTime="2026-01-14T09:15:26.7061270+01:00" testType="13cdc9d9-ddb5-4fa4-a97d-d965ccfc6d4b" outcome="Passed" testListId="8c84fa94-04c1-424b-9868-57a2d4851a1d" relativeResultsDirectory="fde29fa6-317c-42b5-a25d-d9586823b94a" />
    <UnitTestResult executionId="e0175ea7-7728-46a6-b4db-143cad5a607c" testId="cf1009a3-0d57-519b-056c-646503be8317" testName="Api.Tests.Features.Booking.Services.PaymentPolicyServiceTests.Should_CalculateCompletePrice_WithAllComponents" computerName="Williams-MacBook-Pro" duration="00:00:00.0007437" startTime="2026-01-14T09:15:26.7065900+01:00" endTime="2026-01-14T09:15:26.7069050+01:00" testType="13cdc9d9-ddb5-4fa4-a97d-d965ccfc6d4b" outcome="Passed" testListId="8c84fa94-04c1-424b-9868-57a2d4851a1d" relativeResultsDirectory="e0175ea7-7728-46a6-b4db-143cad5a607c" />
    <UnitTestResult executionId="bc19635e-3de2-4de3-9c7c-ef5a18660576" testId="91e22c10-47e4-3491-c206-47ea817f39fe" testName="Api.Tests.Features.Booking.Services.BookingPolicyServiceTests.Should_AllowBooking_WhenOutsideMinAdvanceBookingMinutes" computerName="Williams-MacBook-Pro" duration="00:00:00.0003975" startTime="2026-01-14T09:15:26.6965920+01:00" endTime="2026-01-14T09:15:26.6997380+01:00" testType="13cdc9d9-ddb5-4fa4-a97d-d965ccfc6d4b" outcome="Passed" testListId="8c84fa94-04c1-424b-9868-57a2d4851a1d" relativeResultsDirectory="bc19635e-3de2-4de3-9c7c-ef5a18660576" />
    <UnitTestResult executionId="06d63743-d30e-47e4-8655-cd988aad5c3e" testId="9c6d8010-940c-1cd8-9cd2-8b3b52161186" testName="Api.Tests.Features.Booking.Services.BookingPolicyServiceTests.Should_SetRequiresApproval_WhenPolicyRequiresIt" computerName="Williams-MacBook-Pro" duration="00:00:00.0003416" startTime="2026-01-14T09:15:26.7007410+01:00" endTime="2026-01-14T09:15:26.7013630+01:00" testType="13cdc9d9-ddb5-4fa4-a97d-d965ccfc6d4b" outcome="Passed" testListId="8c84fa94-04c1-424b-9868-57a2d4851a1d" relativeResultsDirectory="06d63743-d30e-47e4-8655-cd988aad5c3e" />
    <UnitTestResult executionId="c6897a38-ecb5-4da4-bca0-bedbeac5b1af" testId="8cc62eb1-a795-cb54-0423-b76a2adfc60a" testName="Api.Tests.Features.CancellationPolicy.Commands.CreateCancellationPolicyCommandTests.Should_TrimWhitespace_FromName" computerName="Williams-MacBook-Pro" duration="00:00:00.0005246" startTime="2026-01-14T09:15:27.0746310+01:00" endTime="2026-01-14T09:15:27.0748060+01:00" testType="13cdc9d9-ddb5-4fa4-a97d-d965ccfc6d4b" outcome="Passed" testListId="8c84fa94-04c1-424b-9868-57a2d4851a1d" relativeResultsDirectory="c6897a38-ecb5-4da4-bca0-bedbeac5b1af" />
    <UnitTestResult executionId="463b518f-1384-4b37-8fe4-97f252763499" testId="9ec43ac8-4ddb-febb-51f5-5353a016deff" testName="Api.Tests.Features.BookingPolicy.Commands.CreateBookingPolicyCommandTests.Should_SetDefaultValues_ForBooleans" computerName="Williams-MacBook-Pro" duration="00:00:00.3903557" startTime="2026-01-14T09:15:26.6668790+01:00" endTime="2026-01-14T09:15:27.0587580+01:00" testType="13cdc9d9-ddb5-4fa4-a97d-d965ccfc6d4b" outcome="Passed" testListId="8c84fa94-04c1-424b-9868-57a2d4851a1d" relativeResultsDirectory="463b518f-1384-4b37-8fe4-97f252763499" />
    <UnitTestResult executionId="610c69fb-d0ad-4157-a849-9d492c6ae0d6" testId="d9a5a052-bf3e-f49f-f6fc-e9cc71ccf9e0" testName="Api.Tests.Features.PaymentPolicy.Commands.CreatePaymentPolicyCommandTests.Should_PersistPolicyToDatabase" computerName="Williams-MacBook-Pro" duration="00:00:00.0008337" startTime="2026-01-14T09:15:27.0735170+01:00" endTime="2026-01-14T09:15:27.0742550+01:00" testType="13cdc9d9-ddb5-4fa4-a97d-d965ccfc6d4b" outcome="Passed" testListId="8c84fa94-04c1-424b-9868-57a2d4851a1d" relativeResultsDirectory="610c69fb-d0ad-4157-a849-9d492c6ae0d6" />
    <UnitTestResult executionId="9255a1fd-bdee-4274-863e-28bf1e603a86" testId="2d107e9c-d015-9d7a-2aeb-c5b75644768c" testName="Api.Tests.Features.Booking.Services.PaymentPolicyServiceTests.Should_HandleDecimalPriceAmount" computerName="Williams-MacBook-Pro" duration="00:00:00.0003383" startTime="2026-01-14T09:15:26.7247450+01:00" endTime="2026-01-14T09:15:26.7247770+01:00" testType="13cdc9d9-ddb5-4fa4-a97d-d965ccfc6d4b" outcome="Passed" testListId="8c84fa94-04c1-424b-9868-57a2d4851a1d" relativeResultsDirectory="9255a1fd-bdee-4274-863e-28bf1e603a86" />
    <UnitTestResult executionId="c6ca828e-fd50-40ee-ac0b-c30b3ed2efc8" testId="cc986ae0-fae6-aa8b-fba8-ac8f9a5658f5" testName="Api.Tests.Features.Booking.Services.PaymentPolicyServiceTests.Should_ReturnNullPaymentWindow_WhenNotSet" computerName="Williams-MacBook-Pro" duration="00:00:00.0003195" startTime="2026-01-14T09:15:26.7289470+01:00" endTime="2026-01-14T09:15:26.7289810+01:00" testType="13cdc9d9-ddb5-4fa4-a97d-d965ccfc6d4b" outcome="Passed" testListId="8c84fa94-04c1-424b-9868-57a2d4851a1d" relativeResultsDirectory="c6ca828e-fd50-40ee-ac0b-c30b3ed2efc8" />
    <UnitTestResult executionId="03fbc29f-56a4-47e9-94d5-a9232ba010b2" testId="fadf116a-57af-4b32-9bf8-a099df7d6738" testName="Api.Tests.Features.PaymentPolicy.Commands.CreatePaymentPolicyCommandTests.Should_SetCreatedAtTimestamp" computerName="Williams-MacBook-Pro" duration="00:00:00.0006253" startTime="2026-01-14T09:15:27.0723270+01:00" endTime="2026-01-14T09:15:27.0729090+01:00" testType="13cdc9d9-ddb5-4fa4-a97d-d965ccfc6d4b" outcome="Passed" testListId="8c84fa94-04c1-424b-9868-57a2d4851a1d" relativeResultsDirectory="03fbc29f-56a4-47e9-94d5-a9232ba010b2" />
    <UnitTestResult executionId="2f93849a-61d5-4dc4-b6e3-e7505e3602f6" testId="931d1d70-6ae4-ecc9-686f-d5892368fd31" testName="Api.Tests.Features.PaymentPolicy.Commands.CreatePaymentPolicyCommandTests.Should_ValidatePriceAmount_GreaterThanOrEqualToZero" computerName="Williams-MacBook-Pro" duration="00:00:00.0007120" startTime="2026-01-14T09:15:27.0701390+01:00" endTime="2026-01-14T09:15:27.0707540+01:00" testType="13cdc9d9-ddb5-4fa4-a97d-d965ccfc6d4b" outcome="Passed" testListId="8c84fa94-04c1-424b-9868-57a2d4851a1d" relativeResultsDirectory="2f93849a-61d5-4dc4-b6e3-e7505e3602f6" />
    <UnitTestResult executionId="babf7ce2-6733-4f38-bf2d-94051bb849d8" testId="c67343a4-4e19-ea38-722d-a4be987dc9f9" testName="Api.Tests.Features.CancellationPolicy.Queries.GetAllCancellationPoliciesQueryTests.Should_NotReturnSoftDeletedPolicies" computerName="Williams-MacBook-Pro" duration="00:00:00.0016766" startTime="2026-01-14T09:15:27.1685680+01:00" endTime="2026-01-14T09:15:27.1701730+01:00" testType="13cdc9d9-ddb5-4fa4-a97d-d965ccfc6d4b" outcome="Passed" testListId="8c84fa94-04c1-424b-9868-57a2d4851a1d" relativeResultsDirectory="babf7ce2-6733-4f38-bf2d-94051bb849d8" />
    <UnitTestResult executionId="32cc09e4-9bff-4f8c-a840-5c0ab3c2ab6b" testId="1e86f3e7-8a8c-ee43-a31b-56c8f082b4e3" testName="Api.Tests.Features.BookingPolicy.Commands.CreateBookingPolicyCommandTests.Should_FailIfNameIsEmpty" computerName="Williams-MacBook-Pro" duration="00:00:00.0004984" startTime="2026-01-14T09:15:27.0739620+01:00" endTime="2026-01-14T09:15:27.0746710+01:00" testType="13cdc9d9-ddb5-4fa4-a97d-d965ccfc6d4b" outcome="Passed" testListId="8c84fa94-04c1-424b-9868-57a2d4851a1d" relativeResultsDirectory="32cc09e4-9bff-4f8c-a840-5c0ab3c2ab6b" />
    <UnitTestResult executionId="90e2f9a4-23a0-4b7c-906b-d172fb915211" testId="252b67ef-8acf-1b92-756f-b2f3572fd1ff" testName="Api.Tests.Features.Booking.Services.BookingPolicyServiceTests.Should_NotOfferWaitlist_WhenMaxActiveBookingsExceeded_AndWaitlistDisabled" computerName="Williams-MacBook-Pro" duration="00:00:00.0002863" startTime="2026-01-14T09:15:26.7066680+01:00" endTime="2026-01-14T09:15:26.7067620+01:00" testType="13cdc9d9-ddb5-4fa4-a97d-d965ccfc6d4b" outcome="Passed" testListId="8c84fa94-04c1-424b-9868-57a2d4851a1d" relativeResultsDirectory="90e2f9a4-23a0-4b7c-906b-d172fb915211" />
    <UnitTestResult executionId="2135f49b-7e0a-4196-9e5c-ef09fe5787cf" testId="273a7887-bd9e-2cb0-dafe-4e738508865d" testName="Api.Tests.Features.BookingPolicy.Queries.GetAllBookingPoliciesQueryTests.Should_NotReturnSoftDeletedPolicies" computerName="Williams-MacBook-Pro" duration="00:00:00.0015167" startTime="2026-01-14T09:15:27.1785250+01:00" endTime="2026-01-14T09:15:27.1800190+01:00" testType="13cdc9d9-ddb5-4fa4-a97d-d965ccfc6d4b" outcome="Passed" testListId="8c84fa94-04c1-424b-9868-57a2d4851a1d" relativeResultsDirectory="2135f49b-7e0a-4196-9e5c-ef09fe5787cf" />
    <UnitTestResult executionId="a1ae8859-17fb-4f54-8948-6a40c0ee0230" testId="ac0ae93c-e5c4-e23c-edca-3bcda1e6d3e2" testName="Api.Tests.Features.PaymentPolicy.Commands.CreatePaymentPolicyCommandTests.Should_ValidateGuestFeeAmount_GreaterThanOrEqualToZero" computerName="Williams-MacBook-Pro" duration="00:00:00.0005486" startTime="2026-01-14T09:15:27.0717360+01:00" endTime="2026-01-14T09:15:27.0722650+01:00" testType="13cdc9d9-ddb5-4fa4-a97d-d965ccfc6d4b" outcome="Passed" testListId="8c84fa94-04c1-424b-9868-57a2d4851a1d" relativeResultsDirectory="a1ae8859-17fb-4f54-8948-6a40c0ee0230" />
    <UnitTestResult executionId="09760b25-bb9d-4ab8-bc79-046c7e11e6e0" testId="e7918cc0-5609-a7db-4b3d-3398f0994c52" testName="Api.Tests.Features.Booking.Services.PaymentPolicyServiceTests.Should_SupportMultipleCurrencies(currency: &quot;NOK&quot;)" computerName="Williams-MacBook-Pro" duration="00:00:00.0000036" startTime="2026-01-14T09:15:26.7058630+01:00" endTime="2026-01-14T09:15:26.7058850+01:00" testType="13cdc9d9-ddb5-4fa4-a97d-d965ccfc6d4b" outcome="Passed" testListId="8c84fa94-04c1-424b-9868-57a2d4851a1d" relativeResultsDirectory="09760b25-bb9d-4ab8-bc79-046c7e11e6e0" />
    <UnitTestResult executionId="af759f7a-5721-4c6d-a3d0-76caa5c46b0f" testId="0eed3476-c971-ee0c-bcbe-37dc80ec5506" testName="Api.Tests.Features.Booking.Services.CancellationPolicyServiceTests.Should_Apply100PercentFee_WhenConfigured" computerName="Williams-MacBook-Pro" duration="00:00:00.0002525" startTime="2026-01-14T09:15:26.7050390+01:00" endTime="2026-01-14T09:15:26.7055920+01:00" testType="13cdc9d9-ddb5-4fa4-a97d-d965ccfc6d4b" outcome="Passed" testListId="8c84fa94-04c1-424b-9868-57a2d4851a1d" relativeResultsDirectory="af759f7a-5721-4c6d-a3d0-76caa5c46b0f" />
    <UnitTestResult executionId="70453375-71c3-453a-b38b-916b7c604470" testId="00477513-11c7-60d5-c2a5-7f17b6ebd972" testName="Api.Tests.Features.PaymentPolicy.Queries.GetAllPaymentPoliciesQueryTests.Should_ReturnEmptyList_WhenNoPolicies" computerName="Williams-MacBook-Pro" duration="00:00:00.0030807" startTime="2026-01-14T09:15:27.1557310+01:00" endTime="2026-01-14T09:15:27.1583190+01:00" testType="13cdc9d9-ddb5-4fa4-a97d-d965ccfc6d4b" outcome="Passed" testListId="8c84fa94-04c1-424b-9868-57a2d4851a1d" relativeResultsDirectory="70453375-71c3-453a-b38b-916b7c604470" />
    <UnitTestResult executionId="2532ce49-6adc-4db0-a80b-7b39ede0f704" testId="3cf97ef1-29d0-5528-a2e3-5533e498722f" testName="Api.Tests.Features.PaymentPolicy.Commands.CreatePaymentPolicyCommandTests.Should_FailIfTenantDoesNotExist" computerName="Williams-MacBook-Pro" duration="00:00:00.0177332" startTime="2026-01-14T09:15:27.0412260+01:00" endTime="2026-01-14T09:15:27.0588890+01:00" testType="13cdc9d9-ddb5-4fa4-a97d-d965ccfc6d4b" outcome="Passed" testListId="8c84fa94-04c1-424b-9868-57a2d4851a1d" relativeResultsDirectory="2532ce49-6adc-4db0-a80b-7b39ede0f704" />
    <UnitTestResult executionId="bad69c00-bba4-4db6-bd3b-f3882602433b" testId="478e339f-9a10-7c34-a4aa-35bc99ffa24f" testName="Api.Tests.Features.PaymentPolicy.Queries.GetAllPaymentPoliciesQueryTests.Should_NotReturnSoftDeletedPolicies" computerName="Williams-MacBook-Pro" duration="00:00:00.4869091" startTime="2026-01-14T09:15:26.6676750+01:00" endTime="2026-01-14T09:15:27.1552330+01:00" testType="13cdc9d9-ddb5-4fa4-a97d-d965ccfc6d4b" outcome="Passed" testListId="8c84fa94-04c1-424b-9868-57a2d4851a1d" relativeResultsDirectory="bad69c00-bba4-4db6-bd3b-f3882602433b" />
    <UnitTestResult executionId="3c20f799-20be-470d-80a5-101ffeaab84b" testId="e51daa84-3e34-bbdc-87fb-5610e38c0253" testName="Api.Tests.Features.CancellationPolicy.Queries.GetAllCancellationPoliciesQueryTests.Should_SupportPagination" computerName="Williams-MacBook-Pro" duration="00:00:00.0026585" startTime="2026-01-14T09:15:27.1788980+01:00" endTime="2026-01-14T09:15:27.1815010+01:00" testType="13cdc9d9-ddb5-4fa4-a97d-d965ccfc6d4b" outcome="Passed" testListId="8c84fa94-04c1-424b-9868-57a2d4851a1d" relativeResultsDirectory="3c20f799-20be-470d-80a5-101ffeaab84b" />
    <UnitTestResult executionId="983026be-f242-4305-8ce7-2f4f2c7b9c7d" testId="4e3593c2-e20e-8424-a670-1febc8650406" testName="Api.Tests.Features.Booking.Services.BookingPolicyServiceTests.Should_AllowBooking_WhenWithinMaxAdvanceBookingDays" computerName="Williams-MacBook-Pro" duration="00:00:00.0003011" startTime="2026-01-14T09:15:26.7049660+01:00" endTime="2026-01-14T09:15:26.7050620+01:00" testType="13cdc9d9-ddb5-4fa4-a97d-d965ccfc6d4b" outcome="Passed" testListId="8c84fa94-04c1-424b-9868-57a2d4851a1d" relativeResultsDirectory="983026be-f242-4305-8ce7-2f4f2c7b9c7d" />
    <UnitTestResult executionId="2d098a3b-329e-4247-9263-55dead3dcffa" testId="96f455fa-4bdf-096a-1583-6c79b6b7757d" testName="Api.Tests.Features.Booking.Services.CancellationPolicyServiceTests.Should_BlockCancellation_WhenWithinNoCancellationMinutes" computerName="Williams-MacBook-Pro" duration="00:00:00.0064483" startTime="2026-01-14T09:15:26.6676150+01:00" endTime="2026-01-14T09:15:26.6773940+01:00" testType="13cdc9d9-ddb5-4fa4-a97d-d965ccfc6d4b" outcome="Passed" testListId="8c84fa94-04c1-424b-9868-57a2d4851a1d" relativeResultsDirectory="2d098a3b-329e-4247-9263-55dead3dcffa" />
    <UnitTestResult executionId="a52a086d-9765-412d-abb3-1828ed431bde" testId="4cdc2696-1664-ae6d-0194-0eef4c8efb6c" testName="Api.Tests.Features.Booking.Services.CancellationPolicyServiceTests.Should_AllowCancellation_WhenNoPolicyAssigned" computerName="Williams-MacBook-Pro" duration="00:00:00.0003026" startTime="2026-01-14T09:15:26.7047800+01:00" endTime="2026-01-14T09:15:26.7048370+01:00" testType="13cdc9d9-ddb5-4fa4-a97d-d965ccfc6d4b" outcome="Passed" testListId="8c84fa94-04c1-424b-9868-57a2d4851a1d" relativeResultsDirectory="a52a086d-9765-412d-abb3-1828ed431bde" />
    <UnitTestResult executionId="1e6c1aa9-482e-421d-84e5-e4bf76ce3db7" testId="c1dc5e09-3ff5-7fdb-ef9b-8cdcaa3c9002" testName="Api.Tests.Features.PaymentPolicy.Queries.GetAllPaymentPoliciesQueryTests.Should_OrderByCreatedAtDescending" computerName="Williams-MacBook-Pro" duration="00:00:00.0008703" startTime="2026-01-14T09:15:27.1810820+01:00" endTime="2026-01-14T09:15:27.1819910+01:00" testType="13cdc9d9-ddb5-4fa4-a97d-d965ccfc6d4b" outcome="Passed" testListId="8c84fa94-04c1-424b-9868-57a2d4851a1d" relativeResultsDirectory="1e6c1aa9-482e-421d-84e5-e4bf76ce3db7" />
    <UnitTestResult executionId="f912d500-bd71-4cce-a9ae-cd9959849f19" testId="fac9c064-da4e-4c18-2aa3-249ae7f81156" testName="Api.Tests.Features.BookingPolicy.Commands.CreateBookingPolicyCommandTests.Should_ValidateMaxAdvanceBookingDays_GreaterThanZero" computerName="Williams-MacBook-Pro" duration="00:00:00.0010739" startTime="2026-01-14T09:15:27.0588500+01:00" endTime="2026-01-14T09:15:27.0598210+01:00" testType="13cdc9d9-ddb5-4fa4-a97d-d965ccfc6d4b" outcome="Passed" testListId="8c84fa94-04c1-424b-9868-57a2d4851a1d" relativeResultsDirectory="f912d500-bd71-4cce-a9ae-cd9959849f19" />
    <UnitTestResult executionId="4eea29dd-5c14-4dca-ac66-82b93f866cdb" testId="252bfe18-9c69-559a-9b6c-25dbcfc08a61" testName="Api.Tests.Features.PaymentPolicy.Commands.CreatePaymentPolicyCommandTests.Should_AllowZeroPriceAmount" computerName="Williams-MacBook-Pro" duration="00:00:00.0005184" startTime="2026-01-14T09:15:27.0772790+01:00" endTime="2026-01-14T09:15:27.0777480+01:00" testType="13cdc9d9-ddb5-4fa4-a97d-d965ccfc6d4b" outcome="Passed" testListId="8c84fa94-04c1-424b-9868-57a2d4851a1d" relativeResultsDirectory="4eea29dd-5c14-4dca-ac66-82b93f866cdb" />
    <UnitTestResult executionId="1cb0b29c-a194-412c-b0b8-8580149f8f14" testId="fbe92537-68f1-81cd-d2b5-5677c920b263" testName="Api.Tests.Features.CancellationPolicy.Commands.CreateCancellationPolicyCommandTests.Should_CreatePolicy_WithAllRefundMethods" computerName="Williams-MacBook-Pro" duration="00:00:00.0011099" startTime="2026-01-14T09:15:27.0620540+01:00" endTime="2026-01-14T09:15:27.0631620+01:00" testType="13cdc9d9-ddb5-4fa4-a97d-d965ccfc6d4b" outcome="Passed" testListId="8c84fa94-04c1-424b-9868-57a2d4851a1d" relativeResultsDirectory="1cb0b29c-a194-412c-b0b8-8580149f8f14" />
    <UnitTestResult executionId="de983049-43aa-41c9-ba20-8444daa651be" testId="2141e6ef-952a-783e-b593-1346dfd90cad" testName="Api.Tests.Features.BookingPolicy.Commands.CreateBookingPolicyCommandTests.Should_PersistPolicyToDatabase" computerName="Williams-MacBook-Pro" duration="00:00:00.0033927" startTime="2026-01-14T09:15:27.0599250+01:00" endTime="2026-01-14T09:15:27.0637450+01:00" testType="13cdc9d9-ddb5-4fa4-a97d-d965ccfc6d4b" outcome="Passed" testListId="8c84fa94-04c1-424b-9868-57a2d4851a1d" relativeResultsDirectory="de983049-43aa-41c9-ba20-8444daa651be" />
    <UnitTestResult executionId="dc9034cd-0453-43f9-9902-abe142997e79" testId="85729fd4-a3ed-4c15-d382-bed6fd1d6974" testName="Api.Tests.Features.CancellationPolicy.Commands.CreateCancellationPolicyCommandTests.Should_FailIfTenantDoesNotExist" computerName="Williams-MacBook-Pro" duration="00:00:00.0004206" startTime="2026-01-14T09:15:27.0643870+01:00" endTime="2026-01-14T09:15:27.0651780+01:00" testType="13cdc9d9-ddb5-4fa4-a97d-d965ccfc6d4b" outcome="Passed" testListId="8c84fa94-04c1-424b-9868-57a2d4851a1d" relativeResultsDirectory="dc9034cd-0453-43f9-9902-abe142997e79" />
    <UnitTestResult executionId="81e4533f-fafc-427c-9823-eee023335e80" testId="bddbec92-3e26-35ac-3759-9c18b31e306b" testName="Api.Tests.Features.Booking.Services.PaymentPolicyServiceTests.Should_SupportMultipleCurrencies(currency: &quot;USD&quot;)" computerName="Williams-MacBook-Pro" duration="00:00:00.0000029" startTime="2026-01-14T09:15:26.7059230+01:00" endTime="2026-01-14T09:15:26.7059440+01:00" testType="13cdc9d9-ddb5-4fa4-a97d-d965ccfc6d4b" outcome="Passed" testListId="8c84fa94-04c1-424b-9868-57a2d4851a1d" relativeResultsDirectory="81e4533f-fafc-427c-9823-eee023335e80" />
  </Results>
  <TestDefinitions>
    <UnitTest name="Api.Tests.Features.PaymentPolicy.Commands.CreatePaymentPolicyCommandTests.Should_SupportDifferentCurrencies" storage="/users/williamholmberg/documents/programming/work/agent-template/packages/dotnet-api/tests/bin/debug/net9.0/api.tests.dll" id="d40dccbd-b339-9881-0812-5da2d1a3a74a">
      <Execution id="67ab26eb-eac4-43af-b069-5dc50e7e260a" />
      <TestMethod codeBase="/Users/williamholmberg/Documents/Programming/Work/agent-template/packages/dotnet-api/Tests/bin/Debug/net9.0/Api.Tests.dll" adapterTypeName="executor://xunit/VsTestRunner3/netcore/" className="Api.Tests.Features.PaymentPolicy.Commands.CreatePaymentPolicyCommandTests" name="Should_SupportDifferentCurrencies" />
    </UnitTest>
    <UnitTest name="Api.Tests.Features.CancellationPolicy.Commands.CreateCancellationPolicyCommandTests.Should_SetDefaultRefundMethod_ToFullRefund" storage="/users/williamholmberg/documents/programming/work/agent-template/packages/dotnet-api/tests/bin/debug/net9.0/api.tests.dll" id="c459fc9c-33c6-b8d6-70de-9ce25130d642">
      <Execution id="abf1ecda-896d-422d-a5af-98d4f808a3f9" />
      <TestMethod codeBase="/Users/williamholmberg/Documents/Programming/Work/agent-template/packages/dotnet-api/Tests/bin/Debug/net9.0/Api.Tests.dll" adapterTypeName="executor://xunit/VsTestRunner3/netcore/" className="Api.Tests.Features.CancellationPolicy.Commands.CreateCancellationPolicyCommandTests" name="Should_SetDefaultRefundMethod_ToFullRefund" />
    </UnitTest>
    <UnitTest name="Api.Tests.Features.Booking.Services.BookingPolicyServiceTests.Should_AllowBooking_WhenOutsideMinAdvanceBookingMinutes" storage="/users/williamholmberg/documents/programming/work/agent-template/packages/dotnet-api/tests/bin/debug/net9.0/api.tests.dll" id="91e22c10-47e4-3491-c206-47ea817f39fe">
      <Execution id="bc19635e-3de2-4de3-9c7c-ef5a18660576" />
[...]
    <TestEntry testId="5620bae9-9b2b-b8cb-3b17-ac1edad720b8" executionId="cd7d9ad8-8de2-43fc-b618-777eb585ac72" testListId="8c84fa94-04c1-424b-9868-57a2d4851a1d" />
    <TestEntry testId="49d456cc-ced9-12f5-e709-a6da5f3adcef" executionId="86f6e68d-c92a-4023-82b3-cc1c2ac781f4" testListId="8c84fa94-04c1-424b-9868-57a2d4851a1d" />
    <TestEntry testId="5dfbb6e8-9120-b067-7cd2-77fb816665db" executionId="674be702-2738-4188-8d39-e8924119859b" testListId="8c84fa94-04c1-424b-9868-57a2d4851a1d" />
    <TestEntry testId="87b698d9-7e1e-7516-40bf-9c384c34b53f" executionId="affcb22c-13d7-4722-8482-bbe5b1ccbe5c" testListId="8c84fa94-04c1-424b-9868-57a2d4851a1d" />
    <TestEntry testId="e97c35b8-a562-4c49-c868-e6b8f1777ff8" executionId="86c58fe6-775e-473f-9d7a-337781bf6b94" testListId="8c84fa94-04c1-424b-9868-57a2d4851a1d" />
    <TestEntry testId="e2c219e5-a6da-21f1-4f2f-76153cbbd66a" executionId="fea5cfa3-8c09-4384-bba0-8d3c43517cec" testListId="8c84fa94-04c1-424b-9868-57a2d4851a1d" />
    <TestEntry testId="077bd792-41de-5813-a978-c32c0cc6b84a" executionId="e9a07159-27d8-47f8-86b3-241363748f0f" testListId="8c84fa94-04c1-424b-9868-57a2d4851a1d" />
    <TestEntry testId="1638612c-e667-3274-a2ae-773d225a80a4" executionId="0b29093e-a40a-4bbf-a850-3784eeef1f32" testListId="8c84fa94-04c1-424b-9868-57a2d4851a1d" />
    <TestEntry testId="0fbcc648-95e5-bb52-5a5c-ae25482a34a2" executionId="ed5ca2c9-adda-4a9b-86c0-4f56f703d561" testListId="8c84fa94-04c1-424b-9868-57a2d4851a1d" />
    <TestEntry testId="abb28863-b657-b993-4e67-957e1ca4e3f6" executionId="664adcdb-12ec-47db-b437-2add10dc06d1" testListId="8c84fa94-04c1-424b-9868-57a2d4851a1d" />
    <TestEntry testId="d9b7ab3a-ddb8-d3c8-1565-dd5d49de096c" executionId="4dadcd81-65ff-48be-9a34-e18e42b85e37" testListId="8c84fa94-04c1-424b-9868-57a2d4851a1d" />
    <TestEntry testId="98650031-177d-2aff-7a82-b2aec4b492f8" executionId="027015ba-0ca4-4d24-aa82-d986495285d6" testListId="8c84fa94-04c1-424b-9868-57a2d4851a1d" />
    <TestEntry testId="8a443351-b761-a893-09c4-d465fcd0c206" executionId="e5fb9a07-4de9-48ac-9dde-e82f7035b452" testListId="8c84fa94-04c1-424b-9868-57a2d4851a1d" />
    <TestEntry testId="09f45634-26d7-c008-4827-01e91d18d765" executionId="ba4cb8ae-1fd0-4fb5-abe2-0648639a1464" testListId="8c84fa94-04c1-424b-9868-57a2d4851a1d" />
    <TestEntry testId="32d78fd4-d151-9eaa-ca86-ee1b6b13859e" executionId="7725e4b5-c88e-4ca5-bd52-0095da3c92f8" testListId="8c84fa94-04c1-424b-9868-57a2d4851a1d" />
    <TestEntry testId="313bf884-c316-e212-6aa8-93e86e74cefc" executionId="567f0ddb-ea9e-4b1c-a56e-598f73624605" testListId="8c84fa94-04c1-424b-9868-57a2d4851a1d" />
    <TestEntry testId="c09d8f2d-4301-747a-fa74-d88d3add7f15" executionId="2057074b-b889-4757-b6d0-bd5ab0760717" testListId="8c84fa94-04c1-424b-9868-57a2d4851a1d" />
    <TestEntry testId="6478cb10-0c3a-d83a-0972-8ef8bd52447e" executionId="cafe1e2b-cd71-4592-ad8c-baac9026fadd" testListId="8c84fa94-04c1-424b-9868-57a2d4851a1d" />
    <TestEntry testId="7310b5c7-820c-e1f1-845d-e2e45e22d346" executionId="51584b76-e80d-49d1-a052-7886c7baba4c" testListId="8c84fa94-04c1-424b-9868-57a2d4851a1d" />
    <TestEntry testId="b8e11805-310a-f550-9227-6ae502999eff" executionId="e81147d3-1bfc-4a80-a74b-a61e95139b1a" testListId="8c84fa94-04c1-424b-9868-57a2d4851a1d" />
    <TestEntry testId="1979c418-117a-2057-9824-8bf1fa994239" executionId="880334b6-539b-4bf5-85ca-1d53f710d308" testListId="8c84fa94-04c1-424b-9868-57a2d4851a1d" />
    <TestEntry testId="3794dbe4-881c-1f8e-7c11-77edbd940339" executionId="d256f6c5-621b-42e4-a119-b40132de1dc1" testListId="8c84fa94-04c1-424b-9868-57a2d4851a1d" />
    <TestEntry testId="76f0ebef-9b27-4962-811b-9e221922a4d3" executionId="245eb397-74b5-40ee-a278-dbf1c3032ba6" testListId="8c84fa94-04c1-424b-9868-57a2d4851a1d" />
    <TestEntry testId="6c947757-c966-9458-2704-fa2cd5954218" executionId="f4c14353-ede9-4276-b18d-c2d06ed3e2ec" testListId="8c84fa94-04c1-424b-9868-57a2d4851a1d" />
    <TestEntry testId="c523e922-f299-93e0-a82e-cef9e1c65034" executionId="cce6f764-0d89-430b-9a2b-d09781afaf03" testListId="8c84fa94-04c1-424b-9868-57a2d4851a1d" />
    <TestEntry testId="5c8a57d9-3c12-699a-2304-875ce23facdd" executionId="c601e18f-65c3-46b6-bbd2-9b7a49e208c5" testListId="8c84fa94-04c1-424b-9868-57a2d4851a1d" />
    <TestEntry testId="f2f0af04-11b5-5d2b-b273-4df99649395b" executionId="412bf272-61b4-42bc-b1b5-dbd7a82e1233" testListId="8c84fa94-04c1-424b-9868-57a2d4851a1d" />
    <TestEntry testId="82dc4275-5d55-9a15-7088-8709d8a937b9" executionId="4e6566fe-d746-4694-8295-b58c83f4e5e0" testListId="8c84fa94-04c1-424b-9868-57a2d4851a1d" />
    <TestEntry testId="d40dccbd-b339-9881-0812-5da2d1a3a74a" executionId="67ab26eb-eac4-43af-b069-5dc50e7e260a" testListId="8c84fa94-04c1-424b-9868-57a2d4851a1d" />
    <TestEntry testId="3dd5df18-e5a2-b71f-4610-d93df5c2bef2" executionId="0feb76c7-0a7d-4717-a521-6326f4114d1c" testListId="8c84fa94-04c1-424b-9868-57a2d4851a1d" />
    <TestEntry testId="2cba670b-1024-8ca3-2bfe-cc579086b647" executionId="0b27d44d-f197-42da-af9a-cdc919a54359" testListId="8c84fa94-04c1-424b-9868-57a2d4851a1d" />
    <TestEntry testId="76076ecb-4622-0ed6-dc37-d2f216496f88" executionId="d8f6405d-4e52-434e-ae7f-041501255207" testListId="8c84fa94-04c1-424b-9868-57a2d4851a1d" />
    <TestEntry testId="fd239626-65b0-8ac7-1345-fc9ab27c6b98" executionId="5513719c-a825-44bc-8094-1f18d524c874" testListId="8c84fa94-04c1-424b-9868-57a2d4851a1d" />
    <TestEntry testId="62fd4599-a89a-831f-0224-d1184cb70a16" executionId="66e5562e-f91c-4a34-80af-c9891bc0e4c3" testListId="8c84fa94-04c1-424b-9868-57a2d4851a1d" />
    <TestEntry testId="9d5f5f1b-6cba-257a-eee3-f5b28a82238e" executionId="21a46db7-7b86-413e-8ca0-83e6d805e0b9" testListId="8c84fa94-04c1-424b-9868-57a2d4851a1d" />
    <TestEntry testId="1428f1e0-36e4-7eb6-9ff7-00737458696a" executionId="49f063b3-2245-48a1-8784-65bf7f9d07c9" testListId="8c84fa94-04c1-424b-9868-57a2d4851a1d" />
    <TestEntry testId="6e853e72-6f9d-9879-f1ab-4abc9389f6d5" executionId="0b613795-baef-48d9-b6b0-e10a6f61d708" testListId="8c84fa94-04c1-424b-9868-57a2d4851a1d" />
    <TestEntry testId="61e3d99f-cf0e-ef05-ff44-1eafa196a2d2" executionId="78cacae9-803b-4769-a728-1b5190d64404" testListId="8c84fa94-04c1-424b-9868-57a2d4851a1d" />
    <TestEntry testId="dcf62426-7c78-390c-9f8f-a335ca7d61dc" executionId="3c405d1e-7702-40b5-9b85-30bf668ede8d" testListId="8c84fa94-04c1-424b-9868-57a2d4851a1d" />
    <TestEntry testId="9f497862-6471-3936-9074-c145207cbcc9" executionId="3710e3a1-834a-4fff-980c-9ea145453aa0" testListId="8c84fa94-04c1-424b-9868-57a2d4851a1d" />
    <TestEntry testId="b406a12d-4626-3a27-2241-e48a77cec5e6" executionId="5572cf11-c646-4759-a583-af264f70bad4" testListId="8c84fa94-04c1-424b-9868-57a2d4851a1d" />
    <TestEntry testId="241b23f8-8c69-932e-7359-7bde97f36d0a" executionId="744c6181-bff5-493f-8901-9cae249e3fe6" testListId="8c84fa94-04c1-424b-9868-57a2d4851a1d" />
    <TestEntry testId="d7b44ad9-2f45-d962-c822-03cef5f949d1" executionId="c06529e6-a867-4545-bf31-5196479274d8" testListId="8c84fa94-04c1-424b-9868-57a2d4851a1d" />
    <TestEntry testId="059cff1d-33b4-2cb0-8a2d-a29d625cc179" executionId="9e32b7b7-d838-42a4-b7d4-4cfdc4e3477f" testListId="8c84fa94-04c1-424b-9868-57a2d4851a1d" />
    <TestEntry testId="a9b1d138-dde0-641b-98ab-455df68f4bc7" executionId="f6e741b1-a5c8-48ff-b8a5-9f5185877c3c" testListId="8c84fa94-04c1-424b-9868-57a2d4851a1d" />
    <TestEntry testId="2c082ad0-4415-0a54-4d66-23a35769d349" executionId="a4ae84b2-aac8-40c4-8ecd-5bada16388d4" testListId="8c84fa94-04c1-424b-9868-57a2d4851a1d" />
    <TestEntry testId="b4638ee5-8f6e-1a71-0d21-cd86c194861c" executionId="0fceb93e-87d0-4e38-a2bb-41b981c66b96" testListId="8c84fa94-04c1-424b-9868-57a2d4851a1d" />
    <TestEntry testId="b0a64724-5ded-062b-dcad-8830b2426b0e" executionId="6d51a7f8-4f5c-45e5-956f-78e2ccb34385" testListId="8c84fa94-04c1-424b-9868-57a2d4851a1d" />
    <TestEntry testId="dbf0e54d-c2da-ccb8-88db-c61ee9dd52d8" executionId="c4c0afb5-bc5a-4675-9d88-938b8cc62b90" testListId="8c84fa94-04c1-424b-9868-57a2d4851a1d" />
    <TestEntry testId="88c9ef67-2a8b-f647-d92f-b2a6b913f993" executionId="609d6a26-e6db-47f1-a80f-9738abb370ed" testListId="8c84fa94-04c1-424b-9868-57a2d4851a1d" />
    <TestEntry testId="0ff01895-d130-06d9-1760-fecb035a3f7e" executionId="0a599f5c-1aa1-4893-8272-b88857f1e3b3" testListId="8c84fa94-04c1-424b-9868-57a2d4851a1d" />
    <TestEntry testId="7fd81b51-edb1-5a6f-2693-bd1711dd18d8" executionId="68db508d-9832-478e-89e2-d89fff367bbf" testListId="8c84fa94-04c1-424b-9868-57a2d4851a1d" />
    <TestEntry testId="a578fc0f-d76d-0048-5f0d-e123d743a5ce" executionId="dfe95e5e-d4e6-4dbc-805a-02c8fd311fc9" testListId="8c84fa94-04c1-424b-9868-57a2d4851a1d" />
    <TestEntry testId="c0a78f20-5305-438d-bc10-1ae4a2b15d9a" executionId="dc1dabdd-168f-4707-8341-62fbb63ac317" testListId="8c84fa94-04c1-424b-9868-57a2d4851a1d" />
    <TestEntry testId="0dc84f30-3225-c859-0135-3b849a2b0119" executionId="73f9ca55-f9ec-4077-b860-89d116de15ed" testListId="8c84fa94-04c1-424b-9868-57a2d4851a1d" />
    <TestEntry testId="d807f629-aa15-d5d7-583b-e7eea0de42b6" executionId="33bd5aa2-7e1b-4b7f-9ceb-3dbf14a30ee0" testListId="8c84fa94-04c1-424b-9868-57a2d4851a1d" />
    <TestEntry testId="c459fc9c-33c6-b8d6-70de-9ce25130d642" executionId="abf1ecda-896d-422d-a5af-98d4f808a3f9" testListId="8c84fa94-04c1-424b-9868-57a2d4851a1d" />
    <TestEntry testId="ed86930a-410c-749d-61c3-162fd409e700" executionId="d31bf100-0110-4eaf-b58a-327bb44f34ca" testListId="8c84fa94-04c1-424b-9868-57a2d4851a1d" />
    <TestEntry testId="5028d9f0-7aa3-3653-9298-0115ea21208c" executionId="a92aa607-c3db-4522-9f18-4fdde03528e0" testListId="8c84fa94-04c1-424b-9868-57a2d4851a1d" />
    <TestEntry testId="88e11010-8eca-3dd8-cf1e-0369a45c8dea" executionId="d234d3ef-d2fd-4e34-b23f-3ec03decb553" testListId="8c84fa94-04c1-424b-9868-57a2d4851a1d" />
    <TestEntry testId="2facf88d-fbfe-cd8d-e33d-715285b26b3d" executionId="7e5c5576-7c6d-49ac-bd87-203ce998fb9e" testListId="8c84fa94-04c1-424b-9868-57a2d4851a1d" />
    <TestEntry testId="1e6985b5-fd03-2663-f04b-da909f2a5df8" executionId="d6ab999e-8ecc-4f21-9860-03e17435c7cf" testListId="8c84fa94-04c1-424b-9868-57a2d4851a1d" />
    <TestEntry testId="08287586-a853-bd9c-7f54-7a373385e91c" executionId="5ed3c8de-c39c-46ef-a3a5-c7499d298d1c" testListId="8c84fa94-04c1-424b-9868-57a2d4851a1d" />
    <TestEntry testId="dec2c6e5-2ba6-8fcd-1e26-69caf8b908a5" executionId="f62eb544-a1d1-49ab-ac0e-cff27489221d" testListId="8c84fa94-04c1-424b-9868-57a2d4851a1d" />
    <TestEntry testId="5a9dfe78-b911-565d-3e04-e14a3032f884" executionId="1963a3cd-0ceb-4e81-a89f-2e0ba7037e81" testListId="8c84fa94-04c1-424b-9868-57a2d4851a1d" />
    <TestEntry testId="f5919b28-ce2f-ff8d-6c17-7a50a1b2f5d9" executionId="8d649c95-69a3-4d28-b945-719a08168d75" testListId="8c84fa94-04c1-424b-9868-57a2d4851a1d" />
    <TestEntry testId="316bde80-aada-2f4a-7c3f-4a432fd2bbaf" executionId="1d13afb0-16b8-41be-b49e-71a41324b985" testListId="8c84fa94-04c1-424b-9868-57a2d4851a1d" />
    <TestEntry testId="0bd60233-1a1a-e66e-e473-92f201ccea27" executionId="5473223b-06f4-46ce-8abc-acee6c3f5216" testListId="8c84fa94-04c1-424b-9868-57a2d4851a1d" />
    <TestEntry testId="4f1a448e-9a0f-b935-1033-3b655b917a01" executionId="c7bd929c-bc1e-4ea1-9b2a-1f2f43324431" testListId="8c84fa94-04c1-424b-9868-57a2d4851a1d" />
    <TestEntry testId="edca175c-71b2-86b0-bb1e-8a37add478e3" executionId="877c6b72-30b5-4a25-b96e-92ea63080336" testListId="8c84fa94-04c1-424b-9868-57a2d4851a1d" />
    <TestEntry testId="6f1875d4-e7ae-d979-5f91-3990cfc3bbf5" executionId="5a849610-35bf-4c15-aaa4-e353ad93e89a" testListId="8c84fa94-04c1-424b-9868-57a2d4851a1d" />
    <TestEntry testId="cd3f39ed-fda3-f58e-e28c-147238bf4ece" executionId="a92bac01-5f95-4819-b6ad-b929ebad45ac" testListId="8c84fa94-04c1-424b-9868-57a2d4851a1d" />
    <TestEntry testId="f524311d-4be5-e608-0da0-da93cebb151e" executionId="5282d710-44e7-4ec7-a771-f86583b727f7" testListId="8c84fa94-04c1-424b-9868-57a2d4851a1d" />
    <TestEntry testId="b273f31e-dc4c-99e7-eede-13b88519f852" executionId="fde29fa6-317c-42b5-a25d-d9586823b94a" testListId="8c84fa94-04c1-424b-9868-57a2d4851a1d" />
    <TestEntry testId="cf1009a3-0d57-519b-056c-646503be8317" executionId="e0175ea7-7728-46a6-b4db-143cad5a607c" testListId="8c84fa94-04c1-424b-9868-57a2d4851a1d" />
    <TestEntry testId="91e22c10-47e4-3491-c206-47ea817f39fe" executionId="bc19635e-3de2-4de3-9c7c-ef5a18660576" testListId="8c84fa94-04c1-424b-9868-57a2d4851a1d" />
    <TestEntry testId="9c6d8010-940c-1cd8-9cd2-8b3b52161186" executionId="06d63743-d30e-47e4-8655-cd988aad5c3e" testListId="8c84fa94-04c1-424b-9868-57a2d4851a1d" />
    <TestEntry testId="8cc62eb1-a795-cb54-0423-b76a2adfc60a" executionId="c6897a38-ecb5-4da4-bca0-bedbeac5b1af" testListId="8c84fa94-04c1-424b-9868-57a2d4851a1d" />
    <TestEntry testId="9ec43ac8-4ddb-febb-51f5-5353a016deff" executionId="463b518f-1384-4b37-8fe4-97f252763499" testListId="8c84fa94-04c1-424b-9868-57a2d4851a1d" />
    <TestEntry testId="d9a5a052-bf3e-f49f-f6fc-e9cc71ccf9e0" executionId="610c69fb-d0ad-4157-a849-9d492c6ae0d6" testListId="8c84fa94-04c1-424b-9868-57a2d4851a1d" />
    <TestEntry testId="2d107e9c-d015-9d7a-2aeb-c5b75644768c" executionId="9255a1fd-bdee-4274-863e-28bf1e603a86" testListId="8c84fa94-04c1-424b-9868-57a2d4851a1d" />
    <TestEntry testId="cc986ae0-fae6-aa8b-fba8-ac8f9a5658f5" executionId="c6ca828e-fd50-40ee-ac0b-c30b3ed2efc8" testListId="8c84fa94-04c1-424b-9868-57a2d4851a1d" />
    <TestEntry testId="fadf116a-57af-4b32-9bf8-a099df7d6738" executionId="03fbc29f-56a4-47e9-94d5-a9232ba010b2" testListId="8c84fa94-04c1-424b-9868-57a2d4851a1d" />
    <TestEntry testId="931d1d70-6ae4-ecc9-686f-d5892368fd31" executionId="2f93849a-61d5-4dc4-b6e3-e7505e3602f6" testListId="8c84fa94-04c1-424b-9868-57a2d4851a1d" />
    <TestEntry testId="c67343a4-4e19-ea38-722d-a4be987dc9f9" executionId="babf7ce2-6733-4f38-bf2d-94051bb849d8" testListId="8c84fa94-04c1-424b-9868-57a2d4851a1d" />
    <TestEntry testId="1e86f3e7-8a8c-ee43-a31b-56c8f082b4e3" executionId="32cc09e4-9bff-4f8c-a840-5c0ab3c2ab6b" testListId="8c84fa94-04c1-424b-9868-57a2d4851a1d" />
    <TestEntry testId="252b67ef-8acf-1b92-756f-b2f3572fd1ff" executionId="90e2f9a4-23a0-4b7c-906b-d172fb915211" testListId="8c84fa94-04c1-424b-9868-57a2d4851a1d" />
    <TestEntry testId="273a7887-bd9e-2cb0-dafe-4e738508865d" executionId="2135f49b-7e0a-4196-9e5c-ef09fe5787cf" testListId="8c84fa94-04c1-424b-9868-57a2d4851a1d" />
    <TestEntry testId="ac0ae93c-e5c4-e23c-edca-3bcda1e6d3e2" executionId="a1ae8859-17fb-4f54-8948-6a40c0ee0230" testListId="8c84fa94-04c1-424b-9868-57a2d4851a1d" />
    <TestEntry testId="e7918cc0-5609-a7db-4b3d-3398f0994c52" executionId="09760b25-bb9d-4ab8-bc79-046c7e11e6e0" testListId="8c84fa94-04c1-424b-9868-57a2d4851a1d" />
    <TestEntry testId="0eed3476-c971-ee0c-bcbe-37dc80ec5506" executionId="af759f7a-5721-4c6d-a3d0-76caa5c46b0f" testListId="8c84fa94-04c1-424b-9868-57a2d4851a1d" />
    <TestEntry testId="00477513-11c7-60d5-c2a5-7f17b6ebd972" executionId="70453375-71c3-453a-b38b-916b7c604470" testListId="8c84fa94-04c1-424b-9868-57a2d4851a1d" />
    <TestEntry testId="3cf97ef1-29d0-5528-a2e3-5533e498722f" executionId="2532ce49-6adc-4db0-a80b-7b39ede0f704" testListId="8c84fa94-04c1-424b-9868-57a2d4851a1d" />
    <TestEntry testId="478e339f-9a10-7c34-a4aa-35bc99ffa24f" executionId="bad69c00-bba4-4db6-bd3b-f3882602433b" testListId="8c84fa94-04c1-424b-9868-57a2d4851a1d" />
    <TestEntry testId="e51daa84-3e34-bbdc-87fb-5610e38c0253" executionId="3c20f799-20be-470d-80a5-101ffeaab84b" testListId="8c84fa94-04c1-424b-9868-57a2d4851a1d" />
    <TestEntry testId="4e3593c2-e20e-8424-a670-1febc8650406" executionId="983026be-f242-4305-8ce7-2f4f2c7b9c7d" testListId="8c84fa94-04c1-424b-9868-57a2d4851a1d" />
    <TestEntry testId="96f455fa-4bdf-096a-1583-6c79b6b7757d" executionId="2d098a3b-329e-4247-9263-55dead3dcffa" testListId="8c84fa94-04c1-424b-9868-57a2d4851a1d" />
    <TestEntry testId="4cdc2696-1664-ae6d-0194-0eef4c8efb6c" executionId="a52a086d-9765-412d-abb3-1828ed431bde" testListId="8c84fa94-04c1-424b-9868-57a2d4851a1d" />
    <TestEntry testId="c1dc5e09-3ff5-7fdb-ef9b-8cdcaa3c9002" executionId="1e6c1aa9-482e-421d-84e5-e4bf76ce3db7" testListId="8c84fa94-04c1-424b-9868-57a2d4851a1d" />
    <TestEntry testId="fac9c064-da4e-4c18-2aa3-249ae7f81156" executionId="f912d500-bd71-4cce-a9ae-cd9959849f19" testListId="8c84fa94-04c1-424b-9868-57a2d4851a1d" />
    <TestEntry testId="252bfe18-9c69-559a-9b6c-25dbcfc08a61" executionId="4eea29dd-5c14-4dca-ac66-82b93f866cdb" testListId="8c84fa94-04c1-424b-9868-57a2d4851a1d" />
    <TestEntry testId="fbe92537-68f1-81cd-d2b5-5677c920b263" executionId="1cb0b29c-a194-412c-b0b8-8580149f8f14" testListId="8c84fa94-04c1-424b-9868-57a2d4851a1d" />
    <TestEntry testId="2141e6ef-952a-783e-b593-1346dfd90cad" executionId="de983049-43aa-41c9-ba20-8444daa651be" testListId="8c84fa94-04c1-424b-9868-57a2d4851a1d" />
    <TestEntry testId="85729fd4-a3ed-4c15-d382-bed6fd1d6974" executionId="dc9034cd-0453-43f9-9902-abe142997e79" testListId="8c84fa94-04c1-424b-9868-57a2d4851a1d" />
    <TestEntry testId="bddbec92-3e26-35ac-3759-9c18b31e306b" executionId="81e4533f-fafc-427c-9823-eee023335e80" testListId="8c84fa94-04c1-424b-9868-57a2d4851a1d" />
  </TestEntries>
  <TestLists>
    <TestList name="Results Not in a List" id="8c84fa94-04c1-424b-9868-57a2d4851a1d" />
    <TestList name="All Loaded Results" id="19431567-8539-422a-85d7-44ee4e166bda" />
  </TestLists>
  <ResultSummary outcome="Failed">
    <Counters total="132" executed="132" passed="131" failed="1" error="0" timeout="0" aborted="0" inconclusive="0" passedButRunAborted="0" notRunnable="0" notExecuted="0" disconnected="0" warning="0" completed="0" inProgress="0" pending="0" />
    <Output>
      <StdOut>[xUnit.net 00:00:00.00] xUnit.net VSTest Adapter v3.1.0+00ab0a9ec4 (64-bit .NET 9.0.2)
[xUnit.net 00:00:00.04]   Discovering: Api.Tests
[xUnit.net 00:00:00.08]   Discovered:  Api.Tests
[xUnit.net 00:00:00.10]   Starting:    Api.Tests
[xUnit.net 00:00:00.17]       Expected result.Value.DepositAmount to be 33.17M, but found 33.16M (difference of -0.01).
[xUnit.net 00:00:00.17]       Stack Trace:
[xUnit.net 00:00:00.17]            at FluentAssertions.Execution.LateBoundTestFramework.Throw(String message)
[xUnit.net 00:00:00.17]            at FluentAssertions.Execution.TestFrameworkProvider.Throw(String message)
[xUnit.net 00:00:00.17]            at FluentAssertions.Execution.DefaultAssertionStrategy.HandleFailure(String message)
[xUnit.net 00:00:00.17]            at FluentAssertions.Execution.AssertionScope.FailWith(Func`1 failReasonFunc)
[xUnit.net 00:00:00.17]            at FluentAssertions.Execution.AssertionScope.FailWith(Func`1 failReasonFunc)
[xUnit.net 00:00:00.17]            at FluentAssertions.Execution.AssertionScope.FailWith(String message, Object[] args)
[xUnit.net 00:00:00.17]            at FluentAssertions.Numeric.NumericAssertions`2.Be(T expected, String because, Object[] becauseArgs)
[xUnit.net 00:00:00.17]         /Users/williamholmberg/Documents/Programming/Work/agent-template/packages/dotnet-api/Tests/Features/Booking/Services/PaymentPolicyServiceTests.cs(281,0): at Api.Tests.Features.Booking.Services.PaymentPolicyServiceTests.Should_RoundDepositToTwoDecimalPlaces()
[xUnit.net 00:00:00.17]         --- End of stack trace from previous location ---
[xUnit.net 00:00:00.63]   Finished:    Api.Tests
</StdOut>
    </Output>
    <RunInfos>
      <RunInfo computerName="Williams-MacBook-Pro" outcome="Error" timestamp="2026-01-14T09:15:26.7251320+01:00">
        <Text>[xUnit.net 00:00:00.17]     Api.Tests.Features.Booking.Services.PaymentPolicyServiceTests.Should_RoundDepositToTwoDecimalPlaces [FAIL]</Text>
      </RunInfo>
    </RunInfos>
  </ResultSummary>
</TestRun>