<?xml version="1.0" encoding="utf-8"?>
<TestRun id="e8936167-8a2a-4b4d-b818-a08708edc6df" name="@149097c36171 2026-05-16 22:07:45" xmlns="http://microsoft.com/schemas/VisualStudio/TeamTest/2010">
  <Times creation="2026-05-16T22:07:45.1167807+00:00" queuing="2026-05-16T22:07:45.1167807+00:00" start="2026-05-16T22:07:41.6003121+00:00" finish="2026-05-16T22:07:46.6172338+00:00" />
  <TestSettings name="default" id="db6e105b-5bd0-4d48-a13d-3704da309801">
    <Deployment runDeploymentRoot="_149097c36171_2026-05-16_22_07_45" />
  </TestSettings>
  <Results>
    <UnitTestResult executionId="a1e6209e-8cac-4940-8244-081741a0ef51" testId="6192d196-c1b7-cb5e-bcd0-fe63f02e5022" testName="Api.Tests.Features.SignalR.AgentHubSubmitPromptTests.SubmitPrompt_NoPriorSucceededSession_ClaudeSessionIdIsNull" computerName="149097c36171" duration="00:00:00.0397674" startTime="2026-05-16T22:07:45.9498376+00:00" endTime="2026-05-16T22:07:45.9847387+00:00" testType="13cdc9d9-ddb5-4fa4-a97d-d965ccfc6d4b" outcome="Failed" testListId="8c84fa94-04c1-424b-9868-57a2d4851a1d" relativeResultsDirectory="a1e6209e-8cac-4940-8244-081741a0ef51">
      <Output>
        <ErrorInfo>
          <Message>Microsoft.AspNetCore.SignalR.HubException : No runtime for this branch</Message>
          <StackTrace>   at Source.Features.SignalR.Hubs.AgentHub.SubmitPrompt(SubmitPromptPayload payload) in /workspace/packages/dotnet-api/Source/Features/SignalR/Hubs/AgentHub.cs:line 248
   at Api.Tests.Features.SignalR.AgentHubSubmitPromptTests.SubmitPrompt_NoPriorSucceededSession_ClaudeSessionIdIsNull() in /workspace/packages/dotnet-api/Tests/Features/SignalR/AgentHubSubmitPromptTests.cs:line 317
--- End of stack trace from previous location ---</StackTrace>
        </ErrorInfo>
      </Output>
    </UnitTestResult>
    <UnitTestResult executionId="8745b458-aaac-474d-b357-69047a45fc14" testId="ca2063f5-6e76-f575-396e-413beb8186b7" testName="Api.Tests.Features.SignalR.AgentHubSubmitPromptTests.SubmitPrompt_QueueableNotOnlineState_QueuesInsteadOfThrowing(state: Bootstrapping)" computerName="149097c36171" duration="00:00:00.0472443" startTime="2026-05-16T22:07:45.3128250+00:00" endTime="2026-05-16T22:07:45.3590070+00:00" testType="13cdc9d9-ddb5-4fa4-a97d-d965ccfc6d4b" outcome="Failed" testListId="8c84fa94-04c1-424b-9868-57a2d4851a1d" relativeResultsDirectory="8745b458-aaac-474d-b357-69047a45fc14">
      <Output>
        <ErrorInfo>
          <Message>Microsoft.AspNetCore.SignalR.HubException : No runtime for this branch</Message>
          <StackTrace>   at Source.Features.SignalR.Hubs.AgentHub.SubmitPrompt(SubmitPromptPayload payload) in /workspace/packages/dotnet-api/Source/Features/SignalR/Hubs/AgentHub.cs:line 248
   at Api.Tests.Features.SignalR.AgentHubSubmitPromptTests.SubmitPrompt_QueueableNotOnlineState_QueuesInsteadOfThrowing(RuntimeState state) in /workspace/packages/dotnet-api/Tests/Features/SignalR/AgentHubSubmitPromptTests.cs:line 549
--- End of stack trace from previous location ---</StackTrace>
        </ErrorInfo>
      </Output>
    </UnitTestResult>
    <UnitTestResult executionId="328e02f8-6cb0-4a1e-bfd0-25e5e4b8d190" testId="076266d1-f007-97f8-eae4-550d9d22193d" testName="Api.Tests.Features.SignalR.AgentHubSubmitPromptTests.SubmitPrompt_QueueableNotOnlineState_QueuesInsteadOfThrowing(state: Suspended)" computerName="149097c36171" duration="00:00:00.0777581" startTime="2026-05-16T22:07:45.3600171+00:00" endTime="2026-05-16T22:07:45.4375162+00:00" testType="13cdc9d9-ddb5-4fa4-a97d-d965ccfc6d4b" outcome="Failed" testListId="8c84fa94-04c1-424b-9868-57a2d4851a1d" relativeResultsDirectory="328e02f8-6cb0-4a1e-bfd0-25e5e4b8d190">
      <Output>
        <ErrorInfo>
          <Message>Microsoft.AspNetCore.SignalR.HubException : No runtime for this branch</Message>
          <StackTrace>   at Source.Features.SignalR.Hubs.AgentHub.SubmitPrompt(SubmitPromptPayload payload) in /workspace/packages/dotnet-api/Source/Features/SignalR/Hubs/AgentHub.cs:line 248
   at Api.Tests.Features.SignalR.AgentHubSubmitPromptTests.SubmitPrompt_QueueableNotOnlineState_QueuesInsteadOfThrowing(RuntimeState state) in /workspace/packages/dotnet-api/Tests/Features/SignalR/AgentHubSubmitPromptTests.cs:line 549
--- End of stack trace from previous location ---</StackTrace>
        </ErrorInfo>
      </Output>
    </UnitTestResult>
    <UnitTestResult executionId="40b45d83-f8a9-4d10-b827-b4ceacac14fa" testId="e67d6a3e-6e08-f42a-37c9-6118188844e3" testName="Api.Tests.Features.SignalR.AgentHubSubmitPromptTests.SubmitPrompt_NonQueueableNotOnlineState_StillThrows(state: Failed)" computerName="149097c36171" duration="00:00:00.0527262" startTime="2026-05-16T22:07:45.0618609+00:00" endTime="2026-05-16T22:07:45.1130541+00:00" testType="13cdc9d9-ddb5-4fa4-a97d-d965ccfc6d4b" outcome="Failed" testListId="8c84fa94-04c1-424b-9868-57a2d4851a1d" relativeResultsDirectory="40b45d83-f8a9-4d10-b827-b4ceacac14fa">
      <Output>
        <ErrorInfo>
          <Message>Expected ex.Which.Message "No runtime for this branch" to contain "must be Online".</Message>
          <StackTrace>   at FluentAssertions.Execution.LateBoundTestFramework.Throw(String message)
   at FluentAssertions.Execution.TestFrameworkProvider.Throw(String message)
   at FluentAssertions.Execution.DefaultAssertionStrategy.HandleFailure(String message)
   at FluentAssertions.Execution.AssertionScope.FailWith(Func`1 failReasonFunc)
   at FluentAssertions.Execution.AssertionScope.FailWith(Func`1 failReasonFunc)
   at FluentAssertions.Execution.AssertionScope.FailWith(String message, Object[] args)
   at FluentAssertions.Primitives.StringAssertions`1.Contain(String expected, String because, Object[] becauseArgs)
   at Api.Tests.Features.SignalR.AgentHubSubmitPromptTests.SubmitPrompt_NonQueueableNotOnlineState_StillThrows(RuntimeState state) in /workspace/packages/dotnet-api/Tests/Features/SignalR/AgentHubSubmitPromptTests.cs:line 595
--- End of stack trace from previous location ---</StackTrace>
        </ErrorInfo>
      </Output>
    </UnitTestResult>
    <UnitTestResult executionId="1f5d804c-b44a-4c47-8fd7-c6de11c51c08" testId="e487a97b-f6f4-7d46-2f55-b348a207adf0" testName="Api.Tests.Features.SignalR.AgentHubSubmitPromptTests.SubmitPrompt_NonQueueableNotOnlineState_StillThrows(state: Deleting)" computerName="149097c36171" duration="00:00:00.0488313" startTime="2026-05-16T22:07:45.1153243+00:00" endTime="2026-05-16T22:07:45.1624542+00:00" testType="13cdc9d9-ddb5-4fa4-a97d-d965ccfc6d4b" outcome="Failed" testListId="8c84fa94-04c1-424b-9868-57a2d4851a1d" relativeResultsDirectory="1f5d804c-b44a-4c47-8fd7-c6de11c51c08">
      <Output>
        <ErrorInfo>
          <Message>Expected ex.Which.Message "No runtime for this branch" to contain "must be Online".</Message>
          <StackTrace>   at FluentAssertions.Execution.LateBoundTestFramework.Throw(String message)
   at FluentAssertions.Execution.TestFrameworkProvider.Throw(String message)
   at FluentAssertions.Execution.DefaultAssertionStrategy.HandleFailure(String message)
   at FluentAssertions.Execution.AssertionScope.FailWith(Func`1 failReasonFunc)
   at FluentAssertions.Execution.AssertionScope.FailWith(Func`1 failReasonFunc)
   at FluentAssertions.Execution.AssertionScope.FailWith(String message, Object[] args)
   at FluentAssertions.Primitives.StringAssertions`1.Contain(String expected, String because, Object[] becauseArgs)
   at Api.Tests.Features.SignalR.AgentHubSubmitPromptTests.SubmitPrompt_NonQueueableNotOnlineState_StillThrows(RuntimeState state) in /workspace/packages/dotnet-api/Tests/Features/SignalR/AgentHubSubmitPromptTests.cs:line 595
--- End of stack trace from previous location ---</StackTrace>
        </ErrorInfo>
      </Output>
    </UnitTestResult>
    <UnitTestResult executionId="63938b26-02e4-467b-9d96-5dd9a9ff8342" testId="0ba5542a-a8ee-28fd-fbbb-8452808bdbca" testName="Api.Tests.Features.SignalR.AgentHubSubmitPromptTests.SubmitPrompt_PriorOpencodeSession_ClaudeProject_DoesNotResumeWithOpencodeUuid" computerName="149097c36171" duration="00:00:00.0458163" startTime="2026-05-16T22:07:46.1510129+00:00" endTime="2026-05-16T22:07:46.1913959+00:00" testType="13cdc9d9-ddb5-4fa4-a97d-d965ccfc6d4b" outcome="Failed" testListId="8c84fa94-04c1-424b-9868-57a2d4851a1d" relativeResultsDirectory="63938b26-02e4-467b-9d96-5dd9a9ff8342">
      <Output>
        <ErrorInfo>
          <Message>Microsoft.AspNetCore.SignalR.HubException : No runtime for this branch</Message>
          <StackTrace>   at Source.Features.SignalR.Hubs.AgentHub.SubmitPrompt(SubmitPromptPayload payload) in /workspace/packages/dotnet-api/Source/Features/SignalR/Hubs/AgentHub.cs:line 248
   at Api.Tests.Features.SignalR.AgentHubSubmitPromptTests.SubmitPrompt_PriorOpencodeSession_ClaudeProject_DoesNotResumeWithOpencodeUuid() in /workspace/packages/dotnet-api/Tests/Features/SignalR/AgentHubSubmitPromptTests.cs:line 384
--- End of stack trace from previous location ---</StackTrace>
        </ErrorInfo>
      </Output>
    </UnitTestResult>
    <UnitTestResult executionId="05f59491-7b4a-4c01-a6e1-02c8f93de836" testId="281b0425-7eb3-843f-e55f-e23926a04ec9" testName="Api.Tests.Features.SignalR.AgentHubSubmitPromptTests.SubmitPrompt_NewConversation_CreatesConversationAndSession" computerName="149097c36171" duration="00:00:01.9443004" startTime="2026-05-16T22:07:42.6954943+00:00" endTime="2026-05-16T22:07:44.6564510+00:00" testType="13cdc9d9-ddb5-4fa4-a97d-d965ccfc6d4b" outcome="Failed" testListId="8c84fa94-04c1-424b-9868-57a2d4851a1d" relativeResultsDirectory="05f59491-7b4a-4c01-a6e1-02c8f93de836">
      <Output>
        <ErrorInfo>
          <Message>Microsoft.AspNetCore.SignalR.HubException : No runtime for this branch</Message>
          <StackTrace>   at Source.Features.SignalR.Hubs.AgentHub.SubmitPrompt(SubmitPromptPayload payload) in /workspace/packages/dotnet-api/Source/Features/SignalR/Hubs/AgentHub.cs:line 248
   at Api.Tests.Features.SignalR.AgentHubSubmitPromptTests.SubmitPrompt_NewConversation_CreatesConversationAndSession() in /workspace/packages/dotnet-api/Tests/Features/SignalR/AgentHubSubmitPromptTests.cs:line 116
--- End of stack trace from previous location ---</StackTrace>
        </ErrorInfo>
      </Output>
    </UnitTestResult>
    <UnitTestResult executionId="6bc4c39c-859a-4a62-ad84-2d4178ef543f" testId="446bc12b-a7b5-3d15-db87-a86208a2c428" testName="Api.Tests.Features.SignalR.AgentHubSubmitPromptTests.SubmitPrompt_RaisesAgentEventEmittedDomainEvent" computerName="149097c36171" duration="00:00:00.0428005" startTime="2026-05-16T22:07:45.5466757+00:00" endTime="2026-05-16T22:07:45.5851840+00:00" testType="13cdc9d9-ddb5-4fa4-a97d-d965ccfc6d4b" outcome="Failed" testListId="8c84fa94-04c1-424b-9868-57a2d4851a1d" relativeResultsDirectory="6bc4c39c-859a-4a62-ad84-2d4178ef543f">
      <Output>
        <ErrorInfo>
          <Message>Microsoft.AspNetCore.SignalR.HubException : No runtime for this branch</Message>
          <StackTrace>   at Source.Features.SignalR.Hubs.AgentHub.SubmitPrompt(SubmitPromptPayload payload) in /workspace/packages/dotnet-api/Source/Features/SignalR/Hubs/AgentHub.cs:line 248
   at Api.Tests.Features.SignalR.AgentHubSubmitPromptTests.SubmitPrompt_RaisesAgentEventEmittedDomainEvent() in /workspace/packages/dotnet-api/Tests/Features/SignalR/AgentHubSubmitPromptTests.cs:line 728
--- End of stack trace from previous location ---</StackTrace>
        </ErrorInfo>
      </Output>
    </UnitTestResult>
    <UnitTestResult executionId="0896f3d0-19de-48aa-afa3-70d9b1610780" testId="c926ef98-a5f7-26e4-4a2c-4509434a1c7c" testName="Api.Tests.Features.SignalR.AgentHubSubmitPromptTests.SubmitPrompt_TextTooLong_ThrowsHubException" computerName="149097c36171" duration="00:00:00.0408459" startTime="2026-05-16T22:07:45.7338513+00:00" endTime="2026-05-16T22:07:45.7717343+00:00" testType="13cdc9d9-ddb5-4fa4-a97d-d965ccfc6d4b" outcome="Passed" testListId="8c84fa94-04c1-424b-9868-57a2d4851a1d" relativeResultsDirectory="0896f3d0-19de-48aa-afa3-70d9b1610780" />
    <UnitTestResult executionId="da20c9be-c4a6-48cf-b349-5e0fa924b8b6" testId="cc2e1e97-556f-57a9-4ef8-4b51fe63661c" testName="Api.Tests.Features.SignalR.AgentHubSubmitPromptTests.SubmitPrompt_NonQueueableNotOnlineState_StillThrows(state: Crashed)" computerName="149097c36171" duration="00:00:00.1297059" startTime="2026-05-16T22:07:44.9304974+00:00" endTime="2026-05-16T22:07:45.0597333+00:00" testType="13cdc9d9-ddb5-4fa4-a97d-d965ccfc6d4b" outcome="Failed" testListId="8c84fa94-04c1-424b-9868-57a2d4851a1d" relativeResultsDirectory="da20c9be-c4a6-48cf-b349-5e0fa924b8b6">
      <Output>
        <ErrorInfo>
          <Message>Expected ex.Which.Message "No runtime for this branch" to contain "must be Online".</Message>
          <StackTrace>   at FluentAssertions.Execution.LateBoundTestFramework.Throw(String message)
   at FluentAssertions.Execution.TestFrameworkProvider.Throw(String message)
   at FluentAssertions.Execution.DefaultAssertionStrategy.HandleFailure(String message)
   at FluentAssertions.Execution.AssertionScope.FailWith(Func`1 failReasonFunc)
   at FluentAssertions.Execution.AssertionScope.FailWith(Func`1 failReasonFunc)
   at FluentAssertions.Execution.AssertionScope.FailWith(String message, Object[] args)
   at FluentAssertions.Primitives.StringAssertions`1.Contain(String expected, String because, Object[] becauseArgs)
   at Api.Tests.Features.SignalR.AgentHubSubmitPromptTests.SubmitPrompt_NonQueueableNotOnlineState_StillThrows(RuntimeState state) in /workspace/packages/dotnet-api/Tests/Features/SignalR/AgentHubSubmitPromptTests.cs:line 595
--- End of stack trace from previous location ---</StackTrace>
        </ErrorInfo>
      </Output>
    </UnitTestResult>
    <UnitTestResult executionId="94794316-909c-4f4e-b4c9-de19f7aafaef" testId="1c733876-09c8-dc5e-1d96-55fd430564c6" testName="Api.Tests.Features.SignalR.AgentHubSubmitPromptTests.SubmitPrompt_ThirdPromptWhileTwoQueued_GetsQueuePositionTwo" computerName="149097c36171" duration="00:00:00.0321370" startTime="2026-05-16T22:07:46.4857757+00:00" endTime="2026-05-16T22:07:46.5171292+00:00" testType="13cdc9d9-ddb5-4fa4-a97d-d965ccfc6d4b" outcome="Failed" testListId="8c84fa94-04c1-424b-9868-57a2d4851a1d" relativeResultsDirectory="94794316-909c-4f4e-b4c9-de19f7aafaef">
      <Output>
        <ErrorInfo>
          <Message>Microsoft.AspNetCore.SignalR.HubException : No runtime for this branch</Message>
          <StackTrace>   at Source.Features.SignalR.Hubs.AgentHub.SubmitPrompt(SubmitPromptPayload payload) in /workspace/packages/dotnet-api/Source/Features/SignalR/Hubs/AgentHub.cs:line 248
   at Api.Tests.Features.SignalR.AgentHubSubmitPromptTests.SubmitPrompt_ThirdPromptWhileTwoQueued_GetsQueuePositionTwo() in /workspace/packages/dotnet-api/Tests/Features/SignalR/AgentHubSubmitPromptTests.cs:line 827
--- End of stack trace from previous location ---</StackTrace>
        </ErrorInfo>
      </Output>
    </UnitTestResult>
    <UnitTestResult executionId="011abaf4-ccab-43e9-967b-8250b29d2040" testId="06e2fa0a-5a27-b204-9323-8d521186a2ac" testName="Api.Tests.Features.SignalR.AgentHubSubmitPromptTests.SubmitPrompt_ActiveSessionRunning_QueuesNewPromptAndSkipsStartTurn" computerName="149097c36171" duration="00:00:00.0373123" startTime="2026-05-16T22:07:45.8706134+00:00" endTime="2026-05-16T22:07:45.9078723+00:00" testType="13cdc9d9-ddb5-4fa4-a97d-d965ccfc6d4b" outcome="Failed" testListId="8c84fa94-04c1-424b-9868-57a2d4851a1d" relativeResultsDirectory="011abaf4-ccab-43e9-967b-8250b29d2040">
      <Output>
        <ErrorInfo>
          <Message>Microsoft.AspNetCore.SignalR.HubException : No runtime for this branch</Message>
          <StackTrace>   at Source.Features.SignalR.Hubs.AgentHub.SubmitPrompt(SubmitPromptPayload payload) in /workspace/packages/dotnet-api/Source/Features/SignalR/Hubs/AgentHub.cs:line 248
   at Api.Tests.Features.SignalR.AgentHubSubmitPromptTests.SubmitPrompt_ActiveSessionRunning_QueuesNewPromptAndSkipsStartTurn() in /workspace/packages/dotnet-api/Tests/Features/SignalR/AgentHubSubmitPromptTests.cs:line 786
--- End of stack trace from previous location ---</StackTrace>
        </ErrorInfo>
      </Output>
    </UnitTestResult>
    <UnitTestResult executionId="3fbcf125-b4b8-4087-84fd-4e6c843900f9" testId="b59f2b81-243b-9c29-356b-39132e5f7e84" testName="Api.Tests.Features.SignalR.AgentHubSubmitPromptTests.SubmitPrompt_QueueableNotOnlineState_QueuesInsteadOfThrowing(state: Suspending)" computerName="149097c36171" duration="00:00:00.0480429" startTime="2026-05-16T22:07:45.4389499+00:00" endTime="2026-05-16T22:07:45.4863206+00:00" testType="13cdc9d9-ddb5-4fa4-a97d-d965ccfc6d4b" outcome="Failed" testListId="8c84fa94-04c1-424b-9868-57a2d4851a1d" relativeResultsDirectory="3fbcf125-b4b8-4087-84fd-4e6c843900f9">
      <Output>
        <ErrorInfo>
          <Message>Microsoft.AspNetCore.SignalR.HubException : No runtime for this branch</Message>
          <StackTrace>   at Source.Features.SignalR.Hubs.AgentHub.SubmitPrompt(SubmitPromptPayload payload) in /workspace/packages/dotnet-api/Source/Features/SignalR/Hubs/AgentHub.cs:line 248
   at Api.Tests.Features.SignalR.AgentHubSubmitPromptTests.SubmitPrompt_QueueableNotOnlineState_QueuesInsteadOfThrowing(RuntimeState state) in /workspace/packages/dotnet-api/Tests/Features/SignalR/AgentHubSubmitPromptTests.cs:line 549
--- End of stack trace from previous location ---</StackTrace>
        </ErrorInfo>
      </Output>
    </UnitTestResult>
    <UnitTestResult executionId="fe0f28d6-7164-44e7-9ec9-b76e329c8ac2" testId="6fa36539-aa6e-f824-de85-69bb68f87829" testName="Api.Tests.Features.SignalR.AgentHubSubmitPromptTests.SubmitPrompt_QueuedSession_RaisesSessionEnqueuedEvent" computerName="149097c36171" duration="00:00:00.0798447" startTime="2026-05-16T22:07:44.8521956+00:00" endTime="2026-05-16T22:07:44.9293781+00:00" testType="13cdc9d9-ddb5-4fa4-a97d-d965ccfc6d4b" outcome="Failed" testListId="8c84fa94-04c1-424b-9868-57a2d4851a1d" relativeResultsDirectory="fe0f28d6-7164-44e7-9ec9-b76e329c8ac2">
      <Output>
        <ErrorInfo>
          <Message>Microsoft.AspNetCore.SignalR.HubException : No runtime for this branch</Message>
          <StackTrace>   at Source.Features.SignalR.Hubs.AgentHub.SubmitPrompt(SubmitPromptPayload payload) in /workspace/packages/dotnet-api/Source/Features/SignalR/Hubs/AgentHub.cs:line 248
   at Api.Tests.Features.SignalR.AgentHubSubmitPromptTests.SubmitPrompt_QueuedSession_RaisesSessionEnqueuedEvent() in /workspace/packages/dotnet-api/Tests/Features/SignalR/AgentHubSubmitPromptTests.cs:line 989
--- End of stack trace from previous location ---</StackTrace>
        </ErrorInfo>
      </Output>
    </UnitTestResult>
    <UnitTestResult executionId="a187255a-2fb1-4929-9422-3eb2808aca04" testId="88ab3cd9-94c9-c7a2-1843-351575f94353" testName="Api.Tests.Features.SignalR.AgentHubSubmitPromptTests.SubmitPrompt_QueueableNotOnlineState_QueuesInsteadOfThrowing(state: Waking)" computerName="149097c36171" duration="00:00:00.0486254" startTime="2026-05-16T22:07:45.1649958+00:00" endTime="2026-05-16T22:07:45.2117293+00:00" testType="13cdc9d9-ddb5-4fa4-a97d-d965ccfc6d4b" outcome="Failed" testListId="8c84fa94-04c1-424b-9868-57a2d4851a1d" relativeResultsDirectory="a187255a-2fb1-4929-9422-3eb2808aca04">
      <Output>
        <ErrorInfo>
          <Message>Microsoft.AspNetCore.SignalR.HubException : No runtime for this branch</Message>
          <StackTrace>   at Source.Features.SignalR.Hubs.AgentHub.SubmitPrompt(SubmitPromptPayload payload) in /workspace/packages/dotnet-api/Source/Features/SignalR/Hubs/AgentHub.cs:line 248
   at Api.Tests.Features.SignalR.AgentHubSubmitPromptTests.SubmitPrompt_QueueableNotOnlineState_QueuesInsteadOfThrowing(RuntimeState state) in /workspace/packages/dotnet-api/Tests/Features/SignalR/AgentHubSubmitPromptTests.cs:line 549
--- End of stack trace from previous location ---</StackTrace>
        </ErrorInfo>
      </Output>
    </UnitTestResult>
    <UnitTestResult executionId="d18117ea-17bf-43df-8c5e-738ade589db6" testId="7497eb6e-1f73-1fbd-3ceb-5b092382c3b6" testName="Api.Tests.Features.SignalR.AgentHubSubmitPromptTests.SubmitPrompt_DispatchesStartTurnToCorrectRuntimeGroup" computerName="149097c36171" duration="00:00:00.0343726" startTime="2026-05-16T22:07:46.4504415+00:00" endTime="2026-05-16T22:07:46.4843650+00:00" testType="13cdc9d9-ddb5-4fa4-a97d-d965ccfc6d4b" outcome="Failed" testListId="8c84fa94-04c1-424b-9868-57a2d4851a1d" relativeResultsDirectory="d18117ea-17bf-43df-8c5e-738ade589db6">
      <Output>
        <ErrorInfo>
          <Message>Microsoft.AspNetCore.SignalR.HubException : No runtime for this branch</Message>
          <StackTrace>   at Source.Features.SignalR.Hubs.AgentHub.SubmitPrompt(SubmitPromptPayload payload) in /workspace/packages/dotnet-api/Source/Features/SignalR/Hubs/AgentHub.cs:line 248
   at Api.Tests.Features.SignalR.AgentHubSubmitPromptTests.SubmitPrompt_DispatchesStartTurnToCorrectRuntimeGroup() in /workspace/packages/dotnet-api/Tests/Features/SignalR/AgentHubSubmitPromptTests.cs:line 617
--- End of stack trace from previous location ---</StackTrace>
        </ErrorInfo>
      </Output>
    </UnitTestResult>
    <UnitTestResult executionId="cc0bd887-966c-487a-9a9f-b88d8c7d411f" testId="beda2660-ef71-71e0-ebfa-4ec215d79f8c" testName="Api.Tests.Features.SignalR.AgentHubSubmitPromptTests.SubmitPrompt_ResumesClaudeSessionId_FromMostRecentSucceededSession" computerName="149097c36171" duration="00:00:00.0387918" startTime="2026-05-16T22:07:46.2752751+00:00" endTime="2026-05-16T22:07:46.3121761+00:00" testType="13cdc9d9-ddb5-4fa4-a97d-d965ccfc6d4b" outcome="Failed" testListId="8c84fa94-04c1-424b-9868-57a2d4851a1d" relativeResultsDirectory="cc0bd887-966c-487a-9a9f-b88d8c7d411f">
      <Output>
        <ErrorInfo>
          <Message>Microsoft.AspNetCore.SignalR.HubException : No runtime for this branch</Message>
          <StackTrace>   at Source.Features.SignalR.Hubs.AgentHub.SubmitPrompt(SubmitPromptPayload payload) in /workspace/packages/dotnet-api/Source/Features/SignalR/Hubs/AgentHub.cs:line 248
   at Api.Tests.Features.SignalR.AgentHubSubmitPromptTests.SubmitPrompt_ResumesClaudeSessionId_FromMostRecentSucceededSession() in /workspace/packages/dotnet-api/Tests/Features/SignalR/AgentHubSubmitPromptTests.cs:line 284
--- End of stack trace from previous location ---</StackTrace>
        </ErrorInfo>
      </Output>
    </UnitTestResult>
    <UnitTestResult executionId="ac72043e-a3f0-47fb-b767-b8f37d102794" testId="d96786cc-ccae-f0c9-a6b6-d4e5ae7dc39f" testName="Api.Tests.Features.SignalR.AgentHubSubmitPromptTests.SubmitPrompt_QueueableNotOnlineState_QueuesInsteadOfThrowing(state: Booting)" computerName="149097c36171" duration="00:00:00.0491334" startTime="2026-05-16T22:07:45.2149067+00:00" endTime="2026-05-16T22:07:45.2614550+00:00" testType="13cdc9d9-ddb5-4fa4-a97d-d965ccfc6d4b" outcome="Failed" testListId="8c84fa94-04c1-424b-9868-57a2d4851a1d" relativeResultsDirectory="ac72043e-a3f0-47fb-b767-b8f37d102794">
      <Output>
        <ErrorInfo>
          <Message>Microsoft.AspNetCore.SignalR.HubException : No runtime for this branch</Message>
          <StackTrace>   at Source.Features.SignalR.Hubs.AgentHub.SubmitPrompt(SubmitPromptPayload payload) in /workspace/packages/dotnet-api/Source/Features/SignalR/Hubs/AgentHub.cs:line 248
   at Api.Tests.Features.SignalR.AgentHubSubmitPromptTests.SubmitPrompt_QueueableNotOnlineState_QueuesInsteadOfThrowing(RuntimeState state) in /workspace/packages/dotnet-api/Tests/Features/SignalR/AgentHubSubmitPromptTests.cs:line 549
--- End of stack trace from previous location ---</StackTrace>
        </ErrorInfo>
      </Output>
    </UnitTestResult>
    <UnitTestResult executionId="014ec8c3-a00a-4297-a602-8447dfa171c1" testId="fd4508bc-02fe-0a55-649c-aeb6ab625fd9" testName="Api.Tests.Features.SignalR.AgentHubSubmitPromptTests.SubmitPrompt_ActiveSessionCanceling_QueuesNewPrompt" computerName="149097c36171" duration="00:00:00.0370264" startTime="2026-05-16T22:07:46.3137698+00:00" endTime="2026-05-16T22:07:46.3498863+00:00" testType="13cdc9d9-ddb5-4fa4-a97d-d965ccfc6d4b" outcome="Failed" testListId="8c84fa94-04c1-424b-9868-57a2d4851a1d" relativeResultsDirectory="014ec8c3-a00a-4297-a602-8447dfa171c1">
      <Output>
        <ErrorInfo>
          <Message>Microsoft.AspNetCore.SignalR.HubException : No runtime for this branch</Message>
          <StackTrace>   at Source.Features.SignalR.Hubs.AgentHub.SubmitPrompt(SubmitPromptPayload payload) in /workspace/packages/dotnet-api/Source/Features/SignalR/Hubs/AgentHub.cs:line 248
   at Api.Tests.Features.SignalR.AgentHubSubmitPromptTests.SubmitPrompt_ActiveSessionCanceling_QueuesNewPrompt() in /workspace/packages/dotnet-api/Tests/Features/SignalR/AgentHubSubmitPromptTests.cs:line 883
--- End of stack trace from previous location ---</StackTrace>
        </ErrorInfo>
      </Output>
    </UnitTestResult>
    <UnitTestResult executionId="fd6faa8f-8c4c-42bd-8783-57c62e65bcea" testId="7ea013f6-0129-58b0-7d5f-5902b72bef65" testName="Api.Tests.Features.SignalR.AgentHubSubmitPromptTests.SubmitPrompt_PromptUnder80Chars_TitleIsFullPrompt" computerName="149097c36171" duration="00:00:00.0641796" startTime="2026-05-16T22:07:45.6698309+00:00" endTime="2026-05-16T22:07:45.7304455+00:00" testType="13cdc9d9-ddb5-4fa4-a97d-d965ccfc6d4b" outcome="Failed" testListId="8c84fa94-04c1-424b-9868-57a2d4851a1d" relativeResultsDirectory="fd6faa8f-8c4c-42bd-8783-57c62e65bcea">
      <Output>
        <ErrorInfo>
          <Message>Microsoft.AspNetCore.SignalR.HubException : No runtime for this branch</Message>
          <StackTrace>   at Source.Features.SignalR.Hubs.AgentHub.SubmitPrompt(SubmitPromptPayload payload) in /workspace/packages/dotnet-api/Source/Features/SignalR/Hubs/AgentHub.cs:line 248
   at Api.Tests.Features.SignalR.AgentHubSubmitPromptTests.SubmitPrompt_PromptUnder80Chars_TitleIsFullPrompt() in /workspace/packages/dotnet-api/Tests/Features/SignalR/AgentHubSubmitPromptTests.cs:line 231
--- End of stack trace from previous location ---</StackTrace>
        </ErrorInfo>
      </Output>
    </UnitTestResult>
    <UnitTestResult executionId="ced456a7-6c40-4a00-8475-68f0dc3e9c34" testId="0143aca1-2f48-2a92-7353-1923998bf9bd" testName="Api.Tests.Features.SignalR.AgentHubSubmitPromptTests.SubmitPrompt_ConversationFromDifferentProject_ThrowsHubException" computerName="149097c36171" duration="00:00:00.0407047" startTime="2026-05-16T22:07:45.6268461+00:00" endTime="2026-05-16T22:07:45.6668789+00:00" testType="13cdc9d9-ddb5-4fa4-a97d-d965ccfc6d4b" outcome="Passed" testListId="8c84fa94-04c1-424b-9868-57a2d4851a1d" relativeResultsDirectory="ced456a7-6c40-4a00-8475-68f0dc3e9c34" />
    <UnitTestResult executionId="6c66414e-a259-40e8-9a27-8af44581a935" testId="5843c2b4-39ca-1890-8395-6aa5271f449a" testName="Api.Tests.Features.SignalR.AgentHubSubmitPromptTests.SubmitPrompt_QueueableNotOnlineState_QueuesInsteadOfThrowing(state: Pending)" computerName="149097c36171" duration="00:00:00.0492193" startTime="2026-05-16T22:07:45.2631143+00:00" endTime="2026-05-16T22:07:45.3112341+00:00" testType="13cdc9d9-ddb5-4fa4-a97d-d965ccfc6d4b" outcome="Failed" testListId="8c84fa94-04c1-424b-9868-57a2d4851a1d" relativeResultsDirectory="6c66414e-a259-40e8-9a27-8af44581a935">
      <Output>
        <ErrorInfo>
          <Message>Microsoft.AspNetCore.SignalR.HubException : No runtime for this branch</Message>
          <StackTrace>   at Source.Features.SignalR.Hubs.AgentHub.SubmitPrompt(SubmitPromptPayload payload) in /workspace/packages/dotnet-api/Source/Features/SignalR/Hubs/AgentHub.cs:line 248
   at Api.Tests.Features.SignalR.AgentHubSubmitPromptTests.SubmitPrompt_QueueableNotOnlineState_QueuesInsteadOfThrowing(RuntimeState state) in /workspace/packages/dotnet-api/Tests/Features/SignalR/AgentHubSubmitPromptTests.cs:line 549
--- End of stack trace from previous location ---</StackTrace>
        </ErrorInfo>
      </Output>
    </UnitTestResult>
    <UnitTestResult executionId="470327ec-7225-42cb-a231-06d8e2ad537b" testId="922afc91-7e5d-7ec3-4925-bbba6064b3e6" testName="Api.Tests.Features.SignalR.AgentHubSubmitPromptTests.SubmitPrompt_ClaudeProject_NoAnthropicKey_StillThrows" computerName="149097c36171" duration="00:00:00.0388596" startTime="2026-05-16T22:07:46.2373452+00:00" endTime="2026-05-16T22:07:46.2727859+00:00" testType="13cdc9d9-ddb5-4fa4-a97d-d965ccfc6d4b" outcome="Failed" testListId="8c84fa94-04c1-424b-9868-57a2d4851a1d" relativeResultsDirectory="470327ec-7225-42cb-a231-06d8e2ad537b">
      <Output>
        <ErrorInfo>
          <Message>Expected ex.Which.Message "No runtime for this branch" to contain "Anthropic credentials" because claude projects must still be gated on Anthropic credentials.</Message>
          <StackTrace>   at FluentAssertions.Execution.LateBoundTestFramework.Throw(String message)
   at FluentAssertions.Execution.TestFrameworkProvider.Throw(String message)
   at FluentAssertions.Execution.DefaultAssertionStrategy.HandleFailure(String message)
   at FluentAssertions.Execution.AssertionScope.FailWith(Func`1 failReasonFunc)
   at FluentAssertions.Execution.AssertionScope.FailWith(Func`1 failReasonFunc)
   at FluentAssertions.Execution.AssertionScope.FailWith(String message, Object[] args)
   at FluentAssertions.Primitives.StringAssertions`1.Contain(String expected, String because, Object[] becauseArgs)
   at Api.Tests.Features.SignalR.AgentHubSubmitPromptTests.SubmitPrompt_ClaudeProject_NoAnthropicKey_StillThrows() in /workspace/packages/dotnet-api/Tests/Features/SignalR/AgentHubSubmitPromptTests.cs:line 496
--- End of stack trace from previous location ---</StackTrace>
        </ErrorInfo>
      </Output>
    </UnitTestResult>
    <UnitTestResult executionId="f572e5f8-dc5a-4b8e-a40f-4907cc82554f" testId="47f28a72-6bce-b11b-4c08-23afeed1010e" testName="Api.Tests.Features.SignalR.AgentHubSubmitPromptTests.SubmitPrompt_EmptyText_ThrowsHubException" computerName="149097c36171" duration="00:00:00.0331969" startTime="2026-05-16T22:07:46.3513630+00:00" endTime="2026-05-16T22:07:46.3834724+00:00" testType="13cdc9d9-ddb5-4fa4-a97d-d965ccfc6d4b" outcome="Passed" testListId="8c84fa94-04c1-424b-9868-57a2d4851a1d" relativeResultsDirectory="f572e5f8-dc5a-4b8e-a40f-4907cc82554f" />
    <UnitTestResult executionId="c37fc1ac-b179-42b7-a3ff-e715f731d27a" testId="a6bc7a1c-5aac-8786-6efb-98c56e59010c" testName="Api.Tests.Features.SignalR.AgentHubSubmitPromptTests.SubmitPrompt_FirstPromptOnNewConversation_NoClaudeSessionId" computerName="149097c36171" duration="00:00:00.0383753" startTime="2026-05-16T22:07:45.7724339+00:00" endTime="2026-05-16T22:07:45.8104059+00:00" testType="13cdc9d9-ddb5-4fa4-a97d-d965ccfc6d4b" outcome="Failed" testListId="8c84fa94-04c1-424b-9868-57a2d4851a1d" relativeResultsDirectory="c37fc1ac-b179-42b7-a3ff-e715f731d27a">
      <Output>
        <ErrorInfo>
          <Message>Microsoft.AspNetCore.SignalR.HubException : No runtime for this branch</Message>
          <StackTrace>   at Source.Features.SignalR.Hubs.AgentHub.SubmitPrompt(SubmitPromptPayload payload) in /workspace/packages/dotnet-api/Source/Features/SignalR/Hubs/AgentHub.cs:line 248
   at Api.Tests.Features.SignalR.AgentHubSubmitPromptTests.SubmitPrompt_FirstPromptOnNewConversation_NoClaudeSessionId() in /workspace/packages/dotnet-api/Tests/Features/SignalR/AgentHubSubmitPromptTests.cs:line 335
--- End of stack trace from previous location ---</StackTrace>
        </ErrorInfo>
      </Output>
    </UnitTestResult>
    <UnitTestResult executionId="2865081c-d6a1-4b3e-8e1a-d0c08971027a" testId="95d49352-8c24-3c6e-5f3b-7697b357bb05" testName="Api.Tests.Features.SignalR.AgentHubSubmitPromptTests.SubmitPrompt_NoRuntimeForProject_ThrowsHubException" computerName="149097c36171" duration="00:00:00.0591154" startTime="2026-05-16T22:07:45.8119734+00:00" endTime="2026-05-16T22:07:45.8699062+00:00" testType="13cdc9d9-ddb5-4fa4-a97d-d965ccfc6d4b" outcome="Passed" testListId="8c84fa94-04c1-424b-9868-57a2d4851a1d" relativeResultsDirectory="2865081c-d6a1-4b3e-8e1a-d0c08971027a" />
    <UnitTestResult executionId="ce5886b5-dec4-47ed-a042-ba804e722fec" testId="2d680f5b-5fc9-650c-7feb-636fd8bee65b" testName="Api.Tests.Features.SignalR.AgentHubSubmitPromptTests.SubmitPrompt_NoActiveSession_DispatchesImmediately" computerName="149097c36171" duration="00:00:00.0508207" startTime="2026-05-16T22:07:45.4896334+00:00" endTime="2026-05-16T22:07:45.5379285+00:00" testType="13cdc9d9-ddb5-4fa4-a97d-d965ccfc6d4b" outcome="Failed" testListId="8c84fa94-04c1-424b-9868-57a2d4851a1d" relativeResultsDirectory="ce5886b5-dec4-47ed-a042-ba804e722fec">
      <Output>
        <ErrorInfo>
          <Message>Microsoft.AspNetCore.SignalR.HubException : No runtime for this branch</Message>
          <StackTrace>   at Source.Features.SignalR.Hubs.AgentHub.SubmitPrompt(SubmitPromptPayload payload) in /workspace/packages/dotnet-api/Source/Features/SignalR/Hubs/AgentHub.cs:line 248
   at Api.Tests.Features.SignalR.AgentHubSubmitPromptTests.SubmitPrompt_NoActiveSession_DispatchesImmediately() in /workspace/packages/dotnet-api/Tests/Features/SignalR/AgentHubSubmitPromptTests.cs:line 759
--- End of stack trace from previous location ---</StackTrace>
        </ErrorInfo>
      </Output>
    </UnitTestResult>
    <UnitTestResult executionId="0499d852-3835-40d3-a1dd-dbddddc590ca" testId="0e283ff0-c0d4-440b-ff74-37dfeabe09cd" testName="Api.Tests.Features.SignalR.AgentHubSubmitPromptTests.SubmitPrompt_UnknownConversationId_ThrowsHubException" computerName="149097c36171" duration="00:00:00.0310961" startTime="2026-05-16T22:07:46.3842168+00:00" endTime="2026-05-16T22:07:46.4146331+00:00" testType="13cdc9d9-ddb5-4fa4-a97d-d965ccfc6d4b" outcome="Passed" testListId="8c84fa94-04c1-424b-9868-57a2d4851a1d" relativeResultsDirectory="0499d852-3835-40d3-a1dd-dbddddc590ca" />
    <UnitTestResult executionId="014375ce-7935-40b9-840a-5489a405c5bc" testId="5540502e-21df-07cd-a98e-0f21ec933150" testName="Api.Tests.Features.SignalR.AgentHubSubmitPromptTests.SubmitPrompt_OpencodeProject_NoAnthropicKey_DoesNotThrow" computerName="149097c36171" duration="00:00:00.1595973" startTime="2026-05-16T22:07:45.9864715+00:00" endTime="2026-05-16T22:07:46.1449677+00:00" testType="13cdc9d9-ddb5-4fa4-a97d-d965ccfc6d4b" outcome="Failed" testListId="8c84fa94-04c1-424b-9868-57a2d4851a1d" relativeResultsDirectory="014375ce-7935-40b9-840a-5489a405c5bc">
      <Output>
        <ErrorInfo>
          <Message>Did not expect Microsoft.AspNetCore.SignalR.HubException because opencode projects must not be gated on Anthropic credentials, but found Microsoft.AspNetCore.SignalR.HubException: No runtime for this branch
   at Source.Features.SignalR.Hubs.AgentHub.SubmitPrompt(SubmitPromptPayload payload) in /workspace/packages/dotnet-api/Source/Features/SignalR/Hubs/AgentHub.cs:line 248
   at Api.Tests.Features.SignalR.AgentHubSubmitPromptTests.&lt;&gt;c__DisplayClass18_0.&lt;&lt;SubmitPrompt_OpencodeProject_NoAnthropicKey_DoesNotThrow&gt;b__0&gt;d.MoveNext() in /workspace/packages/dotnet-api/Tests/Features/SignalR/AgentHubSubmitPromptTests.cs:line 463
--- End of stack trace from previous location ---
   at FluentAssertions.Specialized.AsyncFunctionAssertions`2.NotThrowAsync[TException](String because, Object[] becauseArgs).</Message>
          <StackTrace>   at FluentAssertions.Execution.LateBoundTestFramework.Throw(String message)
   at FluentAssertions.Execution.TestFrameworkProvider.Throw(String message)
   at FluentAssertions.Execution.DefaultAssertionStrategy.HandleFailure(String message)
   at FluentAssertions.Execution.AssertionScope.FailWith(Func`1 failReasonFunc)
   at FluentAssertions.Execution.AssertionScope.FailWith(Func`1 failReasonFunc)
   at FluentAssertions.Execution.AssertionScope.FailWith(String message, Object[] args)
   at FluentAssertions.Specialized.DelegateAssertionsBase`2.NotThrowInternal[TException](Exception exception, String because, Object[] becauseArgs)
   at FluentAssertions.Specialized.AsyncFunctionAssertions`2.NotThrowAsync[TException](String because, Object[] becauseArgs)
   at Api.Tests.Features.SignalR.AgentHubSubmitPromptTests.SubmitPrompt_OpencodeProject_NoAnthropicKey_DoesNotThrow() in /workspace/packages/dotnet-api/Tests/Features/SignalR/AgentHubSubmitPromptTests.cs:line 469
--- End of stack trace from previous location ---</StackTrace>
        </ErrorInfo>
      </Output>
    </UnitTestResult>
    <UnitTestResult executionId="2e591e81-2ff1-4ccb-a9d6-51e2bea0aaa5" testId="bf793b72-2918-9aa0-56eb-a656614100c5" testName="Api.Tests.Features.SignalR.AgentHubSubmitPromptTests.SubmitPrompt_LongPrompt_TitleTruncated" computerName="149097c36171" duration="00:00:00.0360256" startTime="2026-05-16T22:07:45.9095992+00:00" endTime="2026-05-16T22:07:45.9444132+00:00" testType="13cdc9d9-ddb5-4fa4-a97d-d965ccfc6d4b" outcome="Failed" testListId="8c84fa94-04c1-424b-9868-57a2d4851a1d" relativeResultsDirectory="2e591e81-2ff1-4ccb-a9d6-51e2bea0aaa5">
      <Output>
        <ErrorInfo>
          <Message>Microsoft.AspNetCore.SignalR.HubException : No runtime for this branch</Message>
          <StackTrace>   at Source.Features.SignalR.Hubs.AgentHub.SubmitPrompt(SubmitPromptPayload payload) in /workspace/packages/dotnet-api/Source/Features/SignalR/Hubs/AgentHub.cs:line 248
   at Api.Tests.Features.SignalR.AgentHubSubmitPromptTests.SubmitPrompt_LongPrompt_TitleTruncated() in /workspace/packages/dotnet-api/Tests/Features/SignalR/AgentHubSubmitPromptTests.cs:line 211
--- End of stack trace from previous location ---</StackTrace>
        </ErrorInfo>
      </Output>
    </UnitTestResult>
    <UnitTestResult executionId="0d045fec-0806-4ccf-98ff-6f41d1276f11" testId="e993ba1d-ae7e-662a-4967-9f126f62065d" testName="Api.Tests.Features.SignalR.AgentHubSubmitPromptTests.SubmitPrompt_PriorTerminalSessions_DoNotBlockDispatch" computerName="149097c36171" duration="00:00:00.1917414" startTime="2026-05-16T22:07:44.6739116+00:00" endTime="2026-05-16T22:07:44.8487952+00:00" testType="13cdc9d9-ddb5-4fa4-a97d-d965ccfc6d4b" outcome="Failed" testListId="8c84fa94-04c1-424b-9868-57a2d4851a1d" relativeResultsDirectory="0d045fec-0806-4ccf-98ff-6f41d1276f11">
      <Output>
        <ErrorInfo>
          <Message>Microsoft.AspNetCore.SignalR.HubException : No runtime for this branch</Message>
          <StackTrace>   at Source.Features.SignalR.Hubs.AgentHub.SubmitPrompt(SubmitPromptPayload payload) in /workspace/packages/dotnet-api/Source/Features/SignalR/Hubs/AgentHub.cs:line 248
   at Api.Tests.Features.SignalR.AgentHubSubmitPromptTests.SubmitPrompt_PriorTerminalSessions_DoNotBlockDispatch() in /workspace/packages/dotnet-api/Tests/Features/SignalR/AgentHubSubmitPromptTests.cs:line 927
--- End of stack trace from previous location ---</StackTrace>
        </ErrorInfo>
      </Output>
    </UnitTestResult>
    <UnitTestResult executionId="71bd4d27-d19c-4d26-9a80-8dbbf9d5877e" testId="b63a68b4-4ce7-ab98-b947-914596282619" testName="Api.Tests.Features.SignalR.AgentHubSubmitPromptTests.SubmitPrompt_DispatchedSession_RaisesSessionDispatchedEvent" computerName="149097c36171" duration="00:00:00.0386119" startTime="2026-05-16T22:07:45.5864881+00:00" endTime="2026-05-16T22:07:45.6246025+00:00" testType="13cdc9d9-ddb5-4fa4-a97d-d965ccfc6d4b" outcome="Failed" testListId="8c84fa94-04c1-424b-9868-57a2d4851a1d" relativeResultsDirectory="71bd4d27-d19c-4d26-9a80-8dbbf9d5877e">
      <Output>
        <ErrorInfo>
          <Message>Microsoft.AspNetCore.SignalR.HubException : No runtime for this branch</Message>
          <StackTrace>   at Source.Features.SignalR.Hubs.AgentHub.SubmitPrompt(SubmitPromptPayload payload) in /workspace/packages/dotnet-api/Source/Features/SignalR/Hubs/AgentHub.cs:line 248
   at Api.Tests.Features.SignalR.AgentHubSubmitPromptTests.SubmitPrompt_DispatchedSession_RaisesSessionDispatchedEvent() in /workspace/packages/dotnet-api/Tests/Features/SignalR/AgentHubSubmitPromptTests.cs:line 962
--- End of stack trace from previous location ---</StackTrace>
        </ErrorInfo>
      </Output>
    </UnitTestResult>
    <UnitTestResult executionId="6def572b-a1d1-447a-bfaa-28c280677575" testId="240771c7-455c-b521-187a-eaea9dcd90e8" testName="Api.Tests.Features.SignalR.AgentHubSubmitPromptTests.SubmitPrompt_ExistingConversation_ReusesIt" computerName="149097c36171" duration="00:00:00.0414135" startTime="2026-05-16T22:07:46.1932423+00:00" endTime="2026-05-16T22:07:46.2334639+00:00" testType="13cdc9d9-ddb5-4fa4-a97d-d965ccfc6d4b" outcome="Failed" testListId="8c84fa94-04c1-424b-9868-57a2d4851a1d" relativeResultsDirectory="6def572b-a1d1-447a-bfaa-28c280677575">
      <Output>
        <ErrorInfo>
          <Message>Microsoft.AspNetCore.SignalR.HubException : No runtime for this branch</Message>
          <StackTrace>   at Source.Features.SignalR.Hubs.AgentHub.SubmitPrompt(SubmitPromptPayload payload) in /workspace/packages/dotnet-api/Source/Features/SignalR/Hubs/AgentHub.cs:line 248
   at Api.Tests.Features.SignalR.AgentHubSubmitPromptTests.SubmitPrompt_ExistingConversation_ReusesIt() in /workspace/packages/dotnet-api/Tests/Features/SignalR/AgentHubSubmitPromptTests.cs:line 173
--- End of stack trace from previous location ---</StackTrace>
        </ErrorInfo>
      </Output>
    </UnitTestResult>
    <UnitTestResult executionId="ee0a9cbf-cff7-4a48-8ebc-2a6d31c5b445" testId="b647a43e-33dc-718b-9c45-406feb96ce89" testName="Api.Tests.Features.SignalR.AgentHubSubmitPromptTests.SubmitPrompt_PriorClaudeSession_ClaudeProject_StillResumes" computerName="149097c36171" duration="00:00:00.0341760" startTime="2026-05-16T22:07:46.4189606+00:00" endTime="2026-05-16T22:07:46.4492804+00:00" testType="13cdc9d9-ddb5-4fa4-a97d-d965ccfc6d4b" outcome="Failed" testListId="8c84fa94-04c1-424b-9868-57a2d4851a1d" relativeResultsDirectory="ee0a9cbf-cff7-4a48-8ebc-2a6d31c5b445">
      <Output>
        <ErrorInfo>
          <Message>Microsoft.AspNetCore.SignalR.HubException : No runtime for this branch</Message>
          <StackTrace>   at Source.Features.SignalR.Hubs.AgentHub.SubmitPrompt(SubmitPromptPayload payload) in /workspace/packages/dotnet-api/Source/Features/SignalR/Hubs/AgentHub.cs:line 248
   at Api.Tests.Features.SignalR.AgentHubSubmitPromptTests.SubmitPrompt_PriorClaudeSession_ClaudeProject_StillResumes() in /workspace/packages/dotnet-api/Tests/Features/SignalR/AgentHubSubmitPromptTests.cs:line 430
--- End of stack trace from previous location ---</StackTrace>
        </ErrorInfo>
      </Output>
    </UnitTestResult>
  </Results>
  <TestDefinitions>
    <UnitTest name="Api.Tests.Features.SignalR.AgentHubSubmitPromptTests.SubmitPrompt_QueueableNotOnlineState_QueuesInsteadOfThrowing(state: Suspended)" storage="/workspace/packages/dotnet-api/tests/bin/debug/net9.0/api.tests.dll" id="076266d1-f007-97f8-eae4-550d9d22193d">
      <Execution id="328e02f8-6cb0-4a1e-bfd0-25e5e4b8d190" />
      <TestMethod codeBase="/workspace/packages/dotnet-api/Tests/bin/Debug/net9.0/Api.Tests.dll" adapterTypeName="executor://xunit/VsTestRunner3/netcore/" className="Api.Tests.Features.SignalR.AgentHubSubmitPromptTests" name="SubmitPrompt_QueueableNotOnlineState_QueuesInsteadOfThrowing" />
    </UnitTest>
    <UnitTest name="Api.Tests.Features.SignalR.AgentHubSubmitPromptTests.SubmitPrompt_NonQueueableNotOnlineState_StillThrows(state: Deleting)" storage="/workspace/packages/dotnet-api/tests/bin/debug/net9.0/api.tests.dll" id="e487a97b-f6f4-7d46-2f55-b348a207adf0">
      <Execution id="1f5d804c-b44a-4c47-8fd7-c6de11c51c08" />
      <TestMethod codeBase="/workspace/packages/dotnet-api/Tests/bin/Debug/net9.0/Api.Tests.dll" adapterTypeName="executor://xunit/VsTestRunner3/netcore/" className="Api.Tests.Features.SignalR.AgentHubSubmitPromptTests" name="SubmitPrompt_NonQueueableNotOnlineState_StillThrows" />
    </UnitTest>
    <UnitTest name="Api.Tests.Features.SignalR.AgentHubSubmitPromptTests.SubmitPrompt_DispatchesStartTurnToCorrectRuntimeGroup" storage="/workspace/packages/dotnet-api/tests/bin/debug/net9.0/api.tests.dll" id="7497eb6e-1f73-1fbd-3ceb-5b092382c3b6">
      <Execution id="d18117ea-17bf-43df-8c5e-738ade589db6" />
      <TestMethod codeBase="/workspace/packages/dotnet-api/Tests/bin/Debug/net9.0/Api.Tests.dll" adapterTypeName="executor://xunit/VsTestRunner3/netcore/" className="Api.Tests.Features.SignalR.AgentHubSubmitPromptTests" name="SubmitPrompt_DispatchesStartTurnToCorrectRuntimeGroup" />
    </UnitTest>
    <UnitTest name="Api.Tests.Features.SignalR.AgentHubSubmitPromptTests.SubmitPrompt_LongPrompt_TitleTruncated" storage="/workspace/packages/dotnet-api/tests/bin/debug/net9.0/api.tests.dll" id="bf793b72-2918-9aa0-56eb-a656614100c5">
      <Execution id="2e591e81-2ff1-4ccb-a9d6-51e2bea0aaa5" />
      <TestMethod codeBase="/workspace/packages/dotnet-api/Tests/bin/Debug/net9.0/Api.Tests.dll" adapterTypeName="executor://xunit/VsTestRunner3/netcore/" className="Api.Tests.Features.SignalR.AgentHubSubmitPromptTests" name="SubmitPrompt_LongPrompt_TitleTruncated" />
    </UnitTest>
    <UnitTest name="Api.Tests.Features.SignalR.AgentHubSubmitPromptTests.SubmitPrompt_ActiveSessionCanceling_QueuesNewPrompt" storage="/workspace/packages/dotnet-api/tests/bin/debug/net9.0/api.tests.dll" id="fd4508bc-02fe-0a55-649c-aeb6ab625fd9">
      <Execution id="014ec8c3-a00a-4297-a602-8447dfa171c1" />
      <TestMethod codeBase="/workspace/packages/dotnet-api/Tests/bin/Debug/net9.0/Api.Tests.dll" adapterTypeName="executor://xunit/VsTestRunner3/netcore/" className="Api.Tests.Features.SignalR.AgentHubSubmitPromptTests" name="SubmitPrompt_ActiveSessionCanceling_QueuesNewPrompt" />
    </UnitTest>
    <UnitTest name="Api.Tests.Features.SignalR.AgentHubSubmitPromptTests.SubmitPrompt_QueueableNotOnlineState_QueuesInsteadOfThrowing(state: Pending)" storage="/workspace/packages/dotnet-api/tests/bin/debug/net9.0/api.tests.dll" id="5843c2b4-39ca-1890-8395-6aa5271f449a">
      <Execution id="6c66414e-a259-40e8-9a27-8af44581a935" />
      <TestMethod codeBase="/workspace/packages/dotnet-api/Tests/bin/Debug/net9.0/Api.Tests.dll" adapterTypeName="executor://xunit/VsTestRunner3/netcore/" className="Api.Tests.Features.SignalR.AgentHubSubmitPromptTests" name="SubmitPrompt_QueueableNotOnlineState_QueuesInsteadOfThrowing" />
    </UnitTest>
    <UnitTest name="Api.Tests.Features.SignalR.AgentHubSubmitPromptTests.SubmitPrompt_NonQueueableNotOnlineState_StillThrows(state: Failed)" storage="/workspace/packages/dotnet-api/tests/bin/debug/net9.0/api.tests.dll" id="e67d6a3e-6e08-f42a-37c9-6118188844e3">
      <Execution id="40b45d83-f8a9-4d10-b827-b4ceacac14fa" />
      <TestMethod codeBase="/workspace/packages/dotnet-api/Tests/bin/Debug/net9.0/Api.Tests.dll" adapterTypeName="executor://xunit/VsTestRunner3/netcore/" className="Api.Tests.Features.SignalR.AgentHubSubmitPromptTests" name="SubmitPrompt_NonQueueableNotOnlineState_StillThrows" />
    </UnitTest>
    <UnitTest name="Api.Tests.Features.SignalR.AgentHubSubmitPromptTests.SubmitPrompt_PromptUnder80Chars_TitleIsFullPrompt" storage="/workspace/packages/dotnet-api/tests/bin/debug/net9.0/api.tests.dll" id="7ea013f6-0129-58b0-7d5f-5902b72bef65">
      <Execution id="fd6faa8f-8c4c-42bd-8783-57c62e65bcea" />
      <TestMethod codeBase="/workspace/packages/dotnet-api/Tests/bin/Debug/net9.0/Api.Tests.dll" adapterTypeName="executor://xunit/VsTestRunner3/netcore/" className="Api.Tests.Features.SignalR.AgentHubSubmitPromptTests" name="SubmitPrompt_PromptUnder80Chars_TitleIsFullPrompt" />
    </UnitTest>
    <UnitTest name="Api.Tests.Features.SignalR.AgentHubSubmitPromptTests.SubmitPrompt_QueueableNotOnlineState_QueuesInsteadOfThrowing(state: Waking)" storage="/workspace/packages/dotnet-api/tests/bin/debug/net9.0/api.tests.dll" id="88ab3cd9-94c9-c7a2-1843-351575f94353">
      <Execution id="a187255a-2fb1-4929-9422-3eb2808aca04" />
      <TestMethod codeBase="/workspace/packages/dotnet-api/Tests/bin/Debug/net9.0/Api.Tests.dll" adapterTypeName="executor://xunit/VsTestRunner3/netcore/" className="Api.Tests.Features.SignalR.AgentHubSubmitPromptTests" name="SubmitPrompt_QueueableNotOnlineState_QueuesInsteadOfThrowing" />
    </UnitTest>
    <UnitTest name="Api.Tests.Features.SignalR.AgentHubSubmitPromptTests.SubmitPrompt_ClaudeProject_NoAnthropicKey_StillThrows" storage="/workspace/packages/dotnet-api/tests/bin/debug/net9.0/api.tests.dll" id="922afc91-7e5d-7ec3-4925-bbba6064b3e6">
      <Execution id="470327ec-7225-42cb-a231-06d8e2ad537b" />
      <TestMethod codeBase="/workspace/packages/dotnet-api/Tests/bin/Debug/net9.0/Api.Tests.dll" adapterTypeName="executor://xunit/VsTestRunner3/netcore/" className="Api.Tests.Features.SignalR.AgentHubSubmitPromptTests" name="SubmitPrompt_ClaudeProject_NoAnthropicKey_StillThrows" />
    </UnitTest>
    <UnitTest name="Api.Tests.Features.SignalR.AgentHubSubmitPromptTests.SubmitPrompt_EmptyText_ThrowsHubException" storage="/workspace/packages/dotnet-api/tests/bin/debug/net9.0/api.tests.dll" id="47f28a72-6bce-b11b-4c08-23afeed1010e">
      <Execution id="f572e5f8-dc5a-4b8e-a40f-4907cc82554f" />
      <TestMethod codeBase="/workspace/packages/dotnet-api/Tests/bin/Debug/net9.0/Api.Tests.dll" adapterTypeName="executor://xunit/VsTestRunner3/netcore/" className="Api.Tests.Features.SignalR.AgentHubSubmitPromptTests" name="SubmitPrompt_EmptyText_ThrowsHubException" />
    </UnitTest>
    <UnitTest name="Api.Tests.Features.SignalR.AgentHubSubmitPromptTests.SubmitPrompt_RaisesAgentEventEmittedDomainEvent" storage="/workspace/packages/dotnet-api/tests/bin/debug/net9.0/api.tests.dll" id="446bc12b-a7b5-3d15-db87-a86208a2c428">
      <Execution id="6bc4c39c-859a-4a62-ad84-2d4178ef543f" />
      <TestMethod codeBase="/workspace/packages/dotnet-api/Tests/bin/Debug/net9.0/Api.Tests.dll" adapterTypeName="executor://xunit/VsTestRunner3/netcore/" className="Api.Tests.Features.SignalR.AgentHubSubmitPromptTests" name="SubmitPrompt_RaisesAgentEventEmittedDomainEvent" />
    </UnitTest>
    <UnitTest name="Api.Tests.Features.SignalR.AgentHubSubmitPromptTests.SubmitPrompt_TextTooLong_ThrowsHubException" storage="/workspace/packages/dotnet-api/tests/bin/debug/net9.0/api.tests.dll" id="c926ef98-a5f7-26e4-4a2c-4509434a1c7c">
      <Execution id="0896f3d0-19de-48aa-afa3-70d9b1610780" />
      <TestMethod codeBase="/workspace/packages/dotnet-api/Tests/bin/Debug/net9.0/Api.Tests.dll" adapterTypeName="executor://xunit/VsTestRunner3/netcore/" className="Api.Tests.Features.SignalR.AgentHubSubmitPromptTests" name="SubmitPrompt_TextTooLong_ThrowsHubException" />
    </UnitTest>
    <UnitTest name="Api.Tests.Features.SignalR.AgentHubSubmitPromptTests.SubmitPrompt_UnknownConversationId_ThrowsHubException" storage="/workspace/packages/dotnet-api/tests/bin/debug/net9.0/api.tests.dll" id="0e283ff0-c0d4-440b-ff74-37dfeabe09cd">
      <Execution id="0499d852-3835-40d3-a1dd-dbddddc590ca" />
      <TestMethod codeBase="/workspace/packages/dotnet-api/Tests/bin/Debug/net9.0/Api.Tests.dll" adapterTypeName="executor://xunit/VsTestRunner3/netcore/" className="Api.Tests.Features.SignalR.AgentHubSubmitPromptTests" name="SubmitPrompt_UnknownConversationId_ThrowsHubException" />
    </UnitTest>
    <UnitTest name="Api.Tests.Features.SignalR.AgentHubSubmitPromptTests.SubmitPrompt_NoActiveSession_DispatchesImmediately" storage="/workspace/packages/dotnet-api/tests/bin/debug/net9.0/api.tests.dll" id="2d680f5b-5fc9-650c-7feb-636fd8bee65b">
      <Execution id="ce5886b5-dec4-47ed-a042-ba804e722fec" />
      <TestMethod codeBase="/workspace/packages/dotnet-api/Tests/bin/Debug/net9.0/Api.Tests.dll" adapterTypeName="executor://xunit/VsTestRunner3/netcore/" className="Api.Tests.Features.SignalR.AgentHubSubmitPromptTests" name="SubmitPrompt_NoActiveSession_DispatchesImmediately" />
    </UnitTest>
    <UnitTest name="Api.Tests.Features.SignalR.AgentHubSubmitPromptTests.SubmitPrompt_PriorClaudeSession_ClaudeProject_StillResumes" storage="/workspace/packages/dotnet-api/tests/bin/debug/net9.0/api.tests.dll" id="b647a43e-33dc-718b-9c45-406feb96ce89">
      <Execution id="ee0a9cbf-cff7-4a48-8ebc-2a6d31c5b445" />
      <TestMethod codeBase="/workspace/packages/dotnet-api/Tests/bin/Debug/net9.0/Api.Tests.dll" adapterTypeName="executor://xunit/VsTestRunner3/netcore/" className="Api.Tests.Features.SignalR.AgentHubSubmitPromptTests" name="SubmitPrompt_PriorClaudeSession_ClaudeProject_StillResumes" />
    </UnitTest>
    <UnitTest name="Api.Tests.Features.SignalR.AgentHubSubmitPromptTests.SubmitPrompt_QueueableNotOnlineState_QueuesInsteadOfThrowing(state: Booting)" storage="/workspace/packages/dotnet-api/tests/bin/debug/net9.0/api.tests.dll" id="d96786cc-ccae-f0c9-a6b6-d4e5ae7dc39f">
      <Execution id="ac72043e-a3f0-47fb-b767-b8f37d102794" />
      <TestMethod codeBase="/workspace/packages/dotnet-api/Tests/bin/Debug/net9.0/Api.Tests.dll" adapterTypeName="executor://xunit/VsTestRunner3/netcore/" className="Api.Tests.Features.SignalR.AgentHubSubmitPromptTests" name="SubmitPrompt_QueueableNotOnlineState_QueuesInsteadOfThrowing" />
    </UnitTest>
    <UnitTest name="Api.Tests.Features.SignalR.AgentHubSubmitPromptTests.SubmitPrompt_QueueableNotOnlineState_QueuesInsteadOfThrowing(state: Bootstrapping)" storage="/workspace/packages/dotnet-api/tests/bin/debug/net9.0/api.tests.dll" id="ca2063f5-6e76-f575-396e-413beb8186b7">
      <Execution id="8745b458-aaac-474d-b357-69047a45fc14" />
      <TestMethod codeBase="/workspace/packages/dotnet-api/Tests/bin/Debug/net9.0/Api.Tests.dll" adapterTypeName="executor://xunit/VsTestRunner3/netcore/" className="Api.Tests.Features.SignalR.AgentHubSubmitPromptTests" name="SubmitPrompt_QueueableNotOnlineState_QueuesInsteadOfThrowing" />
    </UnitTest>
    <UnitTest name="Api.Tests.Features.SignalR.AgentHubSubmitPromptTests.SubmitPrompt_ConversationFromDifferentProject_ThrowsHubException" storage="/workspace/packages/dotnet-api/tests/bin/debug/net9.0/api.tests.dll" id="0143aca1-2f48-2a92-7353-1923998bf9bd">
      <Execution id="ced456a7-6c40-4a00-8475-68f0dc3e9c34" />
      <TestMethod codeBase="/workspace/packages/dotnet-api/Tests/bin/Debug/net9.0/Api.Tests.dll" adapterTypeName="executor://xunit/VsTestRunner3/netcore/" className="Api.Tests.Features.SignalR.AgentHubSubmitPromptTests" name="SubmitPrompt_ConversationFromDifferentProject_ThrowsHubException" />
    </UnitTest>
    <UnitTest name="Api.Tests.Features.SignalR.AgentHubSubmitPromptTests.SubmitPrompt_NewConversation_CreatesConversationAndSession" storage="/workspace/packages/dotnet-api/tests/bin/debug/net9.0/api.tests.dll" id="281b0425-7eb3-843f-e55f-e23926a04ec9">
      <Execution id="05f59491-7b4a-4c01-a6e1-02c8f93de836" />
      <TestMethod codeBase="/workspace/packages/dotnet-api/Tests/bin/Debug/net9.0/Api.Tests.dll" adapterTypeName="executor://xunit/VsTestRunner3/netcore/" className="Api.Tests.Features.SignalR.AgentHubSubmitPromptTests" name="SubmitPrompt_NewConversation_CreatesConversationAndSession" />
    </UnitTest>
    <UnitTest name="Api.Tests.Features.SignalR.AgentHubSubmitPromptTests.SubmitPrompt_DispatchedSession_RaisesSessionDispatchedEvent" storage="/workspace/packages/dotnet-api/tests/bin/debug/net9.0/api.tests.dll" id="b63a68b4-4ce7-ab98-b947-914596282619">
      <Execution id="71bd4d27-d19c-4d26-9a80-8dbbf9d5877e" />
      <TestMethod codeBase="/workspace/packages/dotnet-api/Tests/bin/Debug/net9.0/Api.Tests.dll" adapterTypeName="executor://xunit/VsTestRunner3/netcore/" className="Api.Tests.Features.SignalR.AgentHubSubmitPromptTests" name="SubmitPrompt_DispatchedSession_RaisesSessionDispatchedEvent" />
    </UnitTest>
    <UnitTest name="Api.Tests.Features.SignalR.AgentHubSubmitPromptTests.SubmitPrompt_OpencodeProject_NoAnthropicKey_DoesNotThrow" storage="/workspace/packages/dotnet-api/tests/bin/debug/net9.0/api.tests.dll" id="5540502e-21df-07cd-a98e-0f21ec933150">
      <Execution id="014375ce-7935-40b9-840a-5489a405c5bc" />
      <TestMethod codeBase="/workspace/packages/dotnet-api/Tests/bin/Debug/net9.0/Api.Tests.dll" adapterTypeName="executor://xunit/VsTestRunner3/netcore/" className="Api.Tests.Features.SignalR.AgentHubSubmitPromptTests" name="SubmitPrompt_OpencodeProject_NoAnthropicKey_DoesNotThrow" />
    </UnitTest>
    <UnitTest name="Api.Tests.Features.SignalR.AgentHubSubmitPromptTests.SubmitPrompt_NoPriorSucceededSession_ClaudeSessionIdIsNull" storage="/workspace/packages/dotnet-api/tests/bin/debug/net9.0/api.tests.dll" id="6192d196-c1b7-cb5e-bcd0-fe63f02e5022">
      <Execution id="a1e6209e-8cac-4940-8244-081741a0ef51" />
      <TestMethod codeBase="/workspace/packages/dotnet-api/Tests/bin/Debug/net9.0/Api.Tests.dll" adapterTypeName="executor://xunit/VsTestRunner3/netcore/" className="Api.Tests.Features.SignalR.AgentHubSubmitPromptTests" name="SubmitPrompt_NoPriorSucceededSession_ClaudeSessionIdIsNull" />
    </UnitTest>
    <UnitTest name="Api.Tests.Features.SignalR.AgentHubSubmitPromptTests.SubmitPrompt_QueuedSession_RaisesSessionEnqueuedEvent" storage="/workspace/packages/dotnet-api/tests/bin/debug/net9.0/api.tests.dll" id="6fa36539-aa6e-f824-de85-69bb68f87829">
      <Execution id="fe0f28d6-7164-44e7-9ec9-b76e329c8ac2" />
      <TestMethod codeBase="/workspace/packages/dotnet-api/Tests/bin/Debug/net9.0/Api.Tests.dll" adapterTypeName="executor://xunit/VsTestRunner3/netcore/" className="Api.Tests.Features.SignalR.AgentHubSubmitPromptTests" name="SubmitPrompt_QueuedSession_RaisesSessionEnqueuedEvent" />
    </UnitTest>
    <UnitTest name="Api.Tests.Features.SignalR.AgentHubSubmitPromptTests.SubmitPrompt_QueueableNotOnlineState_QueuesInsteadOfThrowing(state: Suspending)" storage="/workspace/packages/dotnet-api/tests/bin/debug/net9.0/api.tests.dll" id="b59f2b81-243b-9c29-356b-39132e5f7e84">
      <Execution id="3fbcf125-b4b8-4087-84fd-4e6c843900f9" />
      <TestMethod codeBase="/workspace/packages/dotnet-api/Tests/bin/Debug/net9.0/Api.Tests.dll" adapterTypeName="executor://xunit/VsTestRunner3/netcore/" className="Api.Tests.Features.SignalR.AgentHubSubmitPromptTests" name="SubmitPrompt_QueueableNotOnlineState_QueuesInsteadOfThrowing" />
    </UnitTest>
    <UnitTest name="Api.Tests.Features.SignalR.AgentHubSubmitPromptTests.SubmitPrompt_ResumesClaudeSessionId_FromMostRecentSucceededSession" storage="/workspace/packages/dotnet-api/tests/bin/debug/net9.0/api.tests.dll" id="beda2660-ef71-71e0-ebfa-4ec215d79f8c">
      <Execution id="cc0bd887-966c-487a-9a9f-b88d8c7d411f" />
      <TestMethod codeBase="/workspace/packages/dotnet-api/Tests/bin/Debug/net9.0/Api.Tests.dll" adapterTypeName="executor://xunit/VsTestRunner3/netcore/" className="Api.Tests.Features.SignalR.AgentHubSubmitPromptTests" name="SubmitPrompt_ResumesClaudeSessionId_FromMostRecentSucceededSession" />
    </UnitTest>
    <UnitTest name="Api.Tests.Features.SignalR.AgentHubSubmitPromptTests.SubmitPrompt_PriorTerminalSessions_DoNotBlockDispatch" storage="/workspace/packages/dotnet-api/tests/bin/debug/net9.0/api.tests.dll" id="e993ba1d-ae7e-662a-4967-9f126f62065d">
      <Execution id="0d045fec-0806-4ccf-98ff-6f41d1276f11" />
      <TestMethod codeBase="/workspace/packages/dotnet-api/Tests/bin/Debug/net9.0/Api.Tests.dll" adapterTypeName="executor://xunit/VsTestRunner3/netcore/" className="Api.Tests.Features.SignalR.AgentHubSubmitPromptTests" name="SubmitPrompt_PriorTerminalSessions_DoNotBlockDispatch" />
    </UnitTest>
    <UnitTest name="Api.Tests.Features.SignalR.AgentHubSubmitPromptTests.SubmitPrompt_ExistingConversation_ReusesIt" storage="/workspace/packages/dotnet-api/tests/bin/debug/net9.0/api.tests.dll" id="240771c7-455c-b521-187a-eaea9dcd90e8">
      <Execution id="6def572b-a1d1-447a-bfaa-28c280677575" />
      <TestMethod codeBase="/workspace/packages/dotnet-api/Tests/bin/Debug/net9.0/Api.Tests.dll" adapterTypeName="executor://xunit/VsTestRunner3/netcore/" className="Api.Tests.Features.SignalR.AgentHubSubmitPromptTests" name="SubmitPrompt_ExistingConversation_ReusesIt" />
    </UnitTest>
    <UnitTest name="Api.Tests.Features.SignalR.AgentHubSubmitPromptTests.SubmitPrompt_ThirdPromptWhileTwoQueued_GetsQueuePositionTwo" storage="/workspace/packages/dotnet-api/tests/bin/debug/net9.0/api.tests.dll" id="1c733876-09c8-dc5e-1d96-55fd430564c6">
      <Execution id="94794316-909c-4f4e-b4c9-de19f7aafaef" />
      <TestMethod codeBase="/workspace/packages/dotnet-api/Tests/bin/Debug/net9.0/Api.Tests.dll" adapterTypeName="executor://xunit/VsTestRunner3/netcore/" className="Api.Tests.Features.SignalR.AgentHubSubmitPromptTests" name="SubmitPrompt_ThirdPromptWhileTwoQueued_GetsQueuePositionTwo" />
    </UnitTest>
    <UnitTest name="Api.Tests.Features.SignalR.AgentHubSubmitPromptTests.SubmitPrompt_NonQueueableNotOnlineState_StillThrows(state: Crashed)" storage="/workspace/packages/dotnet-api/tests/bin/debug/net9.0/api.tests.dll" id="cc2e1e97-556f-57a9-4ef8-4b51fe63661c">
      <Execution id="da20c9be-c4a6-48cf-b349-5e0fa924b8b6" />
      <TestMethod codeBase="/workspace/packages/dotnet-api/Tests/bin/Debug/net9.0/Api.Tests.dll" adapterTypeName="executor://xunit/VsTestRunner3/netcore/" className="Api.Tests.Features.SignalR.AgentHubSubmitPromptTests" name="SubmitPrompt_NonQueueableNotOnlineState_StillThrows" />
    </UnitTest>
    <UnitTest name="Api.Tests.Features.SignalR.AgentHubSubmitPromptTests.SubmitPrompt_PriorOpencodeSession_ClaudeProject_DoesNotResumeWithOpencodeUuid" storage="/workspace/packages/dotnet-api/tests/bin/debug/net9.0/api.tests.dll" id="0ba5542a-a8ee-28fd-fbbb-8452808bdbca">
      <Execution id="63938b26-02e4-467b-9d96-5dd9a9ff8342" />
      <TestMethod codeBase="/workspace/packages/dotnet-api/Tests/bin/Debug/net9.0/Api.Tests.dll" adapterTypeName="executor://xunit/VsTestRunner3/netcore/" className="Api.Tests.Features.SignalR.AgentHubSubmitPromptTests" name="SubmitPrompt_PriorOpencodeSession_ClaudeProject_DoesNotResumeWithOpencodeUuid" />
    </UnitTest>
    <UnitTest name="Api.Tests.Features.SignalR.AgentHubSubmitPromptTests.SubmitPrompt_ActiveSessionRunning_QueuesNewPromptAndSkipsStartTurn" storage="/workspace/packages/dotnet-api/tests/bin/debug/net9.0/api.tests.dll" id="06e2fa0a-5a27-b204-9323-8d521186a2ac">
      <Execution id="011abaf4-ccab-43e9-967b-8250b29d2040" />
      <TestMethod codeBase="/workspace/packages/dotnet-api/Tests/bin/Debug/net9.0/Api.Tests.dll" adapterTypeName="executor://xunit/VsTestRunner3/netcore/" className="Api.Tests.Features.SignalR.AgentHubSubmitPromptTests" name="SubmitPrompt_ActiveSessionRunning_QueuesNewPromptAndSkipsStartTurn" />
    </UnitTest>
    <UnitTest name="Api.Tests.Features.SignalR.AgentHubSubmitPromptTests.SubmitPrompt_FirstPromptOnNewConversation_NoClaudeSessionId" storage="/workspace/packages/dotnet-api/tests/bin/debug/net9.0/api.tests.dll" id="a6bc7a1c-5aac-8786-6efb-98c56e59010c">
      <Execution id="c37fc1ac-b179-42b7-a3ff-e715f731d27a" />
      <TestMethod codeBase="/workspace/packages/dotnet-api/Tests/bin/Debug/net9.0/Api.Tests.dll" adapterTypeName="executor://xunit/VsTestRunner3/netcore/" className="Api.Tests.Features.SignalR.AgentHubSubmitPromptTests" name="SubmitPrompt_FirstPromptOnNewConversation_NoClaudeSessionId" />
    </UnitTest>
    <UnitTest name="Api.Tests.Features.SignalR.AgentHubSubmitPromptTests.SubmitPrompt_NoRuntimeForProject_ThrowsHubException" storage="/workspace/packages/dotnet-api/tests/bin/debug/net9.0/api.tests.dll" id="95d49352-8c24-3c6e-5f3b-7697b357bb05">
      <Execution id="2865081c-d6a1-4b3e-8e1a-d0c08971027a" />
      <TestMethod codeBase="/workspace/packages/dotnet-api/Tests/bin/Debug/net9.0/Api.Tests.dll" adapterTypeName="executor://xunit/VsTestRunner3/netcore/" className="Api.Tests.Features.SignalR.AgentHubSubmitPromptTests" name="SubmitPrompt_NoRuntimeForProject_ThrowsHubException" />
    </UnitTest>
  </TestDefinitions>
  <TestEntries>
    <TestEntry testId="6192d196-c1b7-cb5e-bcd0-fe63f02e5022" executionId="a1e6209e-8cac-4940-8244-081741a0ef51" testListId="8c84fa94-04c1-424b-9868-57a2d4851a1d" />
    <TestEntry testId="ca2063f5-6e76-f575-396e-413beb8186b7" executionId="8745b458-aaac-474d-b357-69047a45fc14" testListId="8c84fa94-04c1-424b-9868-57a2d4851a1d" />
    <TestEntry testId="076266d1-f007-97f8-eae4-550d9d22193d" executionId="328e02f8-6cb0-4a1e-bfd0-25e5e4b8d190" testListId="8c84fa94-04c1-424b-9868-57a2d4851a1d" />
    <TestEntry testId="e67d6a3e-6e08-f42a-37c9-6118188844e3" executionId="40b45d83-f8a9-4d10-b827-b4ceacac14fa" testListId="8c84fa94-04c1-424b-9868-57a2d4851a1d" />
    <TestEntry testId="e487a97b-f6f4-7d46-2f55-b348a207adf0" executionId="1f5d804c-b44a-4c47-8fd7-c6de11c51c08" testListId="8c84fa94-04c1-424b-9868-57a2d4851a1d" />
    <TestEntry testId="0ba5542a-a8ee-28fd-fbbb-8452808bdbca" executionId="63938b26-02e4-467b-9d96-5dd9a9ff8342" testListId="8c84fa94-04c1-424b-9868-57a2d4851a1d" />
    <TestEntry testId="281b0425-7eb3-843f-e55f-e23926a04ec9" executionId="05f59491-7b4a-4c01-a6e1-02c8f93de836" testListId="8c84fa94-04c1-424b-9868-57a2d4851a1d" />
    <TestEntry testId="446bc12b-a7b5-3d15-db87-a86208a2c428" executionId="6bc4c39c-859a-4a62-ad84-2d4178ef543f" testListId="8c84fa94-04c1-424b-9868-57a2d4851a1d" />
    <TestEntry testId="c926ef98-a5f7-26e4-4a2c-4509434a1c7c" executionId="0896f3d0-19de-48aa-afa3-70d9b1610780" testListId="8c84fa94-04c1-424b-9868-57a2d4851a1d" />
    <TestEntry testId="cc2e1e97-556f-57a9-4ef8-4b51fe63661c" executionId="da20c9be-c4a6-48cf-b349-5e0fa924b8b6" testListId="8c84fa94-04c1-424b-9868-57a2d4851a1d" />
    <TestEntry testId="1c733876-09c8-dc5e-1d96-55fd430564c6" executionId="94794316-909c-4f4e-b4c9-de19f7aafaef" testListId="8c84fa94-04c1-424b-9868-57a2d4851a1d" />
    <TestEntry testId="06e2fa0a-5a27-b204-9323-8d521186a2ac" executionId="011abaf4-ccab-43e9-967b-8250b29d2040" testListId="8c84fa94-04c1-424b-9868-57a2d4851a1d" />
    <TestEntry testId="b59f2b81-243b-9c29-356b-39132e5f7e84" executionId="3fbcf125-b4b8-4087-84fd-4e6c843900f9" testListId="8c84fa94-04c1-424b-9868-57a2d4851a1d" />
    <TestEntry testId="6fa36539-aa6e-f824-de85-69bb68f87829" executionId="fe0f28d6-7164-44e7-9ec9-b76e329c8ac2" testListId="8c84fa94-04c1-424b-9868-57a2d4851a1d" />
    <TestEntry testId="88ab3cd9-94c9-c7a2-1843-351575f94353" executionId="a187255a-2fb1-4929-9422-3eb2808aca04" testListId="8c84fa94-04c1-424b-9868-57a2d4851a1d" />
    <TestEntry testId="7497eb6e-1f73-1fbd-3ceb-5b092382c3b6" executionId="d18117ea-17bf-43df-8c5e-738ade589db6" testListId="8c84fa94-04c1-424b-9868-57a2d4851a1d" />
    <TestEntry testId="beda2660-ef71-71e0-ebfa-4ec215d79f8c" executionId="cc0bd887-966c-487a-9a9f-b88d8c7d411f" testListId="8c84fa94-04c1-424b-9868-57a2d4851a1d" />
    <TestEntry testId="d96786cc-ccae-f0c9-a6b6-d4e5ae7dc39f" executionId="ac72043e-a3f0-47fb-b767-b8f37d102794" testListId="8c84fa94-04c1-424b-9868-57a2d4851a1d" />
    <TestEntry testId="fd4508bc-02fe-0a55-649c-aeb6ab625fd9" executionId="014ec8c3-a00a-4297-a602-8447dfa171c1" testListId="8c84fa94-04c1-424b-9868-57a2d4851a1d" />
    <TestEntry testId="7ea013f6-0129-58b0-7d5f-5902b72bef65" executionId="fd6faa8f-8c4c-42bd-8783-57c62e65bcea" testListId="8c84fa94-04c1-424b-9868-57a2d4851a1d" />
    <TestEntry testId="0143aca1-2f48-2a92-7353-1923998bf9bd" executionId="ced456a7-6c40-4a00-8475-68f0dc3e9c34" testListId="8c84fa94-04c1-424b-9868-57a2d4851a1d" />
    <TestEntry testId="5843c2b4-39ca-1890-8395-6aa5271f449a" executionId="6c66414e-a259-40e8-9a27-8af44581a935" testListId="8c84fa94-04c1-424b-9868-57a2d4851a1d" />
    <TestEntry testId="922afc91-7e5d-7ec3-4925-bbba6064b3e6" executionId="470327ec-7225-42cb-a231-06d8e2ad537b" testListId="8c84fa94-04c1-424b-9868-57a2d4851a1d" />
    <TestEntry testId="47f28a72-6bce-b11b-4c08-23afeed1010e" executionId="f572e5f8-dc5a-4b8e-a40f-4907cc82554f" testListId="8c84fa94-04c1-424b-9868-57a2d4851a1d" />
    <TestEntry testId="a6bc7a1c-5aac-8786-6efb-98c56e59010c" executionId="c37fc1ac-b179-42b7-a3ff-e715f731d27a" testListId="8c84fa94-04c1-424b-9868-57a2d4851a1d" />
    <TestEntry testId="95d49352-8c24-3c6e-5f3b-7697b357bb05" executionId="2865081c-d6a1-4b3e-8e1a-d0c08971027a" testListId="8c84fa94-04c1-424b-9868-57a2d4851a1d" />
    <TestEntry testId="2d680f5b-5fc9-650c-7feb-636fd8bee65b" executionId="ce5886b5-dec4-47ed-a042-ba804e722fec" testListId="8c84fa94-04c1-424b-9868-57a2d4851a1d" />
    <TestEntry testId="0e283ff0-c0d4-440b-ff74-37dfeabe09cd" executionId="0499d852-3835-40d3-a1dd-dbddddc590ca" testListId="8c84fa94-04c1-424b-9868-57a2d4851a1d" />
    <TestEntry testId="5540502e-21df-07cd-a98e-0f21ec933150" executionId="014375ce-7935-40b9-840a-5489a405c5bc" testListId="8c84fa94-04c1-424b-9868-57a2d4851a1d" />
    <TestEntry testId="bf793b72-2918-9aa0-56eb-a656614100c5" executionId="2e591e81-2ff1-4ccb-a9d6-51e2bea0aaa5" testListId="8c84fa94-04c1-424b-9868-57a2d4851a1d" />
    <TestEntry testId="e993ba1d-ae7e-662a-4967-9f126f62065d" executionId="0d045fec-0806-4ccf-98ff-6f41d1276f11" testListId="8c84fa94-04c1-424b-9868-57a2d4851a1d" />
    <TestEntry testId="b63a68b4-4ce7-ab98-b947-914596282619" executionId="71bd4d27-d19c-4d26-9a80-8dbbf9d5877e" testListId="8c84fa94-04c1-424b-9868-57a2d4851a1d" />
    <TestEntry testId="240771c7-455c-b521-187a-eaea9dcd90e8" executionId="6def572b-a1d1-447a-bfaa-28c280677575" testListId="8c84fa94-04c1-424b-9868-57a2d4851a1d" />
    <TestEntry testId="b647a43e-33dc-718b-9c45-406feb96ce89" executionId="ee0a9cbf-cff7-4a48-8ebc-2a6d31c5b445" testListId="8c84fa94-04c1-424b-9868-57a2d4851a1d" />
  </TestEntries>
  <TestLists>
    <TestList name="Results Not in a List" id="8c84fa94-04c1-424b-9868-57a2d4851a1d" />
    <TestList name="All Loaded Results" id="19431567-8539-422a-85d7-44ee4e166bda" />
  </TestLists>
  <ResultSummary outcome="Failed">
    <Counters total="34" executed="34" passed="5" failed="29" error="0" timeout="0" aborted="0" inconclusive="0" passedButRunAborted="0" notRunnable="0" notExecuted="0" disconnected="0" warning="0" completed="0" inProgress="0" pending="0" />
    <Output>
      <StdOut>[xUnit.net 00:00:00.00] xUnit.net VSTest Adapter v3.1.0+00ab0a9ec4 (64-bit .NET 9.0.15)
[xUnit.net 00:00:00.20]   Discovering: Api.Tests
[xUnit.net 00:00:00.48]   Discovered:  Api.Tests
[xUnit.net 00:00:00.52]   Starting:    Api.Tests
[xUnit.net 00:00:02.52]       Microsoft.AspNetCore.SignalR.HubException : No runtime for this branch
[xUnit.net 00:00:02.52]       Stack Trace:
[xUnit.net 00:00:02.52]         /workspace/packages/dotnet-api/Source/Features/SignalR/Hubs/AgentHub.cs(248,0): at Source.Features.SignalR.Hubs.AgentHub.SubmitPrompt(SubmitPromptPayload payload)
[xUnit.net 00:00:02.53]         /workspace/packages/dotnet-api/Tests/Features/SignalR/AgentHubSubmitPromptTests.cs(116,0): at Api.Tests.Features.SignalR.AgentHubSubmitPromptTests.SubmitPrompt_NewConversation_CreatesConversationAndSession()
[xUnit.net 00:00:02.53]         --- End of stack trace from previous location ---
[xUnit.net 00:00:02.71]       Microsoft.AspNetCore.SignalR.HubException : No runtime for this branch
[xUnit.net 00:00:02.71]       Stack Trace:
[xUnit.net 00:00:02.71]         /workspace/packages/dotnet-api/Source/Features/SignalR/Hubs/AgentHub.cs(248,0): at Source.Features.SignalR.Hubs.AgentHub.SubmitPrompt(SubmitPromptPayload payload)
[xUnit.net 00:00:02.71]         /workspace/packages/dotnet-api/Tests/Features/SignalR/AgentHubSubmitPromptTests.cs(927,0): at Api.Tests.Features.SignalR.AgentHubSubmitPromptTests.SubmitPrompt_PriorTerminalSessions_DoNotBlockDispatch()
[xUnit.net 00:00:02.71]         --- End of stack trace from previous location ---
[xUnit.net 00:00:02.79]       Microsoft.AspNetCore.SignalR.HubException : No runtime for this branch
[xUnit.net 00:00:02.79]       Stack Trace:
[xUnit.net 00:00:02.79]         /workspace/packages/dotnet-api/Source/Features/SignalR/Hubs/AgentHub.cs(248,0): at Source.Features.SignalR.Hubs.AgentHub.SubmitPrompt(SubmitPromptPayload payload)
[xUnit.net 00:00:02.79]         /workspace/packages/dotnet-api/Tests/Features/SignalR/AgentHubSubmitPromptTests.cs(989,0): at Api.Tests.Features.SignalR.AgentHubSubmitPromptTests.SubmitPrompt_QueuedSession_RaisesSessionEnqueuedEvent()
[xUnit.net 00:00:02.79]         --- End of stack trace from previous location ---
[xUnit.net 00:00:02.92]       Expected ex.Which.Message "No runtime for this branch" to contain "must be Online".
[xUnit.net 00:00:02.92]       Stack Trace:
[xUnit.net 00:00:02.92]            at FluentAssertions.Execution.LateBoundTestFramework.Throw(String message)
[xUnit.net 00:00:02.92]            at FluentAssertions.Execution.TestFrameworkProvider.Throw(String message)
[xUnit.net 00:00:02.92]            at FluentAssertions.Execution.DefaultAssertionStrategy.HandleFailure(String message)
[xUnit.net 00:00:02.92]            at FluentAssertions.Execution.AssertionScope.FailWith(Func`1 failReasonFunc)
[xUnit.net 00:00:02.92]            at FluentAssertions.Execution.AssertionScope.FailWith(Func`1 failReasonFunc)
[xUnit.net 00:00:02.92]            at FluentAssertions.Execution.AssertionScope.FailWith(String message, Object[] args)
[xUnit.net 00:00:02.92]            at FluentAssertions.Primitives.StringAssertions`1.Contain(String expected, String because, Object[] becauseArgs)
[xUnit.net 00:00:02.92]         /workspace/packages/dotnet-api/Tests/Features/SignalR/AgentHubSubmitPromptTests.cs(595,0): at Api.Tests.Features.SignalR.AgentHubSubmitPromptTests.SubmitPrompt_NonQueueableNotOnlineState_StillThrows(RuntimeState state)
[xUnit.net 00:00:02.92]         --- End of stack trace from previous location ---
[xUnit.net 00:00:02.98]       Expected ex.Which.Message "No runtime for this branch" to contain "must be Online".
[xUnit.net 00:00:02.98]       Stack Trace:
[xUnit.net 00:00:02.98]            at FluentAssertions.Execution.LateBoundTestFramework.Throw(String message)
[xUnit.net 00:00:02.98]            at FluentAssertions.Execution.TestFrameworkProvider.Throw(String message)
[xUnit.net 00:00:02.98]            at FluentAssertions.Execution.DefaultAssertionStrategy.HandleFailure(String message)
[xUnit.net 00:00:02.98]            at FluentAssertions.Execution.AssertionScope.FailWith(Func`1 failReasonFunc)
[xUnit.net 00:00:02.98]            at FluentAssertions.Execution.AssertionScope.FailWith(Func`1 failReasonFunc)
[xUnit.net 00:00:02.98]            at FluentAssertions.Execution.AssertionScope.FailWith(String message, Object[] args)
[xUnit.net 00:00:02.98]            at FluentAssertions.Primitives.StringAssertions`1.Contain(String expected, String because, Object[] becauseArgs)
[xUnit.net 00:00:02.98]         /workspace/packages/dotnet-api/Tests/Features/SignalR/AgentHubSubmitPromptTests.cs(595,0): at Api.Tests.Features.SignalR.AgentHubSubmitPromptTests.SubmitPrompt_NonQueueableNotOnlineState_StillThrows(RuntimeState state)
[xUnit.net 00:00:02.98]         --- End of stack trace from previous location ---
[xUnit.net 00:00:03.03]       Expected ex.Which.Message "No runtime for this branch" to contain "must be Online".
[xUnit.net 00:00:03.03]       Stack Trace:
[xUnit.net 00:00:03.03]            at FluentAssertions.Execution.LateBoundTestFramework.Throw(String message)
[xUnit.net 00:00:03.03]            at FluentAssertions.Execution.TestFrameworkProvider.Throw(String message)
[xUnit.net 00:00:03.03]            at FluentAssertions.Execution.DefaultAssertionStrategy.HandleFailure(String message)
[xUnit.net 00:00:03.03]            at FluentAssertions.Execution.AssertionScope.FailWith(Func`1 failReasonFunc)
[xUnit.net 00:00:03.03]            at FluentAssertions.Execution.AssertionScope.FailWith(Func`1 failReasonFunc)
[xUnit.net 00:00:03.03]            at FluentAssertions.Execution.AssertionScope.FailWith(String message, Object[] args)
[xUnit.net 00:00:03.03]            at FluentAssertions.Primitives.StringAssertions`1.Contain(String expected, String because, Object[] becauseArgs)
[xUnit.net 00:00:03.03]         /workspace/packages/dotnet-api/Tests/Features/SignalR/AgentHubSubmitPromptTests.cs(595,0): at Api.Tests.Features.SignalR.AgentHubSubmitPromptTests.SubmitPrompt_NonQueueableNotOnlineState_StillThrows(RuntimeState state)
[xUnit.net 00:00:03.03]         --- End of stack trace from previous location ---
[xUnit.net 00:00:03.08]       Microsoft.AspNetCore.SignalR.HubException : No runtime for this branch
[xUnit.net 00:00:03.08]       Stack Trace:
[xUnit.net 00:00:03.08]         /workspace/packages/dotnet-api/Source/Features/SignalR/Hubs/AgentHub.cs(248,0): at Source.Features.SignalR.Hubs.AgentHub.SubmitPrompt(SubmitPromptPayload payload)
[xUnit.net 00:00:03.08]         /workspace/packages/dotnet-api/Tests/Features/SignalR/AgentHubSubmitPromptTests.cs(549,0): at Api.Tests.Features.SignalR.AgentHubSubmitPromptTests.SubmitPrompt_QueueableNotOnlineState_QueuesInsteadOfThrowing(RuntimeState state)
[xUnit.net 00:00:03.08]         --- End of stack trace from previous location ---
[xUnit.net 00:00:03.12]       Microsoft.AspNetCore.SignalR.HubException : No runtime for this branch
[xUnit.net 00:00:03.13]       Stack Trace:
[xUnit.net 00:00:03.13]         /workspace/packages/dotnet-api/Source/Features/SignalR/Hubs/AgentHub.cs(248,0): at Source.Features.SignalR.Hubs.AgentHub.SubmitPrompt(SubmitPromptPayload payload)
[xUnit.net 00:00:03.13]         /workspace/packages/dotnet-api/Tests/Features/SignalR/AgentHubSubmitPromptTests.cs(549,0): at Api.Tests.Features.SignalR.AgentHubSubmitPromptTests.SubmitPrompt_QueueableNotOnlineState_QueuesInsteadOfThrowing(RuntimeState state)
[xUnit.net 00:00:03.13]         --- End of stack trace from previous location ---
[xUnit.net 00:00:03.17]       Microsoft.AspNetCore.SignalR.HubException : No runtime for this branch
[xUnit.net 00:00:03.17]       Stack Trace:
[xUnit.net 00:00:03.18]         /workspace/packages/dotnet-api/Source/Features/SignalR/Hubs/AgentHub.cs(248,0): at Source.Features.SignalR.Hubs.AgentHub.SubmitPrompt(SubmitPromptPayload payload)
[xUnit.net 00:00:03.18]         /workspace/packages/dotnet-api/Tests/Features/SignalR/AgentHubSubmitPromptTests.cs(549,0): at Api.Tests.Features.SignalR.AgentHubSubmitPromptTests.SubmitPrompt_QueueableNotOnlineState_QueuesInsteadOfThrowing(RuntimeState state)
[xUnit.net 00:00:03.18]         --- End of stack trace from previous location ---
[xUnit.net 00:00:03.22]       Microsoft.AspNetCore.SignalR.HubException : No runtime for this branch
[xUnit.net 00:00:03.22]       Stack Trace:
[xUnit.net 00:00:03.22]         /workspace/packages/dotnet-api/Source/Features/SignalR/Hubs/AgentHub.cs(248,0): at Source.Features.SignalR.Hubs.AgentHub.SubmitPrompt(SubmitPromptPayload payload)
[xUnit.net 00:00:03.22]         /workspace/packages/dotnet-api/Tests/Features/SignalR/AgentHubSubmitPromptTests.cs(549,0): at Api.Tests.Features.SignalR.AgentHubSubmitPromptTests.SubmitPrompt_QueueableNotOnlineState_QueuesInsteadOfThrowing(RuntimeState state)
[xUnit.net 00:00:03.22]         --- End of stack trace from previous location ---
[xUnit.net 00:00:03.30]       Microsoft.AspNetCore.SignalR.HubException : No runtime for this branch
[xUnit.net 00:00:03.30]       Stack Trace:
[xUnit.net 00:00:03.30]         /workspace/packages/dotnet-api/Source/Features/SignalR/Hubs/AgentHub.cs(248,0): at Source.Features.SignalR.Hubs.AgentHub.SubmitPrompt(SubmitPromptPayload payload)
[xUnit.net 00:00:03.30]         /workspace/packages/dotnet-api/Tests/Features/SignalR/AgentHubSubmitPromptTests.cs(549,0): at Api.Tests.Features.SignalR.AgentHubSubmitPromptTests.SubmitPrompt_QueueableNotOnlineState_QueuesInsteadOfThrowing(RuntimeState state)
[xUnit.net 00:00:03.30]         --- End of stack trace from previous location ---
[xUnit.net 00:00:03.35]       Microsoft.AspNetCore.SignalR.HubException : No runtime for this branch
[xUnit.net 00:00:03.35]       Stack Trace:
[xUnit.net 00:00:03.35]         /workspace/packages/dotnet-api/Source/Features/SignalR/Hubs/AgentHub.cs(248,0): at Source.Features.SignalR.Hubs.AgentHub.SubmitPrompt(SubmitPromptPayload payload)
[xUnit.net 00:00:03.35]         /workspace/packages/dotnet-api/Tests/Features/SignalR/AgentHubSubmitPromptTests.cs(549,0): at Api.Tests.Features.SignalR.AgentHubSubmitPromptTests.SubmitPrompt_QueueableNotOnlineState_QueuesInsteadOfThrowing(RuntimeState state)
[xUnit.net 00:00:03.35]         --- End of stack trace from previous location ---
[...]
[xUnit.net 00:00:03.59]         /workspace/packages/dotnet-api/Tests/Features/SignalR/AgentHubSubmitPromptTests.cs(231,0): at Api.Tests.Features.SignalR.AgentHubSubmitPromptTests.SubmitPrompt_PromptUnder80Chars_TitleIsFullPrompt()
[xUnit.net 00:00:03.59]         --- End of stack trace from previous location ---
[xUnit.net 00:00:03.67]       Microsoft.AspNetCore.SignalR.HubException : No runtime for this branch
[xUnit.net 00:00:03.67]       Stack Trace:
[xUnit.net 00:00:03.67]         /workspace/packages/dotnet-api/Source/Features/SignalR/Hubs/AgentHub.cs(248,0): at Source.Features.SignalR.Hubs.AgentHub.SubmitPrompt(SubmitPromptPayload payload)
[xUnit.net 00:00:03.67]         /workspace/packages/dotnet-api/Tests/Features/SignalR/AgentHubSubmitPromptTests.cs(335,0): at Api.Tests.Features.SignalR.AgentHubSubmitPromptTests.SubmitPrompt_FirstPromptOnNewConversation_NoClaudeSessionId()
[xUnit.net 00:00:03.67]         --- End of stack trace from previous location ---
[xUnit.net 00:00:03.77]       Microsoft.AspNetCore.SignalR.HubException : No runtime for this branch
[xUnit.net 00:00:03.77]       Stack Trace:
[xUnit.net 00:00:03.77]         /workspace/packages/dotnet-api/Source/Features/SignalR/Hubs/AgentHub.cs(248,0): at Source.Features.SignalR.Hubs.AgentHub.SubmitPrompt(SubmitPromptPayload payload)
[xUnit.net 00:00:03.77]         /workspace/packages/dotnet-api/Tests/Features/SignalR/AgentHubSubmitPromptTests.cs(786,0): at Api.Tests.Features.SignalR.AgentHubSubmitPromptTests.SubmitPrompt_ActiveSessionRunning_QueuesNewPromptAndSkipsStartTurn()
[xUnit.net 00:00:03.77]         --- End of stack trace from previous location ---
[xUnit.net 00:00:03.81]       Microsoft.AspNetCore.SignalR.HubException : No runtime for this branch
[xUnit.net 00:00:03.81]       Stack Trace:
[xUnit.net 00:00:03.81]         /workspace/packages/dotnet-api/Source/Features/SignalR/Hubs/AgentHub.cs(248,0): at Source.Features.SignalR.Hubs.AgentHub.SubmitPrompt(SubmitPromptPayload payload)
[xUnit.net 00:00:03.81]         /workspace/packages/dotnet-api/Tests/Features/SignalR/AgentHubSubmitPromptTests.cs(211,0): at Api.Tests.Features.SignalR.AgentHubSubmitPromptTests.SubmitPrompt_LongPrompt_TitleTruncated()
[xUnit.net 00:00:03.81]         --- End of stack trace from previous location ---
[xUnit.net 00:00:03.85]       Microsoft.AspNetCore.SignalR.HubException : No runtime for this branch
[xUnit.net 00:00:03.85]       Stack Trace:
[xUnit.net 00:00:03.85]         /workspace/packages/dotnet-api/Source/Features/SignalR/Hubs/AgentHub.cs(248,0): at Source.Features.SignalR.Hubs.AgentHub.SubmitPrompt(SubmitPromptPayload payload)
[xUnit.net 00:00:03.85]         /workspace/packages/dotnet-api/Tests/Features/SignalR/AgentHubSubmitPromptTests.cs(317,0): at Api.Tests.Features.SignalR.AgentHubSubmitPromptTests.SubmitPrompt_NoPriorSucceededSession_ClaudeSessionIdIsNull()
[xUnit.net 00:00:03.85]         --- End of stack trace from previous location ---
[xUnit.net 00:00:04.01]       Did not expect Microsoft.AspNetCore.SignalR.HubException because opencode projects must not be gated on Anthropic credentials, but found Microsoft.AspNetCore.SignalR.HubException: No runtime for this branch
[xUnit.net 00:00:04.01]          at Source.Features.SignalR.Hubs.AgentHub.SubmitPrompt(SubmitPromptPayload payload) in /workspace/packages/dotnet-api/Source/Features/SignalR/Hubs/AgentHub.cs:line 248
[xUnit.net 00:00:04.01]          at Api.Tests.Features.SignalR.AgentHubSubmitPromptTests.&lt;&gt;c__DisplayClass18_0.&lt;&lt;SubmitPrompt_OpencodeProject_NoAnthropicKey_DoesNotThrow&gt;b__0&gt;d.MoveNext() in /workspace/packages/dotnet-api/Tests/Features/SignalR/AgentHubSubmitPromptTests.cs:line 463
[xUnit.net 00:00:04.01]       --- End of stack trace from previous location ---
[xUnit.net 00:00:04.01]          at FluentAssertions.Specialized.AsyncFunctionAssertions`2.NotThrowAsync[TException](String because, Object[] becauseArgs).
[xUnit.net 00:00:04.01]       Stack Trace:
[xUnit.net 00:00:04.01]            at FluentAssertions.Execution.LateBoundTestFramework.Throw(String message)
[xUnit.net 00:00:04.01]            at FluentAssertions.Execution.TestFrameworkProvider.Throw(String message)
[xUnit.net 00:00:04.01]            at FluentAssertions.Execution.DefaultAssertionStrategy.HandleFailure(String message)
[xUnit.net 00:00:04.01]            at FluentAssertions.Execution.AssertionScope.FailWith(Func`1 failReasonFunc)
[xUnit.net 00:00:04.01]            at FluentAssertions.Execution.AssertionScope.FailWith(Func`1 failReasonFunc)
[xUnit.net 00:00:04.01]            at FluentAssertions.Execution.AssertionScope.FailWith(String message, Object[] args)
[xUnit.net 00:00:04.01]            at FluentAssertions.Specialized.DelegateAssertionsBase`2.NotThrowInternal[TException](Exception exception, String because, Object[] becauseArgs)
[xUnit.net 00:00:04.01]            at FluentAssertions.Specialized.AsyncFunctionAssertions`2.NotThrowAsync[TException](String because, Object[] becauseArgs)
[xUnit.net 00:00:04.01]         /workspace/packages/dotnet-api/Tests/Features/SignalR/AgentHubSubmitPromptTests.cs(469,0): at Api.Tests.Features.SignalR.AgentHubSubmitPromptTests.SubmitPrompt_OpencodeProject_NoAnthropicKey_DoesNotThrow()
[xUnit.net 00:00:04.01]         --- End of stack trace from previous location ---
[xUnit.net 00:00:04.05]       Microsoft.AspNetCore.SignalR.HubException : No runtime for this branch
[xUnit.net 00:00:04.05]       Stack Trace:
[xUnit.net 00:00:04.05]         /workspace/packages/dotnet-api/Source/Features/SignalR/Hubs/AgentHub.cs(248,0): at Source.Features.SignalR.Hubs.AgentHub.SubmitPrompt(SubmitPromptPayload payload)
[xUnit.net 00:00:04.06]         /workspace/packages/dotnet-api/Tests/Features/SignalR/AgentHubSubmitPromptTests.cs(384,0): at Api.Tests.Features.SignalR.AgentHubSubmitPromptTests.SubmitPrompt_PriorOpencodeSession_ClaudeProject_DoesNotResumeWithOpencodeUuid()
[xUnit.net 00:00:04.06]         --- End of stack trace from previous location ---
[xUnit.net 00:00:04.10]       Microsoft.AspNetCore.SignalR.HubException : No runtime for this branch
[xUnit.net 00:00:04.10]       Stack Trace:
[xUnit.net 00:00:04.10]         /workspace/packages/dotnet-api/Source/Features/SignalR/Hubs/AgentHub.cs(248,0): at Source.Features.SignalR.Hubs.AgentHub.SubmitPrompt(SubmitPromptPayload payload)
[xUnit.net 00:00:04.10]         /workspace/packages/dotnet-api/Tests/Features/SignalR/AgentHubSubmitPromptTests.cs(173,0): at Api.Tests.Features.SignalR.AgentHubSubmitPromptTests.SubmitPrompt_ExistingConversation_ReusesIt()
[xUnit.net 00:00:04.10]         --- End of stack trace from previous location ---
[xUnit.net 00:00:04.14]       Expected ex.Which.Message "No runtime for this branch" to contain "Anthropic credentials" because claude projects must still be gated on Anthropic credentials.
[xUnit.net 00:00:04.14]       Stack Trace:
[xUnit.net 00:00:04.14]            at FluentAssertions.Execution.LateBoundTestFramework.Throw(String message)
[xUnit.net 00:00:04.14]            at FluentAssertions.Execution.TestFrameworkProvider.Throw(String message)
[xUnit.net 00:00:04.14]            at FluentAssertions.Execution.DefaultAssertionStrategy.HandleFailure(String message)
[xUnit.net 00:00:04.14]            at FluentAssertions.Execution.AssertionScope.FailWith(Func`1 failReasonFunc)
[xUnit.net 00:00:04.14]            at FluentAssertions.Execution.AssertionScope.FailWith(Func`1 failReasonFunc)
[xUnit.net 00:00:04.14]            at FluentAssertions.Execution.AssertionScope.FailWith(String message, Object[] args)
[xUnit.net 00:00:04.14]            at FluentAssertions.Primitives.StringAssertions`1.Contain(String expected, String because, Object[] becauseArgs)
[xUnit.net 00:00:04.14]         /workspace/packages/dotnet-api/Tests/Features/SignalR/AgentHubSubmitPromptTests.cs(496,0): at Api.Tests.Features.SignalR.AgentHubSubmitPromptTests.SubmitPrompt_ClaudeProject_NoAnthropicKey_StillThrows()
[xUnit.net 00:00:04.14]         --- End of stack trace from previous location ---
[xUnit.net 00:00:04.18]       Microsoft.AspNetCore.SignalR.HubException : No runtime for this branch
[xUnit.net 00:00:04.18]       Stack Trace:
[xUnit.net 00:00:04.18]         /workspace/packages/dotnet-api/Source/Features/SignalR/Hubs/AgentHub.cs(248,0): at Source.Features.SignalR.Hubs.AgentHub.SubmitPrompt(SubmitPromptPayload payload)
[xUnit.net 00:00:04.18]         /workspace/packages/dotnet-api/Tests/Features/SignalR/AgentHubSubmitPromptTests.cs(284,0): at Api.Tests.Features.SignalR.AgentHubSubmitPromptTests.SubmitPrompt_ResumesClaudeSessionId_FromMostRecentSucceededSession()
[xUnit.net 00:00:04.18]         --- End of stack trace from previous location ---
[xUnit.net 00:00:04.21]       Microsoft.AspNetCore.SignalR.HubException : No runtime for this branch
[xUnit.net 00:00:04.21]       Stack Trace:
[xUnit.net 00:00:04.21]         /workspace/packages/dotnet-api/Source/Features/SignalR/Hubs/AgentHub.cs(248,0): at Source.Features.SignalR.Hubs.AgentHub.SubmitPrompt(SubmitPromptPayload payload)
[xUnit.net 00:00:04.21]         /workspace/packages/dotnet-api/Tests/Features/SignalR/AgentHubSubmitPromptTests.cs(883,0): at Api.Tests.Features.SignalR.AgentHubSubmitPromptTests.SubmitPrompt_ActiveSessionCanceling_QueuesNewPrompt()
[xUnit.net 00:00:04.21]         --- End of stack trace from previous location ---
[xUnit.net 00:00:04.31]       Microsoft.AspNetCore.SignalR.HubException : No runtime for this branch
[xUnit.net 00:00:04.31]       Stack Trace:
[xUnit.net 00:00:04.31]         /workspace/packages/dotnet-api/Source/Features/SignalR/Hubs/AgentHub.cs(248,0): at Source.Features.SignalR.Hubs.AgentHub.SubmitPrompt(SubmitPromptPayload payload)
[xUnit.net 00:00:04.31]         /workspace/packages/dotnet-api/Tests/Features/SignalR/AgentHubSubmitPromptTests.cs(430,0): at Api.Tests.Features.SignalR.AgentHubSubmitPromptTests.SubmitPrompt_PriorClaudeSession_ClaudeProject_StillResumes()
[xUnit.net 00:00:04.31]         --- End of stack trace from previous location ---
[xUnit.net 00:00:04.35]       Microsoft.AspNetCore.SignalR.HubException : No runtime for this branch
[xUnit.net 00:00:04.35]       Stack Trace:
[xUnit.net 00:00:04.35]         /workspace/packages/dotnet-api/Source/Features/SignalR/Hubs/AgentHub.cs(248,0): at Source.Features.SignalR.Hubs.AgentHub.SubmitPrompt(SubmitPromptPayload payload)
[xUnit.net 00:00:04.35]         /workspace/packages/dotnet-api/Tests/Features/SignalR/AgentHubSubmitPromptTests.cs(617,0): at Api.Tests.Features.SignalR.AgentHubSubmitPromptTests.SubmitPrompt_DispatchesStartTurnToCorrectRuntimeGroup()
[xUnit.net 00:00:04.35]         --- End of stack trace from previous location ---
[xUnit.net 00:00:04.38]       Microsoft.AspNetCore.SignalR.HubException : No runtime for this branch
[xUnit.net 00:00:04.38]       Stack Trace:
[xUnit.net 00:00:04.38]         /workspace/packages/dotnet-api/Source/Features/SignalR/Hubs/AgentHub.cs(248,0): at Source.Features.SignalR.Hubs.AgentHub.SubmitPrompt(SubmitPromptPayload payload)
[xUnit.net 00:00:04.38]         /workspace/packages/dotnet-api/Tests/Features/SignalR/AgentHubSubmitPromptTests.cs(827,0): at Api.Tests.Features.SignalR.AgentHubSubmitPromptTests.SubmitPrompt_ThirdPromptWhileTwoQueued_GetsQueuePositionTwo()
[xUnit.net 00:00:04.38]         --- End of stack trace from previous location ---
[xUnit.net 00:00:04.39]   Finished:    Api.Tests
</StdOut>
    </Output>
    <RunInfos>
      <RunInfo computerName="149097c36171" outcome="Error" timestamp="2026-05-16T22:07:44.6608879+00:00">
        <Text>[xUnit.net 00:00:02.52]     Api.Tests.Features.SignalR.AgentHubSubmitPromptTests.SubmitPrompt_NewConversation_CreatesConversationAndSession [FAIL]</Text>
      </RunInfo>
      <RunInfo computerName="149097c36171" outcome="Error" timestamp="2026-05-16T22:07:44.8496939+00:00">
        <Text>[xUnit.net 00:00:02.71]     Api.Tests.Features.SignalR.AgentHubSubmitPromptTests.SubmitPrompt_PriorTerminalSessions_DoNotBlockDispatch [FAIL]</Text>
      </RunInfo>
      <RunInfo computerName="149097c36171" outcome="Error" timestamp="2026-05-16T22:07:44.9299866+00:00">
        <Text>[xUnit.net 00:00:02.79]     Api.Tests.Features.SignalR.AgentHubSubmitPromptTests.SubmitPrompt_QueuedSession_RaisesSessionEnqueuedEvent [FAIL]</Text>
      </RunInfo>
      <RunInfo computerName="149097c36171" outcome="Error" timestamp="2026-05-16T22:07:45.0603938+00:00">
        <Text>[xUnit.net 00:00:02.92]     Api.Tests.Features.SignalR.AgentHubSubmitPromptTests.SubmitPrompt_NonQueueableNotOnlineState_StillThrows(state: Crashed) [FAIL]</Text>
      </RunInfo>
      <RunInfo computerName="149097c36171" outcome="Error" timestamp="2026-05-16T22:07:45.1239984+00:00">
        <Text>[xUnit.net 00:00:02.98]     Api.Tests.Features.SignalR.AgentHubSubmitPromptTests.SubmitPrompt_NonQueueableNotOnlineState_StillThrows(state: Failed) [FAIL]</Text>
      </RunInfo>
      <RunInfo computerName="149097c36171" outcome="Error" timestamp="2026-05-16T22:07:45.1631869+00:00">
        <Text>[xUnit.net 00:00:03.03]     Api.Tests.Features.SignalR.AgentHubSubmitPromptTests.SubmitPrompt_NonQueueableNotOnlineState_StillThrows(state: Deleting) [FAIL]</Text>
      </RunInfo>
      <RunInfo computerName="149097c36171" outcome="Error" timestamp="2026-05-16T22:07:45.2124171+00:00">
        <Text>[xUnit.net 00:00:03.07]     Api.Tests.Features.SignalR.AgentHubSubmitPromptTests.SubmitPrompt_QueueableNotOnlineState_QueuesInsteadOfThrowing(state: Waking) [FAIL]</Text>
      </RunInfo>
      <RunInfo computerName="149097c36171" outcome="Error" timestamp="2026-05-16T22:07:45.2621747+00:00">
        <Text>[xUnit.net 00:00:03.12]     Api.Tests.Features.SignalR.AgentHubSubmitPromptTests.SubmitPrompt_QueueableNotOnlineState_QueuesInsteadOfThrowing(state: Booting) [FAIL]</Text>
      </RunInfo>
      <RunInfo computerName="149097c36171" outcome="Error" timestamp="2026-05-16T22:07:45.3119043+00:00">
        <Text>[xUnit.net 00:00:03.17]     Api.Tests.Features.SignalR.AgentHubSubmitPromptTests.SubmitPrompt_QueueableNotOnlineState_QueuesInsteadOfThrowing(state: Pending) [FAIL]</Text>
      </RunInfo>
      <RunInfo computerName="149097c36171" outcome="Error" timestamp="2026-05-16T22:07:45.3595959+00:00">
        <Text>[xUnit.net 00:00:03.22]     Api.Tests.Features.SignalR.AgentHubSubmitPromptTests.SubmitPrompt_QueueableNotOnlineState_QueuesInsteadOfThrowing(state: Bootstrapping) [FAIL]</Text>
      </RunInfo>
      <RunInfo computerName="149097c36171" outcome="Error" timestamp="2026-05-16T22:07:45.4381586+00:00">
        <Text>[xUnit.net 00:00:03.30]     Api.Tests.Features.SignalR.AgentHubSubmitPromptTests.SubmitPrompt_QueueableNotOnlineState_QueuesInsteadOfThrowing(state: Suspended) [FAIL]</Text>
      </RunInfo>
      <RunInfo computerName="149097c36171" outcome="Error" timestamp="2026-05-16T22:07:45.4871800+00:00">
        <Text>[xUnit.net 00:00:03.35]     Api.Tests.Features.SignalR.AgentHubSubmitPromptTests.SubmitPrompt_QueueableNotOnlineState_QueuesInsteadOfThrowing(state: Suspending) [FAIL]</Text>
      </RunInfo>
      <RunInfo computerName="149097c36171" outcome="Error" timestamp="2026-05-16T22:07:45.5419933+00:00">
        <Text>[xUnit.net 00:00:03.40]     Api.Tests.Features.SignalR.AgentHubSubmitPromptTests.SubmitPrompt_NoActiveSession_DispatchesImmediately [FAIL]</Text>
      </RunInfo>
      <RunInfo computerName="149097c36171" outcome="Error" timestamp="2026-05-16T22:07:45.5856990+00:00">
        <Text>[xUnit.net 00:00:03.45]     Api.Tests.Features.SignalR.AgentHubSubmitPromptTests.SubmitPrompt_RaisesAgentEventEmittedDomainEvent [FAIL]</Text>
      </RunInfo>
      <RunInfo computerName="149097c36171" outcome="Error" timestamp="2026-05-16T22:07:45.6251889+00:00">
        <Text>[xUnit.net 00:00:03.49]     Api.Tests.Features.SignalR.AgentHubSubmitPromptTests.SubmitPrompt_DispatchedSession_RaisesSessionDispatchedEvent [FAIL]</Text>
      </RunInfo>
      <RunInfo computerName="149097c36171" outcome="Error" timestamp="2026-05-16T22:07:45.7312246+00:00">
        <Text>[xUnit.net 00:00:03.59]     Api.Tests.Features.SignalR.AgentHubSubmitPromptTests.SubmitPrompt_PromptUnder80Chars_TitleIsFullPrompt [FAIL]</Text>
      </RunInfo>
      <RunInfo computerName="149097c36171" outcome="Error" timestamp="2026-05-16T22:07:45.8110204+00:00">
        <Text>[xUnit.net 00:00:03.67]     Api.Tests.Features.SignalR.AgentHubSubmitPromptTests.SubmitPrompt_FirstPromptOnNewConversation_NoClaudeSessionId [FAIL]</Text>
      </RunInfo>
      <RunInfo computerName="149097c36171" outcome="Error" timestamp="2026-05-16T22:07:45.9084211+00:00">
        <Text>[xUnit.net 00:00:03.77]     Api.Tests.Features.SignalR.AgentHubSubmitPromptTests.SubmitPrompt_ActiveSessionRunning_QueuesNewPromptAndSkipsStartTurn [FAIL]</Text>
      </RunInfo>
      <RunInfo computerName="149097c36171" outcome="Error" timestamp="2026-05-16T22:07:45.9449148+00:00">
        <Text>[xUnit.net 00:00:03.81]     Api.Tests.Features.SignalR.AgentHubSubmitPromptTests.SubmitPrompt_LongPrompt_TitleTruncated [FAIL]</Text>
      </RunInfo>
      <RunInfo computerName="149097c36171" outcome="Error" timestamp="2026-05-16T22:07:45.9852997+00:00">
        <Text>[xUnit.net 00:00:03.85]     Api.Tests.Features.SignalR.AgentHubSubmitPromptTests.SubmitPrompt_NoPriorSucceededSession_ClaudeSessionIdIsNull [FAIL]</Text>
      </RunInfo>
      <RunInfo computerName="149097c36171" outcome="Error" timestamp="2026-05-16T22:07:46.1455566+00:00">
        <Text>[xUnit.net 00:00:04.01]     Api.Tests.Features.SignalR.AgentHubSubmitPromptTests.SubmitPrompt_OpencodeProject_NoAnthropicKey_DoesNotThrow [FAIL]</Text>
      </RunInfo>
      <RunInfo computerName="149097c36171" outcome="Error" timestamp="2026-05-16T22:07:46.1920132+00:00">
        <Text>[xUnit.net 00:00:04.05]     Api.Tests.Features.SignalR.AgentHubSubmitPromptTests.SubmitPrompt_PriorOpencodeSession_ClaudeProject_DoesNotResumeWithOpencodeUuid [FAIL]</Text>
      </RunInfo>
      <RunInfo computerName="149097c36171" outcome="Error" timestamp="2026-05-16T22:07:46.2340033+00:00">
        <Text>[xUnit.net 00:00:04.10]     Api.Tests.Features.SignalR.AgentHubSubmitPromptTests.SubmitPrompt_ExistingConversation_ReusesIt [FAIL]</Text>
      </RunInfo>
      <RunInfo computerName="149097c36171" outcome="Error" timestamp="2026-05-16T22:07:46.2734718+00:00">
        <Text>[xUnit.net 00:00:04.14]     Api.Tests.Features.SignalR.AgentHubSubmitPromptTests.SubmitPrompt_ClaudeProject_NoAnthropicKey_StillThrows [FAIL]</Text>
      </RunInfo>
      <RunInfo computerName="149097c36171" outcome="Error" timestamp="2026-05-16T22:07:46.3131165+00:00">
        <Text>[xUnit.net 00:00:04.18]     Api.Tests.Features.SignalR.AgentHubSubmitPromptTests.SubmitPrompt_ResumesClaudeSessionId_FromMostRecentSucceededSession [FAIL]</Text>
      </RunInfo>
      <RunInfo computerName="149097c36171" outcome="Error" timestamp="2026-05-16T22:07:46.3504031+00:00">
        <Text>[xUnit.net 00:00:04.21]     Api.Tests.Features.SignalR.AgentHubSubmitPromptTests.SubmitPrompt_ActiveSessionCanceling_QueuesNewPrompt [FAIL]</Text>
      </RunInfo>
      <RunInfo computerName="149097c36171" outcome="Error" timestamp="2026-05-16T22:07:46.4497345+00:00">
        <Text>[xUnit.net 00:00:04.31]     Api.Tests.Features.SignalR.AgentHubSubmitPromptTests.SubmitPrompt_PriorClaudeSession_ClaudeProject_StillResumes [FAIL]</Text>
      </RunInfo>
      <RunInfo computerName="149097c36171" outcome="Error" timestamp="2026-05-16T22:07:46.4848273+00:00">
        <Text>[xUnit.net 00:00:04.35]     Api.Tests.Features.SignalR.AgentHubSubmitPromptTests.SubmitPrompt_DispatchesStartTurnToCorrectRuntimeGroup [FAIL]</Text>
      </RunInfo>
      <RunInfo computerName="149097c36171" outcome="Error" timestamp="2026-05-16T22:07:46.5176110+00:00">
        <Text>[xUnit.net 00:00:04.38]     Api.Tests.Features.SignalR.AgentHubSubmitPromptTests.SubmitPrompt_ThirdPromptWhileTwoQueued_GetsQueuePositionTwo [FAIL]</Text>
      </RunInfo>
    </RunInfos>
  </ResultSummary>
</TestRun>